2018.03.05 16:44:27.313 GMT+08:00 INFO: *** SYSTEM START ***
2018.03.05 16:44:27.678 GMT+08:00 WARNING: [Local Folder Repository] The specified file must be a directory. (F:\eclipse_64\workspace\serverProject\plugins\edu.stanford.smi.protegex.owl) -- LocalFolderRepository.update()
2018.03.05 16:44:28.871 GMT+08:00 INFO: Loading triples for: file:/C:/ontologyOWL/sumoOWL2/sumo_phone3.owl -- ProtegeOWLParser.loadTriples()
2018.03.05 16:44:29.345 GMT+08:00 INFO:     Loaded 10000 triples 253 -- ProtegeOWLParser$ProtegeOWLStatementHandler.printTriplesLoadLogMessage()
2018.03.05 16:44:29.563 GMT+08:00 INFO:     Loaded 20000 triples 224 -- ProtegeOWLParser$ProtegeOWLStatementHandler.printTriplesLoadLogMessage()
2018.03.05 16:44:29.724 GMT+08:00 INFO:     Loaded 30000 triples 259 -- ProtegeOWLParser$ProtegeOWLStatementHandler.printTriplesLoadLogMessage()
2018.03.05 16:44:29.796 GMT+08:00 INFO:     Completed triple loading after 922 ms -- ProtegeOWLParser.loadTriples()
2018.03.05 16:44:29.797 GMT+08:00 INFO: Importing http://www.owl-ontologies.com/MyCamera.owl from location: C:\ontologyOWL\AllOwlFile\DxfCamera\camera.owl -- AbstractOWLModel.loadImportedAssertions()
2018.03.05 16:44:29.832 GMT+08:00 INFO: Loading triples for: http://www.owl-ontologies.com/MyCamera.owl -- ProtegeOWLParser.loadTriples()
2018.03.05 16:44:29.963 GMT+08:00 INFO:     Completed triple loading after 131 ms -- ProtegeOWLParser.loadTriples()
2018.03.05 16:44:29.963 GMT+08:00 INFO: Importing http://sqwrl.stanford.edu/ontologies/built-ins/3.4/sqwrl.owl from location: http://sqwrl.stanford.edu/ontologies/built-ins/3.4/sqwrl.owl -- AbstractOWLModel.loadImportedAssertions()
2018.03.05 16:44:30.913 GMT+08:00 INFO: Loading triples for: http://sqwrl.stanford.edu/ontologies/built-ins/3.4/sqwrl.owl -- ProtegeOWLParser.loadTriples()
2018.03.05 16:44:30.920 GMT+08:00 INFO:     Completed triple loading after 6 ms -- ProtegeOWLParser.loadTriples()
2018.03.05 16:44:30.925 GMT+08:00 INFO: Importing http://swrl.stanford.edu/ontologies/3.3/swrla.owl from location: http://swrl.stanford.edu/ontologies/3.3/swrla.owl -- AbstractOWLModel.loadImportedAssertions()
2018.03.05 16:44:31.923 GMT+08:00 INFO: Loading triples for: http://swrl.stanford.edu/ontologies/3.3/swrla.owl -- ProtegeOWLParser.loadTriples()
2018.03.05 16:44:31.971 GMT+08:00 INFO:     Completed triple loading after 47 ms -- ProtegeOWLParser.loadTriples()
2018.03.05 16:44:31.972 GMT+08:00 INFO: Importing http://www.owl-ontologies.com/Ontology1291624979.owl from location: C:\ontologyOWL\AllOwlFile\zhaoOWL\ColorAndLight.owl -- AbstractOWLModel.loadImportedAssertions()
2018.03.05 16:44:31.974 GMT+08:00 INFO: Loading triples for: http://www.owl-ontologies.com/Ontology1291624979.owl -- ProtegeOWLParser.loadTriples()
2018.03.05 16:44:32.057 GMT+08:00 INFO:     Completed triple loading after 82 ms -- ProtegeOWLParser.loadTriples()
2018.03.05 16:44:32.057 GMT+08:00 INFO: Importing http://www.owl-ontologies.com/Ontology1496659417.owl from location: C:\ontologyOWL\AllOwlFile\InterAction\Interaction.owl -- AbstractOWLModel.loadImportedAssertions()
2018.03.05 16:44:32.072 GMT+08:00 INFO: Loading triples for: http://www.owl-ontologies.com/Ontology1496659417.owl -- ProtegeOWLParser.loadTriples()
2018.03.05 16:44:32.083 GMT+08:00 INFO:     Completed triple loading after 9 ms -- ProtegeOWLParser.loadTriples()
2018.03.05 16:44:32.084 GMT+08:00 INFO: Importing http://www.owl-ontologies.com/OntologyActionFogExpression.owl from location: C:\ontologyOWL\AllOwlFile\JialiOWL\ActionPart.owl -- AbstractOWLModel.loadImportedAssertions()
2018.03.05 16:44:32.085 GMT+08:00 INFO: Loading triples for: http://www.owl-ontologies.com/OntologyActionFogExpression.owl -- ProtegeOWLParser.loadTriples()
2018.03.05 16:44:32.122 GMT+08:00 INFO:     Completed triple loading after 36 ms -- ProtegeOWLParser.loadTriples()
2018.03.05 16:44:32.122 GMT+08:00 INFO: Importing http://www.owl-ontologies.com/OntologyEffect.owl from location: C:\ontologyOWL\AllOwlFile\LHH_Wind\Effect.owl -- AbstractOWLModel.loadImportedAssertions()
2018.03.05 16:44:32.124 GMT+08:00 INFO: Loading triples for: http://www.owl-ontologies.com/OntologyEffect.owl -- ProtegeOWLParser.loadTriples()
2018.03.05 16:44:32.153 GMT+08:00 INFO:     Completed triple loading after 29 ms -- ProtegeOWLParser.loadTriples()
2018.03.05 16:44:32.153 GMT+08:00 INFO: Importing http://www.owl-ontologies.com/Ontology1488534407.owl from location: C:\ontologyOWL\AllOwlFile\FireworkOWL\FireworkOWL.owl -- AbstractOWLModel.loadImportedAssertions()
2018.03.05 16:44:32.156 GMT+08:00 INFO: Loading triples for: http://www.owl-ontologies.com/Ontology1488534407.owl -- ProtegeOWLParser.loadTriples()
2018.03.05 16:44:32.166 GMT+08:00 INFO:     Completed triple loading after 9 ms -- ProtegeOWLParser.loadTriples()
2018.03.05 16:44:32.166 GMT+08:00 INFO: Importing http://www.owl-ontologies.com/Ontology1448934359.owl from location: C:\ontologyOWL\AllOwlFile\Event\Event.owl -- AbstractOWLModel.loadImportedAssertions()
2018.03.05 16:44:32.168 GMT+08:00 INFO: Loading triples for: http://www.owl-ontologies.com/Ontology1448934359.owl -- ProtegeOWLParser.loadTriples()
2018.03.05 16:44:32.182 GMT+08:00 INFO:     Completed triple loading after 14 ms -- ProtegeOWLParser.loadTriples()
2018.03.05 16:44:32.182 GMT+08:00 INFO: Importing http://www.ontologyportal.org/translations/SUMO.owl.txt from location: C:\ontologyOWL\AllOwlFile\sumoOWL2\imports\sumo120.owl -- AbstractOWLModel.loadImportedAssertions()
2018.03.05 16:44:32.184 GMT+08:00 INFO: Loading triples for: http://www.ontologyportal.org/translations/SUMO.owl.txt -- ProtegeOWLParser.loadTriples()
2018.03.05 16:44:32.236 GMT+08:00 INFO:     Completed triple loading after 52 ms -- ProtegeOWLParser.loadTriples()
2018.03.05 16:44:32.236 GMT+08:00 INFO: Importing http://www.owl-ontologies.com/Ontology1457533409.owl from location: C:\ontologyOWL\AllOwlFile\HLLight\TheNewLight.owl -- AbstractOWLModel.loadImportedAssertions()
2018.03.05 16:44:32.237 GMT+08:00 INFO: Loading triples for: http://www.owl-ontologies.com/Ontology1457533409.owl -- ProtegeOWLParser.loadTriples()
2018.03.05 16:44:32.254 GMT+08:00 INFO:     Completed triple loading after 16 ms -- ProtegeOWLParser.loadTriples()
2018.03.05 16:44:32.255 GMT+08:00 INFO: Importing http://www.owl-ontologies.com/Ontology1491747683.owl from location: C:\ontologyOWL\AllOwlFile\MakeBoats\MakeBoats.owl -- AbstractOWLModel.loadImportedAssertions()
2018.03.05 16:44:32.256 GMT+08:00 INFO: Loading triples for: http://www.owl-ontologies.com/Ontology1491747683.owl -- ProtegeOWLParser.loadTriples()
2018.03.05 16:44:32.259 GMT+08:00 INFO:     Completed triple loading after 3 ms -- ProtegeOWLParser.loadTriples()
2018.03.05 16:44:32.260 GMT+08:00 INFO: Importing http://www.owl-ontologies.com/Ontology1492410615.owl from location: C:\ontologyOWL\AllOwlFile\createFire\newfire.owl -- AbstractOWLModel.loadImportedAssertions()
2018.03.05 16:44:32.266 GMT+08:00 INFO: Loading triples for: http://www.owl-ontologies.com/Ontology1492410615.owl -- ProtegeOWLParser.loadTriples()
2018.03.05 16:44:32.270 GMT+08:00 INFO:     Completed triple loading after 3 ms -- ProtegeOWLParser.loadTriples()
2018.03.05 16:44:32.270 GMT+08:00 INFO: Importing http://www.owl-ontologies.com/Ontologyzhen.owl from location: C:\ontologyOWL\AllOwlFile\zhenOWL\zhen.owl -- AbstractOWLModel.loadImportedAssertions()
2018.03.05 16:44:32.272 GMT+08:00 INFO: Loading triples for: http://www.owl-ontologies.com/Ontologyzhen.owl -- ProtegeOWLParser.loadTriples()
2018.03.05 16:44:32.607 GMT+08:00 INFO:     Loaded 10000 triples 163 -- ProtegeOWLParser$ProtegeOWLStatementHandler.printTriplesLoadLogMessage()
2018.03.05 16:44:32.642 GMT+08:00 INFO:     Completed triple loading after 370 ms -- ProtegeOWLParser.loadTriples()
2018.03.05 16:44:32.642 GMT+08:00 INFO: Importing http://www.owl-ontologies.com/Ontology1357699817.owl from location: C:\ontologyOWL\AllOwlFile\Layout\sumo_phone3.owl -- AbstractOWLModel.loadImportedAssertions()
2018.03.05 16:44:32.644 GMT+08:00 INFO: Loading triples for: http://www.owl-ontologies.com/Ontology1357699817.owl -- ProtegeOWLParser.loadTriples()
2018.03.05 16:44:32.703 GMT+08:00 INFO:     Completed triple loading after 59 ms -- ProtegeOWLParser.loadTriples()
2018.03.05 16:44:32.707 GMT+08:00 INFO: Postprocess: Process entities with incorrect Java type (56 entities) ...  -- TriplePostProcessor.processFramesWithWrongJavaType()
2018.03.05 16:44:32.711 GMT+08:00 INFO: 4 ms
 -- TriplePostProcessor.processFramesWithWrongJavaType()
2018.03.05 16:44:32.711 GMT+08:00 INFO: Postprocess: Process metaclasses (3 metaclasses) ...  -- TriplePostProcessor.processMetaclasses()
2018.03.05 16:44:32.712 GMT+08:00 INFO: 0 ms
 -- TriplePostProcessor.processMetaclasses()
2018.03.05 16:44:32.712 GMT+08:00 INFO: Postprocess: Process subclasses of rdf:List (1 classes) ...  -- TriplePostProcessor.processSubclassesOfRdfList()
2018.03.05 16:44:32.712 GMT+08:00 INFO: 0 ms
 -- TriplePostProcessor.processSubclassesOfRdfList()
2018.03.05 16:44:32.713 GMT+08:00 INFO: Postprocess: Instances with multiple types (886 instances) ...  -- TriplePostProcessor.processInstancesWithMultipleTypes()
2018.03.05 16:44:32.728 GMT+08:00 INFO: 15 ms
 -- TriplePostProcessor.processInstancesWithMultipleTypes()
2018.03.05 16:44:32.732 GMT+08:00 INFO: Postprocess: Add inferred superclasses ...  -- TriplePostProcessor.processInferredSuperclasses()
2018.03.05 16:44:32.770 GMT+08:00 INFO: 38 ms
 -- TriplePostProcessor.processInferredSuperclasses()
2018.03.05 16:44:32.775 GMT+08:00 INFO: Postprocess: Process orphan classes (2376 classes) ...  -- TriplePostProcessor.processOrphanClses()
2018.03.05 16:44:32.786 GMT+08:00 INFO: 11 ms
 -- TriplePostProcessor.processOrphanClses()
2018.03.05 16:44:32.786 GMT+08:00 INFO: Postprocess: Generalized Concept Inclusion (0 axioms) ...  -- TriplePostProcessor.processGeneralizedConceptInclusions()
2018.03.05 16:44:32.786 GMT+08:00 INFO: 0 ms
 -- TriplePostProcessor.processGeneralizedConceptInclusions()
2018.03.05 16:44:32.786 GMT+08:00 INFO: Postprocess: Abstract classes...  -- TriplePostProcessor.processAbstractClasses()
2018.03.05 16:44:32.786 GMT+08:00 INFO: 0 ms
 -- TriplePostProcessor.processAbstractClasses()
2018.03.05 16:44:32.787 GMT+08:00 INFO: Postprocess: Domain and range of properties...  -- TriplePostProcessor.processDomainAndRange()
2018.03.05 16:44:32.814 GMT+08:00 INFO: 27 ms
 -- TriplePostProcessor.processDomainAndRange()
2018.03.05 16:44:32.815 GMT+08:00 INFO: Postprocess: Possibly typed entities (15 resources) ...  -- TriplePostProcessor.processPossiblyTypedResources()
2018.03.05 16:44:32.815 GMT+08:00 INFO: 0 ms
 -- TriplePostProcessor.processPossiblyTypedResources()
2018.03.05 16:44:32.816 GMT+08:00 INFO: Updating underlying frames model in 1 ms -- ProtegeOWLParser.doFinalPostProcessing()
2018.03.05 16:44:33.426 GMT+08:00 INFO: Rule engine 'SWRLJessBridge' registered with the SWRLTab bridge. -- BridgeFactory.registerBridge()
2018.03.05 16:44:35.566 GMT+08:00 INFO: Saving import http://www.owl-ontologies.com/MyCamera.owl to C:\ontologyOWL\AllOwlFile\DxfCamera\camera.owl -- Protege2Jena.saveAll()
2018.03.05 16:44:35.664 GMT+08:00 INFO: Saving import http://www.owl-ontologies.com/Ontology1291624979.owl to C:\ontologyOWL\AllOwlFile\zhaoOWL\ColorAndLight.owl -- Protege2Jena.saveAll()
2018.03.05 16:44:35.766 GMT+08:00 INFO: Saving import http://www.owl-ontologies.com/Ontology1496659417.owl to C:\ontologyOWL\AllOwlFile\InterAction\Interaction.owl -- Protege2Jena.saveAll()
2018.03.05 16:44:35.779 GMT+08:00 INFO: Saving import http://www.owl-ontologies.com/OntologyActionFogExpression.owl to C:\ontologyOWL\AllOwlFile\JialiOWL\ActionPart.owl -- Protege2Jena.saveAll()
2018.03.05 16:44:35.825 GMT+08:00 INFO: Saving import http://www.owl-ontologies.com/OntologyEffect.owl to C:\ontologyOWL\AllOwlFile\LHH_Wind\Effect.owl -- Protege2Jena.saveAll()
2018.03.05 16:44:35.870 GMT+08:00 INFO: Saving import http://www.owl-ontologies.com/Ontology1488534407.owl to C:\ontologyOWL\AllOwlFile\FireworkOWL\FireworkOWL.owl -- Protege2Jena.saveAll()
2018.03.05 16:44:35.881 GMT+08:00 INFO: Saving import http://www.owl-ontologies.com/Ontology1448934359.owl to C:\ontologyOWL\AllOwlFile\Event\Event.owl -- Protege2Jena.saveAll()
2018.03.05 16:44:35.904 GMT+08:00 INFO: Saving import http://www.owl-ontologies.com/Ontology1457533409.owl to C:\ontologyOWL\AllOwlFile\HLLight\TheNewLight.owl -- Protege2Jena.saveAll()
2018.03.05 16:44:35.922 GMT+08:00 INFO: Saving import http://www.owl-ontologies.com/Ontology1491747683.owl to C:\ontologyOWL\AllOwlFile\MakeBoats\MakeBoats.owl -- Protege2Jena.saveAll()
2018.03.05 16:44:35.927 GMT+08:00 INFO: Saving import http://www.owl-ontologies.com/Ontology1492410615.owl to C:\ontologyOWL\AllOwlFile\createFire\newfire.owl -- Protege2Jena.saveAll()
2018.03.05 16:44:35.929 GMT+08:00 INFO: Saving import http://www.owl-ontologies.com/Ontologyzhen.owl to C:\ontologyOWL\AllOwlFile\zhenOWL\zhen.owl -- Protege2Jena.saveAll()
2018.03.05 16:44:36.260 GMT+08:00 INFO: Saving import http://www.owl-ontologies.com/Ontology1357699817.owl to C:\ontologyOWL\AllOwlFile\Layout\sumo_phone3.owl -- Protege2Jena.saveAll()
2018.03.05 16:44:36.718 GMT+08:00 INFO: ... saving successful to: C:\ontologyOWL\AllOwlFile\sumoOWL2\sumo_phone3.owl -- Protege2Jena.saveAll()
2018.03.05 16:44:36.767 GMT+08:00 WARNING: [Local Folder Repository] The specified file must be a directory. (F:\eclipse_64\workspace\serverProject\plugins\edu.stanford.smi.protegex.owl) -- LocalFolderRepository.update()
2018.03.05 16:44:37.720 GMT+08:00 INFO: Loading triples for: file:/C:/ontologyOWL/AllOwlFile/sumoOWL2/sumo_phone3.owl -- ProtegeOWLParser.loadTriples()
2018.03.05 16:44:37.867 GMT+08:00 INFO:     Loaded 10000 triples 253 -- ProtegeOWLParser$ProtegeOWLStatementHandler.printTriplesLoadLogMessage()
2018.03.05 16:44:37.984 GMT+08:00 INFO:     Loaded 20000 triples 224 -- ProtegeOWLParser$ProtegeOWLStatementHandler.printTriplesLoadLogMessage()
2018.03.05 16:44:38.078 GMT+08:00 INFO:     Loaded 30000 triples 259 -- ProtegeOWLParser$ProtegeOWLStatementHandler.printTriplesLoadLogMessage()
2018.03.05 16:44:38.136 GMT+08:00 INFO:     Completed triple loading after 415 ms -- ProtegeOWLParser.loadTriples()
2018.03.05 16:44:38.137 GMT+08:00 INFO: Importing http://www.owl-ontologies.com/MyCamera.owl from location: C:\ontologyOWL\AllOwlFile\DxfCamera\camera.owl -- AbstractOWLModel.loadImportedAssertions()
2018.03.05 16:44:38.140 GMT+08:00 INFO: Loading triples for: http://www.owl-ontologies.com/MyCamera.owl -- ProtegeOWLParser.loadTriples()
2018.03.05 16:44:38.188 GMT+08:00 INFO:     Completed triple loading after 48 ms -- ProtegeOWLParser.loadTriples()
2018.03.05 16:44:38.188 GMT+08:00 INFO: Importing http://sqwrl.stanford.edu/ontologies/built-ins/3.4/sqwrl.owl from location: http://sqwrl.stanford.edu/ontologies/built-ins/3.4/sqwrl.owl -- AbstractOWLModel.loadImportedAssertions()
2018.03.05 16:44:39.200 GMT+08:00 INFO: Loading triples for: http://sqwrl.stanford.edu/ontologies/built-ins/3.4/sqwrl.owl -- ProtegeOWLParser.loadTriples()
2018.03.05 16:44:39.203 GMT+08:00 INFO:     Completed triple loading after 2 ms -- ProtegeOWLParser.loadTriples()
2018.03.05 16:44:39.203 GMT+08:00 INFO: Importing http://swrl.stanford.edu/ontologies/3.3/swrla.owl from location: http://swrl.stanford.edu/ontologies/3.3/swrla.owl -- AbstractOWLModel.loadImportedAssertions()
2018.03.05 16:44:40.170 GMT+08:00 INFO: Loading triples for: http://swrl.stanford.edu/ontologies/3.3/swrla.owl -- ProtegeOWLParser.loadTriples()
2018.03.05 16:44:40.181 GMT+08:00 INFO:     Completed triple loading after 10 ms -- ProtegeOWLParser.loadTriples()
2018.03.05 16:44:40.182 GMT+08:00 INFO: Importing http://www.owl-ontologies.com/Ontology1291624979.owl from location: C:\ontologyOWL\AllOwlFile\zhaoOWL\ColorAndLight.owl -- AbstractOWLModel.loadImportedAssertions()
2018.03.05 16:44:40.187 GMT+08:00 INFO: Loading triples for: http://www.owl-ontologies.com/Ontology1291624979.owl -- ProtegeOWLParser.loadTriples()
2018.03.05 16:44:40.274 GMT+08:00 INFO:     Completed triple loading after 87 ms -- ProtegeOWLParser.loadTriples()
2018.03.05 16:44:40.274 GMT+08:00 INFO: Importing http://www.owl-ontologies.com/Ontology1496659417.owl from location: C:\ontologyOWL\AllOwlFile\InterAction\Interaction.owl -- AbstractOWLModel.loadImportedAssertions()
2018.03.05 16:44:40.275 GMT+08:00 INFO: Loading triples for: http://www.owl-ontologies.com/Ontology1496659417.owl -- ProtegeOWLParser.loadTriples()
2018.03.05 16:44:40.284 GMT+08:00 INFO:     Completed triple loading after 8 ms -- ProtegeOWLParser.loadTriples()
2018.03.05 16:44:40.285 GMT+08:00 INFO: Importing http://www.owl-ontologies.com/OntologyActionFogExpression.owl from location: C:\ontologyOWL\AllOwlFile\JialiOWL\ActionPart.owl -- AbstractOWLModel.loadImportedAssertions()
2018.03.05 16:44:40.289 GMT+08:00 INFO: Loading triples for: http://www.owl-ontologies.com/OntologyActionFogExpression.owl -- ProtegeOWLParser.loadTriples()
2018.03.05 16:44:40.316 GMT+08:00 INFO:     Completed triple loading after 26 ms -- ProtegeOWLParser.loadTriples()
2018.03.05 16:44:40.316 GMT+08:00 INFO: Importing http://www.owl-ontologies.com/OntologyEffect.owl from location: C:\ontologyOWL\AllOwlFile\LHH_Wind\Effect.owl -- AbstractOWLModel.loadImportedAssertions()
2018.03.05 16:44:40.317 GMT+08:00 INFO: Loading triples for: http://www.owl-ontologies.com/OntologyEffect.owl -- ProtegeOWLParser.loadTriples()
2018.03.05 16:44:40.347 GMT+08:00 INFO:     Completed triple loading after 30 ms -- ProtegeOWLParser.loadTriples()
2018.03.05 16:44:40.347 GMT+08:00 INFO: Importing http://www.owl-ontologies.com/Ontology1488534407.owl from location: C:\ontologyOWL\AllOwlFile\FireworkOWL\FireworkOWL.owl -- AbstractOWLModel.loadImportedAssertions()
2018.03.05 16:44:40.348 GMT+08:00 INFO: Loading triples for: http://www.owl-ontologies.com/Ontology1488534407.owl -- ProtegeOWLParser.loadTriples()
2018.03.05 16:44:40.353 GMT+08:00 INFO:     Completed triple loading after 4 ms -- ProtegeOWLParser.loadTriples()
2018.03.05 16:44:40.354 GMT+08:00 INFO: Importing http://www.owl-ontologies.com/Ontology1448934359.owl from location: C:\ontologyOWL\AllOwlFile\Event\Event.owl -- AbstractOWLModel.loadImportedAssertions()
2018.03.05 16:44:40.355 GMT+08:00 INFO: Loading triples for: http://www.owl-ontologies.com/Ontology1448934359.owl -- ProtegeOWLParser.loadTriples()
2018.03.05 16:44:40.368 GMT+08:00 INFO:     Completed triple loading after 13 ms -- ProtegeOWLParser.loadTriples()
2018.03.05 16:44:40.369 GMT+08:00 INFO: Importing http://www.ontologyportal.org/translations/SUMO.owl.txt from location: C:\ontologyOWL\AllOwlFile\sumoOWL2\imports\sumo120.owl -- AbstractOWLModel.loadImportedAssertions()
2018.03.05 16:44:40.376 GMT+08:00 INFO: Loading triples for: http://www.ontologyportal.org/translations/SUMO.owl.txt -- ProtegeOWLParser.loadTriples()
2018.03.05 16:44:40.419 GMT+08:00 INFO:     Completed triple loading after 42 ms -- ProtegeOWLParser.loadTriples()
2018.03.05 16:44:40.420 GMT+08:00 INFO: Importing http://www.owl-ontologies.com/Ontology1457533409.owl from location: C:\ontologyOWL\AllOwlFile\HLLight\TheNewLight.owl -- AbstractOWLModel.loadImportedAssertions()
2018.03.05 16:44:40.422 GMT+08:00 INFO: Loading triples for: http://www.owl-ontologies.com/Ontology1457533409.owl -- ProtegeOWLParser.loadTriples()
2018.03.05 16:44:40.431 GMT+08:00 INFO:     Completed triple loading after 8 ms -- ProtegeOWLParser.loadTriples()
2018.03.05 16:44:40.431 GMT+08:00 INFO: Importing http://www.owl-ontologies.com/Ontology1491747683.owl from location: C:\ontologyOWL\AllOwlFile\MakeBoats\MakeBoats.owl -- AbstractOWLModel.loadImportedAssertions()
2018.03.05 16:44:40.436 GMT+08:00 INFO: Loading triples for: http://www.owl-ontologies.com/Ontology1491747683.owl -- ProtegeOWLParser.loadTriples()
2018.03.05 16:44:40.439 GMT+08:00 INFO:     Completed triple loading after 2 ms -- ProtegeOWLParser.loadTriples()
2018.03.05 16:44:40.439 GMT+08:00 INFO: Importing http://www.owl-ontologies.com/Ontology1492410615.owl from location: C:\ontologyOWL\AllOwlFile\createFire\newfire.owl -- AbstractOWLModel.loadImportedAssertions()
2018.03.05 16:44:40.443 GMT+08:00 INFO: Loading triples for: http://www.owl-ontologies.com/Ontology1492410615.owl -- ProtegeOWLParser.loadTriples()
2018.03.05 16:44:40.444 GMT+08:00 INFO:     Completed triple loading after 1 ms -- ProtegeOWLParser.loadTriples()
2018.03.05 16:44:40.444 GMT+08:00 INFO: Importing http://www.owl-ontologies.com/Ontologyzhen.owl from location: C:\ontologyOWL\AllOwlFile\zhenOWL\zhen.owl -- AbstractOWLModel.loadImportedAssertions()
2018.03.05 16:44:40.446 GMT+08:00 INFO: Loading triples for: http://www.owl-ontologies.com/Ontologyzhen.owl -- ProtegeOWLParser.loadTriples()
2018.03.05 16:44:40.963 GMT+08:00 INFO:     Loaded 10000 triples 171 -- ProtegeOWLParser$ProtegeOWLStatementHandler.printTriplesLoadLogMessage()
2018.03.05 16:44:40.994 GMT+08:00 INFO:     Completed triple loading after 543 ms -- ProtegeOWLParser.loadTriples()
2018.03.05 16:44:40.994 GMT+08:00 INFO: Importing http://www.owl-ontologies.com/Ontology1357699817.owl from location: C:\ontologyOWL\AllOwlFile\Layout\sumo_phone3.owl -- AbstractOWLModel.loadImportedAssertions()
2018.03.05 16:44:41.009 GMT+08:00 INFO: Loading triples for: http://www.owl-ontologies.com/Ontology1357699817.owl -- ProtegeOWLParser.loadTriples()
2018.03.05 16:44:41.056 GMT+08:00 INFO:     Completed triple loading after 47 ms -- ProtegeOWLParser.loadTriples()
2018.03.05 16:44:41.056 GMT+08:00 INFO: Postprocess: Process entities with incorrect Java type (56 entities) ...  -- TriplePostProcessor.processFramesWithWrongJavaType()
2018.03.05 16:44:41.056 GMT+08:00 INFO: 0 ms
 -- TriplePostProcessor.processFramesWithWrongJavaType()
2018.03.05 16:44:41.056 GMT+08:00 INFO: Postprocess: Process metaclasses (3 metaclasses) ...  -- TriplePostProcessor.processMetaclasses()
2018.03.05 16:44:41.056 GMT+08:00 INFO: 0 ms
 -- TriplePostProcessor.processMetaclasses()
2018.03.05 16:44:41.056 GMT+08:00 INFO: Postprocess: Process subclasses of rdf:List (1 classes) ...  -- TriplePostProcessor.processSubclassesOfRdfList()
2018.03.05 16:44:41.056 GMT+08:00 INFO: 0 ms
 -- TriplePostProcessor.processSubclassesOfRdfList()
2018.03.05 16:44:41.056 GMT+08:00 INFO: Postprocess: Instances with multiple types (886 instances) ...  -- TriplePostProcessor.processInstancesWithMultipleTypes()
2018.03.05 16:44:41.072 GMT+08:00 INFO: 16 ms
 -- TriplePostProcessor.processInstancesWithMultipleTypes()
2018.03.05 16:44:41.072 GMT+08:00 INFO: Postprocess: Add inferred superclasses ...  -- TriplePostProcessor.processInferredSuperclasses()
2018.03.05 16:44:41.087 GMT+08:00 INFO: 15 ms
 -- TriplePostProcessor.processInferredSuperclasses()
2018.03.05 16:44:41.087 GMT+08:00 INFO: Postprocess: Process orphan classes (2376 classes) ...  -- TriplePostProcessor.processOrphanClses()
2018.03.05 16:44:41.087 GMT+08:00 INFO: 0 ms
 -- TriplePostProcessor.processOrphanClses()
2018.03.05 16:44:41.087 GMT+08:00 INFO: Postprocess: Generalized Concept Inclusion (0 axioms) ...  -- TriplePostProcessor.processGeneralizedConceptInclusions()
2018.03.05 16:44:41.087 GMT+08:00 INFO: 0 ms
 -- TriplePostProcessor.processGeneralizedConceptInclusions()
2018.03.05 16:44:41.087 GMT+08:00 INFO: Postprocess: Abstract classes...  -- TriplePostProcessor.processAbstractClasses()
2018.03.05 16:44:41.087 GMT+08:00 INFO: 0 ms
 -- TriplePostProcessor.processAbstractClasses()
2018.03.05 16:44:41.087 GMT+08:00 INFO: Postprocess: Domain and range of properties...  -- TriplePostProcessor.processDomainAndRange()
2018.03.05 16:44:41.119 GMT+08:00 INFO: 32 ms
 -- TriplePostProcessor.processDomainAndRange()
2018.03.05 16:44:41.119 GMT+08:00 INFO: Postprocess: Possibly typed entities (15 resources) ...  -- TriplePostProcessor.processPossiblyTypedResources()
2018.03.05 16:44:41.119 GMT+08:00 INFO: 0 ms
 -- TriplePostProcessor.processPossiblyTypedResources()
2018.03.05 16:44:41.119 GMT+08:00 INFO: Updating underlying frames model in 0 ms -- ProtegeOWLParser.doFinalPostProcessing()
2018.03.05 16:44:42.119 GMT+08:00 INFO: Saving import http://www.owl-ontologies.com/MyCamera.owl to C:\ontologyOWL\AllOwlFile\DxfCamera\camera.owl -- Protege2Jena.saveAll()
2018.03.05 16:44:42.183 GMT+08:00 INFO: Saving import http://www.owl-ontologies.com/Ontology1291624979.owl to C:\ontologyOWL\AllOwlFile\zhaoOWL\ColorAndLight.owl -- Protege2Jena.saveAll()
2018.03.05 16:44:42.246 GMT+08:00 INFO: Saving import http://www.owl-ontologies.com/Ontology1496659417.owl to C:\ontologyOWL\AllOwlFile\InterAction\Interaction.owl -- Protege2Jena.saveAll()
2018.03.05 16:44:42.261 GMT+08:00 INFO: Saving import http://www.owl-ontologies.com/OntologyActionFogExpression.owl to C:\ontologyOWL\AllOwlFile\JialiOWL\ActionPart.owl -- Protege2Jena.saveAll()
2018.03.05 16:44:42.293 GMT+08:00 INFO: Saving import http://www.owl-ontologies.com/OntologyEffect.owl to C:\ontologyOWL\AllOwlFile\LHH_Wind\Effect.owl -- Protege2Jena.saveAll()
2018.03.05 16:44:42.339 GMT+08:00 INFO: Saving import http://www.owl-ontologies.com/Ontology1488534407.owl to C:\ontologyOWL\AllOwlFile\FireworkOWL\FireworkOWL.owl -- Protege2Jena.saveAll()
2018.03.05 16:44:42.355 GMT+08:00 INFO: Saving import http://www.owl-ontologies.com/Ontology1448934359.owl to C:\ontologyOWL\AllOwlFile\Event\Event.owl -- Protege2Jena.saveAll()
2018.03.05 16:44:42.371 GMT+08:00 INFO: Saving import http://www.owl-ontologies.com/Ontology1457533409.owl to C:\ontologyOWL\AllOwlFile\HLLight\TheNewLight.owl -- Protege2Jena.saveAll()
2018.03.05 16:44:42.386 GMT+08:00 INFO: Saving import http://www.owl-ontologies.com/Ontology1491747683.owl to C:\ontologyOWL\AllOwlFile\MakeBoats\MakeBoats.owl -- Protege2Jena.saveAll()
2018.03.05 16:44:42.386 GMT+08:00 INFO: Saving import http://www.owl-ontologies.com/Ontology1492410615.owl to C:\ontologyOWL\AllOwlFile\createFire\newfire.owl -- Protege2Jena.saveAll()
2018.03.05 16:44:42.386 GMT+08:00 INFO: Saving import http://www.owl-ontologies.com/Ontologyzhen.owl to C:\ontologyOWL\AllOwlFile\zhenOWL\zhen.owl -- Protege2Jena.saveAll()
2018.03.05 16:44:42.605 GMT+08:00 INFO: Saving import http://www.owl-ontologies.com/Ontology1357699817.owl to C:\ontologyOWL\AllOwlFile\Layout\sumo_phone3.owl -- Protege2Jena.saveAll()
2018.03.05 16:44:42.870 GMT+08:00 INFO: ... saving successful to: C:\ontologyOWL\AllOwlFile\sumoOWL2\sumo_phone3.owl -- Protege2Jena.saveAll()
