2018.03.03 21:36:30.059 GMT+08:00 INFO: *** SYSTEM START ***
2018.03.03 21:36:30.402 GMT+08:00 WARNING: [Local Folder Repository] The specified file must be a directory. (F:\eclipse_64\workspace\serverProject\plugins\edu.stanford.smi.protegex.owl) -- LocalFolderRepository.update()
2018.03.03 21:36:31.978 GMT+08:00 INFO: Loading triples for: file:/C:/ontologyOWL/sumoOWL2/sumo_phone3.owl -- ProtegeOWLParser.loadTriples()
2018.03.03 21:36:32.431 GMT+08:00 INFO:     Loaded 10000 triples 232 -- ProtegeOWLParser$ProtegeOWLStatementHandler.printTriplesLoadLogMessage()
2018.03.03 21:36:32.712 GMT+08:00 INFO:     Loaded 20000 triples 185 -- ProtegeOWLParser$ProtegeOWLStatementHandler.printTriplesLoadLogMessage()
2018.03.03 21:36:32.915 GMT+08:00 INFO:     Loaded 30000 triples 244 -- ProtegeOWLParser$ProtegeOWLStatementHandler.printTriplesLoadLogMessage()
2018.03.03 21:36:32.993 GMT+08:00 INFO:     Completed triple loading after 1015 ms -- ProtegeOWLParser.loadTriples()
2018.03.03 21:36:32.993 GMT+08:00 INFO: Importing http://www.owl-ontologies.com/MyCamera.owl from location: C:\ontologyOWL\AllOwlFile\DxfCamera\camera.owl -- AbstractOWLModel.loadImportedAssertions()
2018.03.03 21:36:32.993 GMT+08:00 INFO: Loading triples for: http://www.owl-ontologies.com/MyCamera.owl -- ProtegeOWLParser.loadTriples()
2018.03.03 21:36:33.119 GMT+08:00 INFO:     Completed triple loading after 126 ms -- ProtegeOWLParser.loadTriples()
2018.03.03 21:36:33.119 GMT+08:00 INFO: Importing http://sqwrl.stanford.edu/ontologies/built-ins/3.4/sqwrl.owl from location: http://sqwrl.stanford.edu/ontologies/built-ins/3.4/sqwrl.owl -- AbstractOWLModel.loadImportedAssertions()
2018.03.03 21:36:34.117 GMT+08:00 INFO: Loading triples for: http://sqwrl.stanford.edu/ontologies/built-ins/3.4/sqwrl.owl -- ProtegeOWLParser.loadTriples()
2018.03.03 21:36:34.133 GMT+08:00 INFO:     Completed triple loading after 16 ms -- ProtegeOWLParser.loadTriples()
2018.03.03 21:36:34.133 GMT+08:00 INFO: Importing http://swrl.stanford.edu/ontologies/3.3/swrla.owl from location: http://swrl.stanford.edu/ontologies/3.3/swrla.owl -- AbstractOWLModel.loadImportedAssertions()
2018.03.03 21:36:35.116 GMT+08:00 INFO: Loading triples for: http://swrl.stanford.edu/ontologies/3.3/swrla.owl -- ProtegeOWLParser.loadTriples()
2018.03.03 21:36:35.132 GMT+08:00 INFO:     Completed triple loading after 16 ms -- ProtegeOWLParser.loadTriples()
2018.03.03 21:36:35.132 GMT+08:00 INFO: Importing http://www.owl-ontologies.com/Ontology1291624979.owl from location: C:\ontologyOWL\AllOwlFile\zhaoOWL\ColorAndLight.owl -- AbstractOWLModel.loadImportedAssertions()
2018.03.03 21:36:35.132 GMT+08:00 INFO: Loading triples for: http://www.owl-ontologies.com/Ontology1291624979.owl -- ProtegeOWLParser.loadTriples()
2018.03.03 21:36:35.300 GMT+08:00 INFO:     Completed triple loading after 168 ms -- ProtegeOWLParser.loadTriples()
2018.03.03 21:36:35.300 GMT+08:00 INFO: Importing http://www.owl-ontologies.com/Ontology1496659417.owl from location: C:\ontologyOWL\AllOwlFile\InterAction\Interaction.owl -- AbstractOWLModel.loadImportedAssertions()
2018.03.03 21:36:35.316 GMT+08:00 INFO: Loading triples for: http://www.owl-ontologies.com/Ontology1496659417.owl -- ProtegeOWLParser.loadTriples()
2018.03.03 21:36:35.316 GMT+08:00 INFO:     Completed triple loading after 0 ms -- ProtegeOWLParser.loadTriples()
2018.03.03 21:36:35.316 GMT+08:00 INFO: Importing http://www.owl-ontologies.com/OntologyActionFogExpression.owl from location: C:\ontologyOWL\AllOwlFile\JialiOWL\ActionPart.owl -- AbstractOWLModel.loadImportedAssertions()
2018.03.03 21:36:35.316 GMT+08:00 INFO: Loading triples for: http://www.owl-ontologies.com/OntologyActionFogExpression.owl -- ProtegeOWLParser.loadTriples()
2018.03.03 21:36:35.347 GMT+08:00 INFO:     Completed triple loading after 31 ms -- ProtegeOWLParser.loadTriples()
2018.03.03 21:36:35.347 GMT+08:00 INFO: Importing http://www.owl-ontologies.com/OntologyEffect.owl from location: C:\ontologyOWL\AllOwlFile\LHH_Wind\Effect.owl -- AbstractOWLModel.loadImportedAssertions()
2018.03.03 21:36:35.347 GMT+08:00 INFO: Loading triples for: http://www.owl-ontologies.com/OntologyEffect.owl -- ProtegeOWLParser.loadTriples()
2018.03.03 21:36:35.378 GMT+08:00 INFO:     Completed triple loading after 31 ms -- ProtegeOWLParser.loadTriples()
2018.03.03 21:36:35.394 GMT+08:00 INFO: Importing http://www.owl-ontologies.com/Ontology1488534407.owl from location: C:\ontologyOWL\AllOwlFile\FireworkOWL\FireworkOWL.owl -- AbstractOWLModel.loadImportedAssertions()
2018.03.03 21:36:35.394 GMT+08:00 INFO: Loading triples for: http://www.owl-ontologies.com/Ontology1488534407.owl -- ProtegeOWLParser.loadTriples()
2018.03.03 21:36:35.394 GMT+08:00 INFO:     Completed triple loading after 0 ms -- ProtegeOWLParser.loadTriples()
2018.03.03 21:36:35.394 GMT+08:00 INFO: Importing http://www.owl-ontologies.com/Ontology1448934359.owl from location: C:\ontologyOWL\AllOwlFile\Event\Event.owl -- AbstractOWLModel.loadImportedAssertions()
2018.03.03 21:36:35.394 GMT+08:00 INFO: Loading triples for: http://www.owl-ontologies.com/Ontology1448934359.owl -- ProtegeOWLParser.loadTriples()
2018.03.03 21:36:35.409 GMT+08:00 INFO:     Completed triple loading after 15 ms -- ProtegeOWLParser.loadTriples()
2018.03.03 21:36:35.409 GMT+08:00 INFO: Importing http://www.ontologyportal.org/translations/SUMO.owl.txt from location: C:\ontologyOWL\AllOwlFile\sumoOWL2\imports\sumo120.owl -- AbstractOWLModel.loadImportedAssertions()
2018.03.03 21:36:35.409 GMT+08:00 INFO: Loading triples for: http://www.ontologyportal.org/translations/SUMO.owl.txt -- ProtegeOWLParser.loadTriples()
2018.03.03 21:36:35.472 GMT+08:00 INFO:     Completed triple loading after 63 ms -- ProtegeOWLParser.loadTriples()
2018.03.03 21:36:35.472 GMT+08:00 INFO: Importing http://www.owl-ontologies.com/Ontology1457533409.owl from location: C:\ontologyOWL\AllOwlFile\HLLight\TheNewLight.owl -- AbstractOWLModel.loadImportedAssertions()
2018.03.03 21:36:35.472 GMT+08:00 INFO: Loading triples for: http://www.owl-ontologies.com/Ontology1457533409.owl -- ProtegeOWLParser.loadTriples()
2018.03.03 21:36:35.487 GMT+08:00 INFO:     Completed triple loading after 15 ms -- ProtegeOWLParser.loadTriples()
2018.03.03 21:36:35.487 GMT+08:00 INFO: Importing http://www.owl-ontologies.com/Ontology1491747683.owl from location: C:\ontologyOWL\AllOwlFile\MakeBoats\MakeBoats.owl -- AbstractOWLModel.loadImportedAssertions()
2018.03.03 21:36:35.487 GMT+08:00 INFO: Loading triples for: http://www.owl-ontologies.com/Ontology1491747683.owl -- ProtegeOWLParser.loadTriples()
2018.03.03 21:36:35.503 GMT+08:00 INFO:     Completed triple loading after 16 ms -- ProtegeOWLParser.loadTriples()
2018.03.03 21:36:35.503 GMT+08:00 INFO: Importing http://www.owl-ontologies.com/Ontology1492410615.owl from location: C:\ontologyOWL\AllOwlFile\createFire\newfire.owl -- AbstractOWLModel.loadImportedAssertions()
2018.03.03 21:36:35.503 GMT+08:00 INFO: Loading triples for: http://www.owl-ontologies.com/Ontology1492410615.owl -- ProtegeOWLParser.loadTriples()
2018.03.03 21:36:35.503 GMT+08:00 INFO:     Completed triple loading after 0 ms -- ProtegeOWLParser.loadTriples()
2018.03.03 21:36:35.503 GMT+08:00 INFO: Importing http://www.owl-ontologies.com/Ontologyzhen.owl from location: C:\ontologyOWL\AllOwlFile\zhenOWL\zhen.owl -- AbstractOWLModel.loadImportedAssertions()
2018.03.03 21:36:35.503 GMT+08:00 INFO: Loading triples for: http://www.owl-ontologies.com/Ontologyzhen.owl -- ProtegeOWLParser.loadTriples()
2018.03.03 21:36:35.830 GMT+08:00 INFO:     Loaded 10000 triples 143 -- ProtegeOWLParser$ProtegeOWLStatementHandler.printTriplesLoadLogMessage()
2018.03.03 21:36:35.862 GMT+08:00 INFO:     Completed triple loading after 359 ms -- ProtegeOWLParser.loadTriples()
2018.03.03 21:36:35.862 GMT+08:00 INFO: Importing http://www.owl-ontologies.com/Ontology1357699817.owl from location: C:\ontologyOWL\AllOwlFile\Layout\sumo_phone3.owl -- AbstractOWLModel.loadImportedAssertions()
2018.03.03 21:36:35.862 GMT+08:00 INFO: Loading triples for: http://www.owl-ontologies.com/Ontology1357699817.owl -- ProtegeOWLParser.loadTriples()
2018.03.03 21:36:35.971 GMT+08:00 INFO:     Completed triple loading after 109 ms -- ProtegeOWLParser.loadTriples()
2018.03.03 21:36:35.971 GMT+08:00 INFO: Postprocess: Process entities with incorrect Java type (56 entities) ...  -- TriplePostProcessor.processFramesWithWrongJavaType()
2018.03.03 21:36:35.986 GMT+08:00 INFO: 15 ms
 -- TriplePostProcessor.processFramesWithWrongJavaType()
2018.03.03 21:36:35.986 GMT+08:00 INFO: Postprocess: Process metaclasses (3 metaclasses) ...  -- TriplePostProcessor.processMetaclasses()
2018.03.03 21:36:35.986 GMT+08:00 INFO: 0 ms
 -- TriplePostProcessor.processMetaclasses()
2018.03.03 21:36:35.986 GMT+08:00 INFO: Postprocess: Process subclasses of rdf:List (1 classes) ...  -- TriplePostProcessor.processSubclassesOfRdfList()
2018.03.03 21:36:35.986 GMT+08:00 INFO: 0 ms
 -- TriplePostProcessor.processSubclassesOfRdfList()
2018.03.03 21:36:35.986 GMT+08:00 INFO: Postprocess: Instances with multiple types (890 instances) ...  -- TriplePostProcessor.processInstancesWithMultipleTypes()
2018.03.03 21:36:36.002 GMT+08:00 INFO: 16 ms
 -- TriplePostProcessor.processInstancesWithMultipleTypes()
2018.03.03 21:36:36.002 GMT+08:00 INFO: Postprocess: Add inferred superclasses ...  -- TriplePostProcessor.processInferredSuperclasses()
2018.03.03 21:36:36.002 GMT+08:00 INFO: 0 ms
 -- TriplePostProcessor.processInferredSuperclasses()
2018.03.03 21:36:36.002 GMT+08:00 INFO: Postprocess: Process orphan classes (2376 classes) ...  -- TriplePostProcessor.processOrphanClses()
2018.03.03 21:36:36.018 GMT+08:00 INFO: 16 ms
 -- TriplePostProcessor.processOrphanClses()
2018.03.03 21:36:36.018 GMT+08:00 INFO: Postprocess: Generalized Concept Inclusion (0 axioms) ...  -- TriplePostProcessor.processGeneralizedConceptInclusions()
2018.03.03 21:36:36.018 GMT+08:00 INFO: 0 ms
 -- TriplePostProcessor.processGeneralizedConceptInclusions()
2018.03.03 21:36:36.018 GMT+08:00 INFO: Postprocess: Abstract classes...  -- TriplePostProcessor.processAbstractClasses()
2018.03.03 21:36:36.018 GMT+08:00 INFO: 0 ms
 -- TriplePostProcessor.processAbstractClasses()
2018.03.03 21:36:36.018 GMT+08:00 INFO: Postprocess: Domain and range of properties...  -- TriplePostProcessor.processDomainAndRange()
2018.03.03 21:36:36.033 GMT+08:00 INFO: 15 ms
 -- TriplePostProcessor.processDomainAndRange()
2018.03.03 21:36:36.033 GMT+08:00 INFO: Postprocess: Possibly typed entities (15 resources) ...  -- TriplePostProcessor.processPossiblyTypedResources()
2018.03.03 21:36:36.033 GMT+08:00 INFO: 0 ms
 -- TriplePostProcessor.processPossiblyTypedResources()
2018.03.03 21:36:36.033 GMT+08:00 INFO: Updating underlying frames model in 0 ms -- ProtegeOWLParser.doFinalPostProcessing()
2018.03.03 21:36:36.533 GMT+08:00 INFO: Rule engine 'SWRLJessBridge' registered with the SWRLTab bridge. -- BridgeFactory.registerBridge()
2018.03.03 21:36:42.887 GMT+08:00 INFO: Saving import http://www.owl-ontologies.com/MyCamera.owl to C:\ontologyOWL\AllOwlFile\DxfCamera\camera.owl -- Protege2Jena.saveAll()
2018.03.03 21:36:42.966 GMT+08:00 INFO: Saving import http://www.owl-ontologies.com/Ontology1291624979.owl to C:\ontologyOWL\AllOwlFile\zhaoOWL\ColorAndLight.owl -- Protege2Jena.saveAll()
2018.03.03 21:36:43.059 GMT+08:00 INFO: Saving import http://www.owl-ontologies.com/Ontology1496659417.owl to C:\ontologyOWL\AllOwlFile\InterAction\Interaction.owl -- Protege2Jena.saveAll()
2018.03.03 21:36:43.059 GMT+08:00 INFO: Saving import http://www.owl-ontologies.com/OntologyActionFogExpression.owl to C:\ontologyOWL\AllOwlFile\JialiOWL\ActionPart.owl -- Protege2Jena.saveAll()
2018.03.03 21:36:43.106 GMT+08:00 INFO: Saving import http://www.owl-ontologies.com/OntologyEffect.owl to C:\ontologyOWL\AllOwlFile\LHH_Wind\Effect.owl -- Protege2Jena.saveAll()
2018.03.03 21:36:43.168 GMT+08:00 INFO: Saving import http://www.owl-ontologies.com/Ontology1488534407.owl to C:\ontologyOWL\AllOwlFile\FireworkOWL\FireworkOWL.owl -- Protege2Jena.saveAll()
2018.03.03 21:36:43.168 GMT+08:00 INFO: Saving import http://www.owl-ontologies.com/Ontology1448934359.owl to C:\ontologyOWL\AllOwlFile\Event\Event.owl -- Protege2Jena.saveAll()
2018.03.03 21:36:43.184 GMT+08:00 INFO: Saving import http://www.owl-ontologies.com/Ontology1457533409.owl to C:\ontologyOWL\AllOwlFile\HLLight\TheNewLight.owl -- Protege2Jena.saveAll()
2018.03.03 21:36:43.200 GMT+08:00 INFO: Saving import http://www.owl-ontologies.com/Ontology1491747683.owl to C:\ontologyOWL\AllOwlFile\MakeBoats\MakeBoats.owl -- Protege2Jena.saveAll()
2018.03.03 21:36:43.200 GMT+08:00 INFO: Saving import http://www.owl-ontologies.com/Ontology1492410615.owl to C:\ontologyOWL\AllOwlFile\createFire\newfire.owl -- Protege2Jena.saveAll()
2018.03.03 21:36:43.215 GMT+08:00 INFO: Saving import http://www.owl-ontologies.com/Ontologyzhen.owl to C:\ontologyOWL\AllOwlFile\zhenOWL\zhen.owl -- Protege2Jena.saveAll()
2018.03.03 21:36:43.418 GMT+08:00 INFO: Saving import http://www.owl-ontologies.com/Ontology1357699817.owl to C:\ontologyOWL\AllOwlFile\Layout\sumo_phone3.owl -- Protege2Jena.saveAll()
2018.03.03 21:36:43.777 GMT+08:00 INFO: ... saving successful to: C:\ontologyOWL\AllOwlFile\sumoOWL2\sumo_phone3.owl -- Protege2Jena.saveAll()
2018.03.03 21:36:43.840 GMT+08:00 WARNING: [Local Folder Repository] The specified file must be a directory. (F:\eclipse_64\workspace\serverProject\plugins\edu.stanford.smi.protegex.owl) -- LocalFolderRepository.update()
2018.03.03 21:36:44.841 GMT+08:00 INFO: Loading triples for: file:/C:/ontologyOWL/AllOwlFile/sumoOWL2/sumo_phone3.owl -- ProtegeOWLParser.loadTriples()
2018.03.03 21:36:44.970 GMT+08:00 INFO:     Loaded 10000 triples 256 -- ProtegeOWLParser$ProtegeOWLStatementHandler.printTriplesLoadLogMessage()
2018.03.03 21:36:45.110 GMT+08:00 INFO:     Loaded 20000 triples 224 -- ProtegeOWLParser$ProtegeOWLStatementHandler.printTriplesLoadLogMessage()
2018.03.03 21:36:45.235 GMT+08:00 INFO:     Loaded 30000 triples 259 -- ProtegeOWLParser$ProtegeOWLStatementHandler.printTriplesLoadLogMessage()
2018.03.03 21:36:45.297 GMT+08:00 INFO:     Completed triple loading after 456 ms -- ProtegeOWLParser.loadTriples()
2018.03.03 21:36:45.297 GMT+08:00 INFO: Importing http://www.owl-ontologies.com/MyCamera.owl from location: C:\ontologyOWL\AllOwlFile\DxfCamera\camera.owl -- AbstractOWLModel.loadImportedAssertions()
2018.03.03 21:36:45.297 GMT+08:00 INFO: Loading triples for: http://www.owl-ontologies.com/MyCamera.owl -- ProtegeOWLParser.loadTriples()
2018.03.03 21:36:45.344 GMT+08:00 INFO:     Completed triple loading after 47 ms -- ProtegeOWLParser.loadTriples()
2018.03.03 21:36:45.344 GMT+08:00 INFO: Importing http://sqwrl.stanford.edu/ontologies/built-ins/3.4/sqwrl.owl from location: http://sqwrl.stanford.edu/ontologies/built-ins/3.4/sqwrl.owl -- AbstractOWLModel.loadImportedAssertions()
2018.03.03 21:36:46.374 GMT+08:00 INFO: Loading triples for: http://sqwrl.stanford.edu/ontologies/built-ins/3.4/sqwrl.owl -- ProtegeOWLParser.loadTriples()
2018.03.03 21:36:46.389 GMT+08:00 INFO:     Completed triple loading after 15 ms -- ProtegeOWLParser.loadTriples()
2018.03.03 21:36:46.389 GMT+08:00 INFO: Importing http://swrl.stanford.edu/ontologies/3.3/swrla.owl from location: http://swrl.stanford.edu/ontologies/3.3/swrla.owl -- AbstractOWLModel.loadImportedAssertions()
2018.03.03 21:36:47.389 GMT+08:00 INFO: Loading triples for: http://swrl.stanford.edu/ontologies/3.3/swrla.owl -- ProtegeOWLParser.loadTriples()
2018.03.03 21:36:48.392 GMT+08:00 INFO:     Completed triple loading after 1003 ms -- ProtegeOWLParser.loadTriples()
2018.03.03 21:36:48.392 GMT+08:00 INFO: Importing http://www.owl-ontologies.com/Ontology1291624979.owl from location: C:\ontologyOWL\AllOwlFile\zhaoOWL\ColorAndLight.owl -- AbstractOWLModel.loadImportedAssertions()
2018.03.03 21:36:48.392 GMT+08:00 INFO: Loading triples for: http://www.owl-ontologies.com/Ontology1291624979.owl -- ProtegeOWLParser.loadTriples()
2018.03.03 21:36:48.487 GMT+08:00 INFO:     Completed triple loading after 95 ms -- ProtegeOWLParser.loadTriples()
2018.03.03 21:36:48.487 GMT+08:00 INFO: Importing http://www.owl-ontologies.com/Ontology1496659417.owl from location: C:\ontologyOWL\AllOwlFile\InterAction\Interaction.owl -- AbstractOWLModel.loadImportedAssertions()
2018.03.03 21:36:48.487 GMT+08:00 INFO: Loading triples for: http://www.owl-ontologies.com/Ontology1496659417.owl -- ProtegeOWLParser.loadTriples()
2018.03.03 21:36:48.487 GMT+08:00 INFO:     Completed triple loading after 0 ms -- ProtegeOWLParser.loadTriples()
2018.03.03 21:36:48.487 GMT+08:00 INFO: Importing http://www.owl-ontologies.com/OntologyActionFogExpression.owl from location: C:\ontologyOWL\AllOwlFile\JialiOWL\ActionPart.owl -- AbstractOWLModel.loadImportedAssertions()
2018.03.03 21:36:48.487 GMT+08:00 INFO: Loading triples for: http://www.owl-ontologies.com/OntologyActionFogExpression.owl -- ProtegeOWLParser.loadTriples()
2018.03.03 21:36:48.518 GMT+08:00 INFO:     Completed triple loading after 31 ms -- ProtegeOWLParser.loadTriples()
2018.03.03 21:36:48.518 GMT+08:00 INFO: Importing http://www.owl-ontologies.com/OntologyEffect.owl from location: C:\ontologyOWL\AllOwlFile\LHH_Wind\Effect.owl -- AbstractOWLModel.loadImportedAssertions()
2018.03.03 21:36:48.518 GMT+08:00 INFO: Loading triples for: http://www.owl-ontologies.com/OntologyEffect.owl -- ProtegeOWLParser.loadTriples()
2018.03.03 21:36:48.549 GMT+08:00 INFO:     Completed triple loading after 31 ms -- ProtegeOWLParser.loadTriples()
2018.03.03 21:36:48.549 GMT+08:00 INFO: Importing http://www.owl-ontologies.com/Ontology1488534407.owl from location: C:\ontologyOWL\AllOwlFile\FireworkOWL\FireworkOWL.owl -- AbstractOWLModel.loadImportedAssertions()
2018.03.03 21:36:48.549 GMT+08:00 INFO: Loading triples for: http://www.owl-ontologies.com/Ontology1488534407.owl -- ProtegeOWLParser.loadTriples()
2018.03.03 21:36:48.549 GMT+08:00 INFO:     Completed triple loading after 0 ms -- ProtegeOWLParser.loadTriples()
2018.03.03 21:36:48.549 GMT+08:00 INFO: Importing http://www.owl-ontologies.com/Ontology1448934359.owl from location: C:\ontologyOWL\AllOwlFile\Event\Event.owl -- AbstractOWLModel.loadImportedAssertions()
2018.03.03 21:36:48.549 GMT+08:00 INFO: Loading triples for: http://www.owl-ontologies.com/Ontology1448934359.owl -- ProtegeOWLParser.loadTriples()
2018.03.03 21:36:48.565 GMT+08:00 INFO:     Completed triple loading after 16 ms -- ProtegeOWLParser.loadTriples()
2018.03.03 21:36:48.565 GMT+08:00 INFO: Importing http://www.ontologyportal.org/translations/SUMO.owl.txt from location: C:\ontologyOWL\AllOwlFile\sumoOWL2\imports\sumo120.owl -- AbstractOWLModel.loadImportedAssertions()
2018.03.03 21:36:48.565 GMT+08:00 INFO: Loading triples for: http://www.ontologyportal.org/translations/SUMO.owl.txt -- ProtegeOWLParser.loadTriples()
2018.03.03 21:36:48.612 GMT+08:00 INFO:     Completed triple loading after 32 ms -- ProtegeOWLParser.loadTriples()
2018.03.03 21:36:48.612 GMT+08:00 INFO: Importing http://www.owl-ontologies.com/Ontology1457533409.owl from location: C:\ontologyOWL\AllOwlFile\HLLight\TheNewLight.owl -- AbstractOWLModel.loadImportedAssertions()
2018.03.03 21:36:48.612 GMT+08:00 INFO: Loading triples for: http://www.owl-ontologies.com/Ontology1457533409.owl -- ProtegeOWLParser.loadTriples()
2018.03.03 21:36:48.627 GMT+08:00 INFO:     Completed triple loading after 15 ms -- ProtegeOWLParser.loadTriples()
2018.03.03 21:36:48.627 GMT+08:00 INFO: Importing http://www.owl-ontologies.com/Ontology1491747683.owl from location: C:\ontologyOWL\AllOwlFile\MakeBoats\MakeBoats.owl -- AbstractOWLModel.loadImportedAssertions()
2018.03.03 21:36:48.627 GMT+08:00 INFO: Loading triples for: http://www.owl-ontologies.com/Ontology1491747683.owl -- ProtegeOWLParser.loadTriples()
2018.03.03 21:36:48.627 GMT+08:00 INFO:     Completed triple loading after 0 ms -- ProtegeOWLParser.loadTriples()
2018.03.03 21:36:48.627 GMT+08:00 INFO: Importing http://www.owl-ontologies.com/Ontology1492410615.owl from location: C:\ontologyOWL\AllOwlFile\createFire\newfire.owl -- AbstractOWLModel.loadImportedAssertions()
2018.03.03 21:36:48.627 GMT+08:00 INFO: Loading triples for: http://www.owl-ontologies.com/Ontology1492410615.owl -- ProtegeOWLParser.loadTriples()
2018.03.03 21:36:48.627 GMT+08:00 INFO:     Completed triple loading after 0 ms -- ProtegeOWLParser.loadTriples()
2018.03.03 21:36:48.627 GMT+08:00 INFO: Importing http://www.owl-ontologies.com/Ontologyzhen.owl from location: C:\ontologyOWL\AllOwlFile\zhenOWL\zhen.owl -- AbstractOWLModel.loadImportedAssertions()
2018.03.03 21:36:48.627 GMT+08:00 INFO: Loading triples for: http://www.owl-ontologies.com/Ontologyzhen.owl -- ProtegeOWLParser.loadTriples()
2018.03.03 21:36:48.736 GMT+08:00 INFO:     Loaded 10000 triples 163 -- ProtegeOWLParser$ProtegeOWLStatementHandler.printTriplesLoadLogMessage()
2018.03.03 21:36:48.768 GMT+08:00 INFO:     Completed triple loading after 141 ms -- ProtegeOWLParser.loadTriples()
2018.03.03 21:36:48.768 GMT+08:00 INFO: Importing http://www.owl-ontologies.com/Ontology1357699817.owl from location: C:\ontologyOWL\AllOwlFile\Layout\sumo_phone3.owl -- AbstractOWLModel.loadImportedAssertions()
2018.03.03 21:36:48.768 GMT+08:00 INFO: Loading triples for: http://www.owl-ontologies.com/Ontology1357699817.owl -- ProtegeOWLParser.loadTriples()
2018.03.03 21:36:48.814 GMT+08:00 INFO:     Completed triple loading after 46 ms -- ProtegeOWLParser.loadTriples()
2018.03.03 21:36:48.814 GMT+08:00 INFO: Postprocess: Process entities with incorrect Java type (56 entities) ...  -- TriplePostProcessor.processFramesWithWrongJavaType()
2018.03.03 21:36:48.814 GMT+08:00 INFO: 0 ms
 -- TriplePostProcessor.processFramesWithWrongJavaType()
2018.03.03 21:36:48.814 GMT+08:00 INFO: Postprocess: Process metaclasses (3 metaclasses) ...  -- TriplePostProcessor.processMetaclasses()
2018.03.03 21:36:48.814 GMT+08:00 INFO: 0 ms
 -- TriplePostProcessor.processMetaclasses()
2018.03.03 21:36:48.814 GMT+08:00 INFO: Postprocess: Process subclasses of rdf:List (1 classes) ...  -- TriplePostProcessor.processSubclassesOfRdfList()
2018.03.03 21:36:48.814 GMT+08:00 INFO: 0 ms
 -- TriplePostProcessor.processSubclassesOfRdfList()
2018.03.03 21:36:48.814 GMT+08:00 INFO: Postprocess: Instances with multiple types (886 instances) ...  -- TriplePostProcessor.processInstancesWithMultipleTypes()
2018.03.03 21:36:48.830 GMT+08:00 INFO: 16 ms
 -- TriplePostProcessor.processInstancesWithMultipleTypes()
2018.03.03 21:36:48.830 GMT+08:00 INFO: Postprocess: Add inferred superclasses ...  -- TriplePostProcessor.processInferredSuperclasses()
2018.03.03 21:36:48.830 GMT+08:00 INFO: 0 ms
 -- TriplePostProcessor.processInferredSuperclasses()
2018.03.03 21:36:48.830 GMT+08:00 INFO: Postprocess: Process orphan classes (2376 classes) ...  -- TriplePostProcessor.processOrphanClses()
2018.03.03 21:36:48.846 GMT+08:00 INFO: 16 ms
 -- TriplePostProcessor.processOrphanClses()
2018.03.03 21:36:48.846 GMT+08:00 INFO: Postprocess: Generalized Concept Inclusion (0 axioms) ...  -- TriplePostProcessor.processGeneralizedConceptInclusions()
2018.03.03 21:36:48.846 GMT+08:00 INFO: 0 ms
 -- TriplePostProcessor.processGeneralizedConceptInclusions()
2018.03.03 21:36:48.846 GMT+08:00 INFO: Postprocess: Abstract classes...  -- TriplePostProcessor.processAbstractClasses()
2018.03.03 21:36:48.846 GMT+08:00 INFO: 0 ms
 -- TriplePostProcessor.processAbstractClasses()
2018.03.03 21:36:48.846 GMT+08:00 INFO: Postprocess: Domain and range of properties...  -- TriplePostProcessor.processDomainAndRange()
2018.03.03 21:36:48.861 GMT+08:00 INFO: 15 ms
 -- TriplePostProcessor.processDomainAndRange()
2018.03.03 21:36:48.861 GMT+08:00 INFO: Postprocess: Possibly typed entities (15 resources) ...  -- TriplePostProcessor.processPossiblyTypedResources()
2018.03.03 21:36:48.861 GMT+08:00 INFO: 0 ms
 -- TriplePostProcessor.processPossiblyTypedResources()
2018.03.03 21:36:48.861 GMT+08:00 INFO: Updating underlying frames model in 0 ms -- ProtegeOWLParser.doFinalPostProcessing()
2018.03.03 21:36:49.954 GMT+08:00 INFO: Saving import http://www.owl-ontologies.com/MyCamera.owl to C:\ontologyOWL\AllOwlFile\DxfCamera\camera.owl -- Protege2Jena.saveAll()
2018.03.03 21:36:50.018 GMT+08:00 INFO: Saving import http://www.owl-ontologies.com/Ontology1291624979.owl to C:\ontologyOWL\AllOwlFile\zhaoOWL\ColorAndLight.owl -- Protege2Jena.saveAll()
2018.03.03 21:36:50.096 GMT+08:00 INFO: Saving import http://www.owl-ontologies.com/Ontology1496659417.owl to C:\ontologyOWL\AllOwlFile\InterAction\Interaction.owl -- Protege2Jena.saveAll()
2018.03.03 21:36:50.111 GMT+08:00 INFO: Saving import http://www.owl-ontologies.com/OntologyActionFogExpression.owl to C:\ontologyOWL\AllOwlFile\JialiOWL\ActionPart.owl -- Protege2Jena.saveAll()
2018.03.03 21:36:50.158 GMT+08:00 INFO: Saving import http://www.owl-ontologies.com/OntologyEffect.owl to C:\ontologyOWL\AllOwlFile\LHH_Wind\Effect.owl -- Protege2Jena.saveAll()
2018.03.03 21:36:50.205 GMT+08:00 INFO: Saving import http://www.owl-ontologies.com/Ontology1488534407.owl to C:\ontologyOWL\AllOwlFile\FireworkOWL\FireworkOWL.owl -- Protege2Jena.saveAll()
2018.03.03 21:36:50.205 GMT+08:00 INFO: Saving import http://www.owl-ontologies.com/Ontology1448934359.owl to C:\ontologyOWL\AllOwlFile\Event\Event.owl -- Protege2Jena.saveAll()
2018.03.03 21:36:50.220 GMT+08:00 INFO: Saving import http://www.owl-ontologies.com/Ontology1457533409.owl to C:\ontologyOWL\AllOwlFile\HLLight\TheNewLight.owl -- Protege2Jena.saveAll()
2018.03.03 21:36:50.236 GMT+08:00 INFO: Saving import http://www.owl-ontologies.com/Ontology1491747683.owl to C:\ontologyOWL\AllOwlFile\MakeBoats\MakeBoats.owl -- Protege2Jena.saveAll()
2018.03.03 21:36:50.236 GMT+08:00 INFO: Saving import http://www.owl-ontologies.com/Ontology1492410615.owl to C:\ontologyOWL\AllOwlFile\createFire\newfire.owl -- Protege2Jena.saveAll()
2018.03.03 21:36:50.236 GMT+08:00 INFO: Saving import http://www.owl-ontologies.com/Ontologyzhen.owl to C:\ontologyOWL\AllOwlFile\zhenOWL\zhen.owl -- Protege2Jena.saveAll()
2018.03.03 21:36:50.470 GMT+08:00 INFO: Saving import http://www.owl-ontologies.com/Ontology1357699817.owl to C:\ontologyOWL\AllOwlFile\Layout\sumo_phone3.owl -- Protege2Jena.saveAll()
2018.03.03 21:36:50.720 GMT+08:00 INFO: ... saving successful to: C:\ontologyOWL\AllOwlFile\sumoOWL2\sumo_phone3.owl -- Protege2Jena.saveAll()
2018.03.03 21:41:29.602 GMT+08:00 WARNING: [Local Folder Repository] The specified file must be a directory. (F:\eclipse_64\workspace\serverProject\plugins\edu.stanford.smi.protegex.owl) -- LocalFolderRepository.update()
2018.03.03 21:41:30.664 GMT+08:00 INFO: Loading triples for: file:/C:/ontologyOWL/sumoOWL2/sumo_phone3.owl -- ProtegeOWLParser.loadTriples()
2018.03.03 21:41:30.806 GMT+08:00 INFO:     Loaded 10000 triples 232 -- ProtegeOWLParser$ProtegeOWLStatementHandler.printTriplesLoadLogMessage()
2018.03.03 21:41:30.915 GMT+08:00 INFO:     Loaded 20000 triples 185 -- ProtegeOWLParser$ProtegeOWLStatementHandler.printTriplesLoadLogMessage()
2018.03.03 21:41:31.009 GMT+08:00 INFO:     Loaded 30000 triples 244 -- ProtegeOWLParser$ProtegeOWLStatementHandler.printTriplesLoadLogMessage()
2018.03.03 21:41:31.071 GMT+08:00 INFO:     Completed triple loading after 407 ms -- ProtegeOWLParser.loadTriples()
2018.03.03 21:41:31.071 GMT+08:00 INFO: Importing http://www.owl-ontologies.com/MyCamera.owl from location: C:\ontologyOWL\AllOwlFile\DxfCamera\camera.owl -- AbstractOWLModel.loadImportedAssertions()
2018.03.03 21:41:31.071 GMT+08:00 INFO: Loading triples for: http://www.owl-ontologies.com/MyCamera.owl -- ProtegeOWLParser.loadTriples()
2018.03.03 21:41:31.102 GMT+08:00 INFO:     Completed triple loading after 31 ms -- ProtegeOWLParser.loadTriples()
2018.03.03 21:41:31.102 GMT+08:00 INFO: Importing http://sqwrl.stanford.edu/ontologies/built-ins/3.4/sqwrl.owl from location: http://sqwrl.stanford.edu/ontologies/built-ins/3.4/sqwrl.owl -- AbstractOWLModel.loadImportedAssertions()
2018.03.03 21:41:32.101 GMT+08:00 INFO: Loading triples for: http://sqwrl.stanford.edu/ontologies/built-ins/3.4/sqwrl.owl -- ProtegeOWLParser.loadTriples()
2018.03.03 21:41:32.101 GMT+08:00 INFO:     Completed triple loading after 0 ms -- ProtegeOWLParser.loadTriples()
2018.03.03 21:41:32.101 GMT+08:00 INFO: Importing http://swrl.stanford.edu/ontologies/3.3/swrla.owl from location: http://swrl.stanford.edu/ontologies/3.3/swrla.owl -- AbstractOWLModel.loadImportedAssertions()
2018.03.03 21:41:33.069 GMT+08:00 INFO: Loading triples for: http://swrl.stanford.edu/ontologies/3.3/swrla.owl -- ProtegeOWLParser.loadTriples()
2018.03.03 21:41:33.069 GMT+08:00 INFO:     Completed triple loading after 0 ms -- ProtegeOWLParser.loadTriples()
2018.03.03 21:41:33.069 GMT+08:00 INFO: Importing http://www.owl-ontologies.com/Ontology1291624979.owl from location: C:\ontologyOWL\AllOwlFile\zhaoOWL\ColorAndLight.owl -- AbstractOWLModel.loadImportedAssertions()
2018.03.03 21:41:33.069 GMT+08:00 INFO: Loading triples for: http://www.owl-ontologies.com/Ontology1291624979.owl -- ProtegeOWLParser.loadTriples()
2018.03.03 21:41:33.131 GMT+08:00 INFO:     Completed triple loading after 62 ms -- ProtegeOWLParser.loadTriples()
2018.03.03 21:41:33.131 GMT+08:00 INFO: Importing http://www.owl-ontologies.com/Ontology1496659417.owl from location: C:\ontologyOWL\AllOwlFile\InterAction\Interaction.owl -- AbstractOWLModel.loadImportedAssertions()
2018.03.03 21:41:33.131 GMT+08:00 INFO: Loading triples for: http://www.owl-ontologies.com/Ontology1496659417.owl -- ProtegeOWLParser.loadTriples()
2018.03.03 21:41:33.131 GMT+08:00 INFO:     Completed triple loading after 0 ms -- ProtegeOWLParser.loadTriples()
2018.03.03 21:41:33.131 GMT+08:00 INFO: Importing http://www.owl-ontologies.com/OntologyActionFogExpression.owl from location: C:\ontologyOWL\AllOwlFile\JialiOWL\ActionPart.owl -- AbstractOWLModel.loadImportedAssertions()
2018.03.03 21:41:33.131 GMT+08:00 INFO: Loading triples for: http://www.owl-ontologies.com/OntologyActionFogExpression.owl -- ProtegeOWLParser.loadTriples()
2018.03.03 21:41:33.164 GMT+08:00 INFO:     Completed triple loading after 33 ms -- ProtegeOWLParser.loadTriples()
2018.03.03 21:41:33.164 GMT+08:00 INFO: Importing http://www.owl-ontologies.com/OntologyEffect.owl from location: C:\ontologyOWL\AllOwlFile\LHH_Wind\Effect.owl -- AbstractOWLModel.loadImportedAssertions()
2018.03.03 21:41:33.164 GMT+08:00 INFO: Loading triples for: http://www.owl-ontologies.com/OntologyEffect.owl -- ProtegeOWLParser.loadTriples()
2018.03.03 21:41:33.179 GMT+08:00 INFO:     Completed triple loading after 15 ms -- ProtegeOWLParser.loadTriples()
2018.03.03 21:41:33.179 GMT+08:00 INFO: Importing http://www.owl-ontologies.com/Ontology1488534407.owl from location: C:\ontologyOWL\AllOwlFile\FireworkOWL\FireworkOWL.owl -- AbstractOWLModel.loadImportedAssertions()
2018.03.03 21:41:33.179 GMT+08:00 INFO: Loading triples for: http://www.owl-ontologies.com/Ontology1488534407.owl -- ProtegeOWLParser.loadTriples()
2018.03.03 21:41:33.195 GMT+08:00 INFO:     Completed triple loading after 16 ms -- ProtegeOWLParser.loadTriples()
2018.03.03 21:41:33.195 GMT+08:00 INFO: Importing http://www.owl-ontologies.com/Ontology1448934359.owl from location: C:\ontologyOWL\AllOwlFile\Event\Event.owl -- AbstractOWLModel.loadImportedAssertions()
2018.03.03 21:41:33.195 GMT+08:00 INFO: Loading triples for: http://www.owl-ontologies.com/Ontology1448934359.owl -- ProtegeOWLParser.loadTriples()
2018.03.03 21:41:33.210 GMT+08:00 INFO:     Completed triple loading after 15 ms -- ProtegeOWLParser.loadTriples()
2018.03.03 21:41:33.210 GMT+08:00 INFO: Importing http://www.ontologyportal.org/translations/SUMO.owl.txt from location: C:\ontologyOWL\AllOwlFile\sumoOWL2\imports\sumo120.owl -- AbstractOWLModel.loadImportedAssertions()
2018.03.03 21:41:33.210 GMT+08:00 INFO: Loading triples for: http://www.ontologyportal.org/translations/SUMO.owl.txt -- ProtegeOWLParser.loadTriples()
2018.03.03 21:41:33.242 GMT+08:00 INFO:     Completed triple loading after 32 ms -- ProtegeOWLParser.loadTriples()
2018.03.03 21:41:33.242 GMT+08:00 INFO: Importing http://www.owl-ontologies.com/Ontology1457533409.owl from location: C:\ontologyOWL\AllOwlFile\HLLight\TheNewLight.owl -- AbstractOWLModel.loadImportedAssertions()
2018.03.03 21:41:33.242 GMT+08:00 INFO: Loading triples for: http://www.owl-ontologies.com/Ontology1457533409.owl -- ProtegeOWLParser.loadTriples()
2018.03.03 21:41:33.257 GMT+08:00 INFO:     Completed triple loading after 15 ms -- ProtegeOWLParser.loadTriples()
2018.03.03 21:41:33.257 GMT+08:00 INFO: Importing http://www.owl-ontologies.com/Ontology1491747683.owl from location: C:\ontologyOWL\AllOwlFile\MakeBoats\MakeBoats.owl -- AbstractOWLModel.loadImportedAssertions()
2018.03.03 21:41:33.257 GMT+08:00 INFO: Loading triples for: http://www.owl-ontologies.com/Ontology1491747683.owl -- ProtegeOWLParser.loadTriples()
2018.03.03 21:41:33.257 GMT+08:00 INFO:     Completed triple loading after 0 ms -- ProtegeOWLParser.loadTriples()
2018.03.03 21:41:33.257 GMT+08:00 INFO: Importing http://www.owl-ontologies.com/Ontology1492410615.owl from location: C:\ontologyOWL\AllOwlFile\createFire\newfire.owl -- AbstractOWLModel.loadImportedAssertions()
2018.03.03 21:41:33.257 GMT+08:00 INFO: Loading triples for: http://www.owl-ontologies.com/Ontology1492410615.owl -- ProtegeOWLParser.loadTriples()
2018.03.03 21:41:33.257 GMT+08:00 INFO:     Completed triple loading after 0 ms -- ProtegeOWLParser.loadTriples()
2018.03.03 21:41:33.257 GMT+08:00 INFO: Importing http://www.owl-ontologies.com/Ontologyzhen.owl from location: C:\ontologyOWL\AllOwlFile\zhenOWL\zhen.owl -- AbstractOWLModel.loadImportedAssertions()
2018.03.03 21:41:33.257 GMT+08:00 INFO: Loading triples for: http://www.owl-ontologies.com/Ontologyzhen.owl -- ProtegeOWLParser.loadTriples()
2018.03.03 21:41:33.366 GMT+08:00 INFO:     Loaded 10000 triples 141 -- ProtegeOWLParser$ProtegeOWLStatementHandler.printTriplesLoadLogMessage()
2018.03.03 21:41:33.398 GMT+08:00 INFO:     Completed triple loading after 141 ms -- ProtegeOWLParser.loadTriples()
2018.03.03 21:41:33.398 GMT+08:00 INFO: Importing http://www.owl-ontologies.com/Ontology1357699817.owl from location: C:\ontologyOWL\AllOwlFile\Layout\sumo_phone3.owl -- AbstractOWLModel.loadImportedAssertions()
2018.03.03 21:41:33.413 GMT+08:00 INFO: Loading triples for: http://www.owl-ontologies.com/Ontology1357699817.owl -- ProtegeOWLParser.loadTriples()
2018.03.03 21:41:33.460 GMT+08:00 INFO:     Completed triple loading after 47 ms -- ProtegeOWLParser.loadTriples()
2018.03.03 21:41:33.460 GMT+08:00 INFO: Postprocess: Process entities with incorrect Java type (56 entities) ...  -- TriplePostProcessor.processFramesWithWrongJavaType()
2018.03.03 21:41:33.460 GMT+08:00 INFO: 0 ms
 -- TriplePostProcessor.processFramesWithWrongJavaType()
2018.03.03 21:41:33.460 GMT+08:00 INFO: Postprocess: Process metaclasses (3 metaclasses) ...  -- TriplePostProcessor.processMetaclasses()
2018.03.03 21:41:33.460 GMT+08:00 INFO: 0 ms
 -- TriplePostProcessor.processMetaclasses()
2018.03.03 21:41:33.460 GMT+08:00 INFO: Postprocess: Process subclasses of rdf:List (1 classes) ...  -- TriplePostProcessor.processSubclassesOfRdfList()
2018.03.03 21:41:33.460 GMT+08:00 INFO: 0 ms
 -- TriplePostProcessor.processSubclassesOfRdfList()
2018.03.03 21:41:33.460 GMT+08:00 INFO: Postprocess: Instances with multiple types (886 instances) ...  -- TriplePostProcessor.processInstancesWithMultipleTypes()
2018.03.03 21:41:33.476 GMT+08:00 INFO: 16 ms
 -- TriplePostProcessor.processInstancesWithMultipleTypes()
2018.03.03 21:41:33.476 GMT+08:00 INFO: Postprocess: Add inferred superclasses ...  -- TriplePostProcessor.processInferredSuperclasses()
2018.03.03 21:41:33.476 GMT+08:00 INFO: 0 ms
 -- TriplePostProcessor.processInferredSuperclasses()
2018.03.03 21:41:33.476 GMT+08:00 INFO: Postprocess: Process orphan classes (2376 classes) ...  -- TriplePostProcessor.processOrphanClses()
2018.03.03 21:41:33.491 GMT+08:00 INFO: 15 ms
 -- TriplePostProcessor.processOrphanClses()
2018.03.03 21:41:33.491 GMT+08:00 INFO: Postprocess: Generalized Concept Inclusion (0 axioms) ...  -- TriplePostProcessor.processGeneralizedConceptInclusions()
2018.03.03 21:41:33.491 GMT+08:00 INFO: 0 ms
 -- TriplePostProcessor.processGeneralizedConceptInclusions()
2018.03.03 21:41:33.491 GMT+08:00 INFO: Postprocess: Abstract classes...  -- TriplePostProcessor.processAbstractClasses()
2018.03.03 21:41:33.491 GMT+08:00 INFO: 0 ms
 -- TriplePostProcessor.processAbstractClasses()
2018.03.03 21:41:33.491 GMT+08:00 INFO: Postprocess: Domain and range of properties...  -- TriplePostProcessor.processDomainAndRange()
2018.03.03 21:41:33.507 GMT+08:00 INFO: 16 ms
 -- TriplePostProcessor.processDomainAndRange()
2018.03.03 21:41:33.507 GMT+08:00 INFO: Postprocess: Possibly typed entities (15 resources) ...  -- TriplePostProcessor.processPossiblyTypedResources()
2018.03.03 21:41:33.507 GMT+08:00 INFO: 0 ms
 -- TriplePostProcessor.processPossiblyTypedResources()
2018.03.03 21:41:33.507 GMT+08:00 INFO: Updating underlying frames model in 0 ms -- ProtegeOWLParser.doFinalPostProcessing()
2018.03.03 21:41:35.899 GMT+08:00 INFO: Saving import http://www.owl-ontologies.com/MyCamera.owl to C:\ontologyOWL\AllOwlFile\DxfCamera\camera.owl -- Protege2Jena.saveAll()
2018.03.03 21:41:35.978 GMT+08:00 INFO: Saving import http://www.owl-ontologies.com/Ontology1291624979.owl to C:\ontologyOWL\AllOwlFile\zhaoOWL\ColorAndLight.owl -- Protege2Jena.saveAll()
2018.03.03 21:41:36.040 GMT+08:00 INFO: Saving import http://www.owl-ontologies.com/Ontology1496659417.owl to C:\ontologyOWL\AllOwlFile\InterAction\Interaction.owl -- Protege2Jena.saveAll()
2018.03.03 21:41:36.056 GMT+08:00 INFO: Saving import http://www.owl-ontologies.com/OntologyActionFogExpression.owl to C:\ontologyOWL\AllOwlFile\JialiOWL\ActionPart.owl -- Protege2Jena.saveAll()
2018.03.03 21:41:36.087 GMT+08:00 INFO: Saving import http://www.owl-ontologies.com/OntologyEffect.owl to C:\ontologyOWL\AllOwlFile\LHH_Wind\Effect.owl -- Protege2Jena.saveAll()
2018.03.03 21:41:36.118 GMT+08:00 INFO: Saving import http://www.owl-ontologies.com/Ontology1488534407.owl to C:\ontologyOWL\AllOwlFile\FireworkOWL\FireworkOWL.owl -- Protege2Jena.saveAll()
2018.03.03 21:41:36.134 GMT+08:00 INFO: Saving import http://www.owl-ontologies.com/Ontology1448934359.owl to C:\ontologyOWL\AllOwlFile\Event\Event.owl -- Protege2Jena.saveAll()
2018.03.03 21:41:36.134 GMT+08:00 INFO: Saving import http://www.owl-ontologies.com/Ontology1457533409.owl to C:\ontologyOWL\AllOwlFile\HLLight\TheNewLight.owl -- Protege2Jena.saveAll()
2018.03.03 21:41:36.149 GMT+08:00 INFO: Saving import http://www.owl-ontologies.com/Ontology1491747683.owl to C:\ontologyOWL\AllOwlFile\MakeBoats\MakeBoats.owl -- Protege2Jena.saveAll()
2018.03.03 21:41:36.149 GMT+08:00 INFO: Saving import http://www.owl-ontologies.com/Ontology1492410615.owl to C:\ontologyOWL\AllOwlFile\createFire\newfire.owl -- Protege2Jena.saveAll()
2018.03.03 21:41:36.149 GMT+08:00 INFO: Saving import http://www.owl-ontologies.com/Ontologyzhen.owl to C:\ontologyOWL\AllOwlFile\zhenOWL\zhen.owl -- Protege2Jena.saveAll()
2018.03.03 21:41:36.336 GMT+08:00 INFO: Saving import http://www.owl-ontologies.com/Ontology1357699817.owl to C:\ontologyOWL\AllOwlFile\Layout\sumo_phone3.owl -- Protege2Jena.saveAll()
2018.03.03 21:41:36.648 GMT+08:00 INFO: ... saving successful to: C:\ontologyOWL\AllOwlFile\sumoOWL2\sumo_phone3.owl -- Protege2Jena.saveAll()
2018.03.03 21:41:36.664 GMT+08:00 WARNING: [Local Folder Repository] The specified file must be a directory. (F:\eclipse_64\workspace\serverProject\plugins\edu.stanford.smi.protegex.owl) -- LocalFolderRepository.update()
2018.03.03 21:41:37.727 GMT+08:00 INFO: Loading triples for: file:/C:/ontologyOWL/AllOwlFile/sumoOWL2/sumo_phone3.owl -- ProtegeOWLParser.loadTriples()
2018.03.03 21:41:37.853 GMT+08:00 INFO:     Loaded 10000 triples 256 -- ProtegeOWLParser$ProtegeOWLStatementHandler.printTriplesLoadLogMessage()
2018.03.03 21:41:37.947 GMT+08:00 INFO:     Loaded 20000 triples 224 -- ProtegeOWLParser$ProtegeOWLStatementHandler.printTriplesLoadLogMessage()
2018.03.03 21:41:38.040 GMT+08:00 INFO:     Loaded 30000 triples 259 -- ProtegeOWLParser$ProtegeOWLStatementHandler.printTriplesLoadLogMessage()
2018.03.03 21:41:38.087 GMT+08:00 INFO:     Completed triple loading after 360 ms -- ProtegeOWLParser.loadTriples()
2018.03.03 21:41:38.087 GMT+08:00 INFO: Importing http://www.owl-ontologies.com/MyCamera.owl from location: C:\ontologyOWL\AllOwlFile\DxfCamera\camera.owl -- AbstractOWLModel.loadImportedAssertions()
2018.03.03 21:41:38.087 GMT+08:00 INFO: Loading triples for: http://www.owl-ontologies.com/MyCamera.owl -- ProtegeOWLParser.loadTriples()
2018.03.03 21:41:38.134 GMT+08:00 INFO:     Completed triple loading after 47 ms -- ProtegeOWLParser.loadTriples()
2018.03.03 21:41:38.134 GMT+08:00 INFO: Importing http://sqwrl.stanford.edu/ontologies/built-ins/3.4/sqwrl.owl from location: http://sqwrl.stanford.edu/ontologies/built-ins/3.4/sqwrl.owl -- AbstractOWLModel.loadImportedAssertions()
2018.03.03 21:41:39.195 GMT+08:00 INFO: Loading triples for: http://sqwrl.stanford.edu/ontologies/built-ins/3.4/sqwrl.owl -- ProtegeOWLParser.loadTriples()
2018.03.03 21:41:39.195 GMT+08:00 INFO:     Completed triple loading after 0 ms -- ProtegeOWLParser.loadTriples()
2018.03.03 21:41:39.195 GMT+08:00 INFO: Importing http://swrl.stanford.edu/ontologies/3.3/swrla.owl from location: http://swrl.stanford.edu/ontologies/3.3/swrla.owl -- AbstractOWLModel.loadImportedAssertions()
2018.03.03 21:41:40.194 GMT+08:00 INFO: Loading triples for: http://swrl.stanford.edu/ontologies/3.3/swrla.owl -- ProtegeOWLParser.loadTriples()
2018.03.03 21:41:40.194 GMT+08:00 INFO:     Completed triple loading after 0 ms -- ProtegeOWLParser.loadTriples()
2018.03.03 21:41:40.194 GMT+08:00 INFO: Importing http://www.owl-ontologies.com/Ontology1291624979.owl from location: C:\ontologyOWL\AllOwlFile\zhaoOWL\ColorAndLight.owl -- AbstractOWLModel.loadImportedAssertions()
2018.03.03 21:41:40.194 GMT+08:00 INFO: Loading triples for: http://www.owl-ontologies.com/Ontology1291624979.owl -- ProtegeOWLParser.loadTriples()
2018.03.03 21:41:40.256 GMT+08:00 INFO:     Completed triple loading after 62 ms -- ProtegeOWLParser.loadTriples()
2018.03.03 21:41:40.256 GMT+08:00 INFO: Importing http://www.owl-ontologies.com/Ontology1496659417.owl from location: C:\ontologyOWL\AllOwlFile\InterAction\Interaction.owl -- AbstractOWLModel.loadImportedAssertions()
2018.03.03 21:41:40.256 GMT+08:00 INFO: Loading triples for: http://www.owl-ontologies.com/Ontology1496659417.owl -- ProtegeOWLParser.loadTriples()
2018.03.03 21:41:40.256 GMT+08:00 INFO:     Completed triple loading after 0 ms -- ProtegeOWLParser.loadTriples()
2018.03.03 21:41:40.256 GMT+08:00 INFO: Importing http://www.owl-ontologies.com/OntologyActionFogExpression.owl from location: C:\ontologyOWL\AllOwlFile\JialiOWL\ActionPart.owl -- AbstractOWLModel.loadImportedAssertions()
2018.03.03 21:41:40.256 GMT+08:00 INFO: Loading triples for: http://www.owl-ontologies.com/OntologyActionFogExpression.owl -- ProtegeOWLParser.loadTriples()
2018.03.03 21:41:40.289 GMT+08:00 INFO:     Completed triple loading after 33 ms -- ProtegeOWLParser.loadTriples()
2018.03.03 21:41:40.289 GMT+08:00 INFO: Importing http://www.owl-ontologies.com/OntologyEffect.owl from location: C:\ontologyOWL\AllOwlFile\LHH_Wind\Effect.owl -- AbstractOWLModel.loadImportedAssertions()
2018.03.03 21:41:40.289 GMT+08:00 INFO: Loading triples for: http://www.owl-ontologies.com/OntologyEffect.owl -- ProtegeOWLParser.loadTriples()
2018.03.03 21:41:40.304 GMT+08:00 INFO:     Completed triple loading after 15 ms -- ProtegeOWLParser.loadTriples()
2018.03.03 21:41:40.304 GMT+08:00 INFO: Importing http://www.owl-ontologies.com/Ontology1488534407.owl from location: C:\ontologyOWL\AllOwlFile\FireworkOWL\FireworkOWL.owl -- AbstractOWLModel.loadImportedAssertions()
2018.03.03 21:41:40.304 GMT+08:00 INFO: Loading triples for: http://www.owl-ontologies.com/Ontology1488534407.owl -- ProtegeOWLParser.loadTriples()
2018.03.03 21:41:40.304 GMT+08:00 INFO:     Completed triple loading after 0 ms -- ProtegeOWLParser.loadTriples()
2018.03.03 21:41:40.304 GMT+08:00 INFO: Importing http://www.owl-ontologies.com/Ontology1448934359.owl from location: C:\ontologyOWL\AllOwlFile\Event\Event.owl -- AbstractOWLModel.loadImportedAssertions()
2018.03.03 21:41:40.304 GMT+08:00 INFO: Loading triples for: http://www.owl-ontologies.com/Ontology1448934359.owl -- ProtegeOWLParser.loadTriples()
2018.03.03 21:41:40.320 GMT+08:00 INFO:     Completed triple loading after 16 ms -- ProtegeOWLParser.loadTriples()
2018.03.03 21:41:40.320 GMT+08:00 INFO: Importing http://www.ontologyportal.org/translations/SUMO.owl.txt from location: C:\ontologyOWL\AllOwlFile\sumoOWL2\imports\sumo120.owl -- AbstractOWLModel.loadImportedAssertions()
2018.03.03 21:41:40.320 GMT+08:00 INFO: Loading triples for: http://www.ontologyportal.org/translations/SUMO.owl.txt -- ProtegeOWLParser.loadTriples()
2018.03.03 21:41:40.351 GMT+08:00 INFO:     Completed triple loading after 31 ms -- ProtegeOWLParser.loadTriples()
2018.03.03 21:41:40.351 GMT+08:00 INFO: Importing http://www.owl-ontologies.com/Ontology1457533409.owl from location: C:\ontologyOWL\AllOwlFile\HLLight\TheNewLight.owl -- AbstractOWLModel.loadImportedAssertions()
2018.03.03 21:41:40.367 GMT+08:00 INFO: Loading triples for: http://www.owl-ontologies.com/Ontology1457533409.owl -- ProtegeOWLParser.loadTriples()
2018.03.03 21:41:40.367 GMT+08:00 INFO:     Completed triple loading after 0 ms -- ProtegeOWLParser.loadTriples()
2018.03.03 21:41:40.367 GMT+08:00 INFO: Importing http://www.owl-ontologies.com/Ontology1491747683.owl from location: C:\ontologyOWL\AllOwlFile\MakeBoats\MakeBoats.owl -- AbstractOWLModel.loadImportedAssertions()
2018.03.03 21:41:40.367 GMT+08:00 INFO: Loading triples for: http://www.owl-ontologies.com/Ontology1491747683.owl -- ProtegeOWLParser.loadTriples()
2018.03.03 21:41:40.367 GMT+08:00 INFO:     Completed triple loading after 0 ms -- ProtegeOWLParser.loadTriples()
2018.03.03 21:41:40.367 GMT+08:00 INFO: Importing http://www.owl-ontologies.com/Ontology1492410615.owl from location: C:\ontologyOWL\AllOwlFile\createFire\newfire.owl -- AbstractOWLModel.loadImportedAssertions()
2018.03.03 21:41:40.367 GMT+08:00 INFO: Loading triples for: http://www.owl-ontologies.com/Ontology1492410615.owl -- ProtegeOWLParser.loadTriples()
2018.03.03 21:41:40.367 GMT+08:00 INFO:     Completed triple loading after 0 ms -- ProtegeOWLParser.loadTriples()
2018.03.03 21:41:40.367 GMT+08:00 INFO: Importing http://www.owl-ontologies.com/Ontologyzhen.owl from location: C:\ontologyOWL\AllOwlFile\zhenOWL\zhen.owl -- AbstractOWLModel.loadImportedAssertions()
2018.03.03 21:41:40.367 GMT+08:00 INFO: Loading triples for: http://www.owl-ontologies.com/Ontologyzhen.owl -- ProtegeOWLParser.loadTriples()
2018.03.03 21:41:40.476 GMT+08:00 INFO:     Loaded 10000 triples 160 -- ProtegeOWLParser$ProtegeOWLStatementHandler.printTriplesLoadLogMessage()
2018.03.03 21:41:40.507 GMT+08:00 INFO:     Completed triple loading after 125 ms -- ProtegeOWLParser.loadTriples()
2018.03.03 21:41:40.507 GMT+08:00 INFO: Importing http://www.owl-ontologies.com/Ontology1357699817.owl from location: C:\ontologyOWL\AllOwlFile\Layout\sumo_phone3.owl -- AbstractOWLModel.loadImportedAssertions()
2018.03.03 21:41:40.507 GMT+08:00 INFO: Loading triples for: http://www.owl-ontologies.com/Ontology1357699817.owl -- ProtegeOWLParser.loadTriples()
2018.03.03 21:41:40.554 GMT+08:00 INFO:     Completed triple loading after 47 ms -- ProtegeOWLParser.loadTriples()
2018.03.03 21:41:40.554 GMT+08:00 INFO: Postprocess: Process entities with incorrect Java type (56 entities) ...  -- TriplePostProcessor.processFramesWithWrongJavaType()
2018.03.03 21:41:40.554 GMT+08:00 INFO: 0 ms
 -- TriplePostProcessor.processFramesWithWrongJavaType()
2018.03.03 21:41:40.554 GMT+08:00 INFO: Postprocess: Process metaclasses (3 metaclasses) ...  -- TriplePostProcessor.processMetaclasses()
2018.03.03 21:41:40.554 GMT+08:00 INFO: 0 ms
 -- TriplePostProcessor.processMetaclasses()
2018.03.03 21:41:40.554 GMT+08:00 INFO: Postprocess: Process subclasses of rdf:List (1 classes) ...  -- TriplePostProcessor.processSubclassesOfRdfList()
2018.03.03 21:41:40.554 GMT+08:00 INFO: 0 ms
 -- TriplePostProcessor.processSubclassesOfRdfList()
2018.03.03 21:41:40.554 GMT+08:00 INFO: Postprocess: Instances with multiple types (886 instances) ...  -- TriplePostProcessor.processInstancesWithMultipleTypes()
2018.03.03 21:41:40.554 GMT+08:00 INFO: 0 ms
 -- TriplePostProcessor.processInstancesWithMultipleTypes()
2018.03.03 21:41:40.569 GMT+08:00 INFO: Postprocess: Add inferred superclasses ...  -- TriplePostProcessor.processInferredSuperclasses()
2018.03.03 21:41:40.569 GMT+08:00 INFO: 0 ms
 -- TriplePostProcessor.processInferredSuperclasses()
2018.03.03 21:41:40.569 GMT+08:00 INFO: Postprocess: Process orphan classes (2376 classes) ...  -- TriplePostProcessor.processOrphanClses()
2018.03.03 21:41:40.569 GMT+08:00 INFO: 0 ms
 -- TriplePostProcessor.processOrphanClses()
2018.03.03 21:41:40.569 GMT+08:00 INFO: Postprocess: Generalized Concept Inclusion (0 axioms) ...  -- TriplePostProcessor.processGeneralizedConceptInclusions()
2018.03.03 21:41:40.569 GMT+08:00 INFO: 0 ms
 -- TriplePostProcessor.processGeneralizedConceptInclusions()
2018.03.03 21:41:40.569 GMT+08:00 INFO: Postprocess: Abstract classes...  -- TriplePostProcessor.processAbstractClasses()
2018.03.03 21:41:40.569 GMT+08:00 INFO: 0 ms
 -- TriplePostProcessor.processAbstractClasses()
2018.03.03 21:41:40.569 GMT+08:00 INFO: Postprocess: Domain and range of properties...  -- TriplePostProcessor.processDomainAndRange()
2018.03.03 21:41:40.585 GMT+08:00 INFO: 16 ms
 -- TriplePostProcessor.processDomainAndRange()
2018.03.03 21:41:40.585 GMT+08:00 INFO: Postprocess: Possibly typed entities (15 resources) ...  -- TriplePostProcessor.processPossiblyTypedResources()
2018.03.03 21:41:40.585 GMT+08:00 INFO: 0 ms
 -- TriplePostProcessor.processPossiblyTypedResources()
2018.03.03 21:41:40.585 GMT+08:00 INFO: Updating underlying frames model in 0 ms -- ProtegeOWLParser.doFinalPostProcessing()
2018.03.03 21:41:41.725 GMT+08:00 INFO: Saving import http://www.owl-ontologies.com/MyCamera.owl to C:\ontologyOWL\AllOwlFile\DxfCamera\camera.owl -- Protege2Jena.saveAll()
2018.03.03 21:41:41.788 GMT+08:00 INFO: Saving import http://www.owl-ontologies.com/Ontology1291624979.owl to C:\ontologyOWL\AllOwlFile\zhaoOWL\ColorAndLight.owl -- Protege2Jena.saveAll()
2018.03.03 21:41:41.851 GMT+08:00 INFO: Saving import http://www.owl-ontologies.com/Ontology1496659417.owl to C:\ontologyOWL\AllOwlFile\InterAction\Interaction.owl -- Protege2Jena.saveAll()
2018.03.03 21:41:41.851 GMT+08:00 INFO: Saving import http://www.owl-ontologies.com/OntologyActionFogExpression.owl to C:\ontologyOWL\AllOwlFile\JialiOWL\ActionPart.owl -- Protege2Jena.saveAll()
2018.03.03 21:41:41.882 GMT+08:00 INFO: Saving import http://www.owl-ontologies.com/OntologyEffect.owl to C:\ontologyOWL\AllOwlFile\LHH_Wind\Effect.owl -- Protege2Jena.saveAll()
2018.03.03 21:41:41.913 GMT+08:00 INFO: Saving import http://www.owl-ontologies.com/Ontology1488534407.owl to C:\ontologyOWL\AllOwlFile\FireworkOWL\FireworkOWL.owl -- Protege2Jena.saveAll()
2018.03.03 21:41:41.929 GMT+08:00 INFO: Saving import http://www.owl-ontologies.com/Ontology1448934359.owl to C:\ontologyOWL\AllOwlFile\Event\Event.owl -- Protege2Jena.saveAll()
2018.03.03 21:41:41.929 GMT+08:00 INFO: Saving import http://www.owl-ontologies.com/Ontology1457533409.owl to C:\ontologyOWL\AllOwlFile\HLLight\TheNewLight.owl -- Protege2Jena.saveAll()
2018.03.03 21:41:41.944 GMT+08:00 INFO: Saving import http://www.owl-ontologies.com/Ontology1491747683.owl to C:\ontologyOWL\AllOwlFile\MakeBoats\MakeBoats.owl -- Protege2Jena.saveAll()
2018.03.03 21:41:41.944 GMT+08:00 INFO: Saving import http://www.owl-ontologies.com/Ontology1492410615.owl to C:\ontologyOWL\AllOwlFile\createFire\newfire.owl -- Protege2Jena.saveAll()
2018.03.03 21:41:41.944 GMT+08:00 INFO: Saving import http://www.owl-ontologies.com/Ontologyzhen.owl to C:\ontologyOWL\AllOwlFile\zhenOWL\zhen.owl -- Protege2Jena.saveAll()
2018.03.03 21:41:42.131 GMT+08:00 INFO: Saving import http://www.owl-ontologies.com/Ontology1357699817.owl to C:\ontologyOWL\AllOwlFile\Layout\sumo_phone3.owl -- Protege2Jena.saveAll()
2018.03.03 21:41:42.381 GMT+08:00 INFO: ... saving successful to: C:\ontologyOWL\AllOwlFile\sumoOWL2\sumo_phone3.owl -- Protege2Jena.saveAll()
2018.03.03 21:46:29.620 GMT+08:00 WARNING: [Local Folder Repository] The specified file must be a directory. (F:\eclipse_64\workspace\serverProject\plugins\edu.stanford.smi.protegex.owl) -- LocalFolderRepository.update()
2018.03.03 21:46:30.681 GMT+08:00 INFO: Loading triples for: file:/C:/ontologyOWL/sumoOWL2/sumo_phone3.owl -- ProtegeOWLParser.loadTriples()
2018.03.03 21:46:30.807 GMT+08:00 INFO:     Loaded 10000 triples 232 -- ProtegeOWLParser$ProtegeOWLStatementHandler.printTriplesLoadLogMessage()
2018.03.03 21:46:30.900 GMT+08:00 INFO:     Loaded 20000 triples 185 -- ProtegeOWLParser$ProtegeOWLStatementHandler.printTriplesLoadLogMessage()
2018.03.03 21:46:30.994 GMT+08:00 INFO:     Loaded 30000 triples 244 -- ProtegeOWLParser$ProtegeOWLStatementHandler.printTriplesLoadLogMessage()
2018.03.03 21:46:31.041 GMT+08:00 INFO:     Completed triple loading after 360 ms -- ProtegeOWLParser.loadTriples()
2018.03.03 21:46:31.041 GMT+08:00 INFO: Importing http://www.owl-ontologies.com/MyCamera.owl from location: C:\ontologyOWL\AllOwlFile\DxfCamera\camera.owl -- AbstractOWLModel.loadImportedAssertions()
2018.03.03 21:46:31.041 GMT+08:00 INFO: Loading triples for: http://www.owl-ontologies.com/MyCamera.owl -- ProtegeOWLParser.loadTriples()
2018.03.03 21:46:31.087 GMT+08:00 INFO:     Completed triple loading after 46 ms -- ProtegeOWLParser.loadTriples()
2018.03.03 21:46:31.087 GMT+08:00 INFO: Importing http://sqwrl.stanford.edu/ontologies/built-ins/3.4/sqwrl.owl from location: http://sqwrl.stanford.edu/ontologies/built-ins/3.4/sqwrl.owl -- AbstractOWLModel.loadImportedAssertions()
2018.03.03 21:46:32.101 GMT+08:00 INFO: Loading triples for: http://sqwrl.stanford.edu/ontologies/built-ins/3.4/sqwrl.owl -- ProtegeOWLParser.loadTriples()
2018.03.03 21:46:32.117 GMT+08:00 INFO:     Completed triple loading after 0 ms -- ProtegeOWLParser.loadTriples()
2018.03.03 21:46:32.117 GMT+08:00 INFO: Importing http://swrl.stanford.edu/ontologies/3.3/swrla.owl from location: http://swrl.stanford.edu/ontologies/3.3/swrla.owl -- AbstractOWLModel.loadImportedAssertions()
2018.03.03 21:46:33.163 GMT+08:00 INFO: Loading triples for: http://swrl.stanford.edu/ontologies/3.3/swrla.owl -- ProtegeOWLParser.loadTriples()
2018.03.03 21:46:33.163 GMT+08:00 INFO:     Completed triple loading after 0 ms -- ProtegeOWLParser.loadTriples()
2018.03.03 21:46:33.163 GMT+08:00 INFO: Importing http://www.owl-ontologies.com/Ontology1291624979.owl from location: C:\ontologyOWL\AllOwlFile\zhaoOWL\ColorAndLight.owl -- AbstractOWLModel.loadImportedAssertions()
2018.03.03 21:46:33.163 GMT+08:00 INFO: Loading triples for: http://www.owl-ontologies.com/Ontology1291624979.owl -- ProtegeOWLParser.loadTriples()
2018.03.03 21:46:33.227 GMT+08:00 INFO:     Completed triple loading after 64 ms -- ProtegeOWLParser.loadTriples()
2018.03.03 21:46:33.227 GMT+08:00 INFO: Importing http://www.owl-ontologies.com/Ontology1496659417.owl from location: C:\ontologyOWL\AllOwlFile\InterAction\Interaction.owl -- AbstractOWLModel.loadImportedAssertions()
2018.03.03 21:46:33.227 GMT+08:00 INFO: Loading triples for: http://www.owl-ontologies.com/Ontology1496659417.owl -- ProtegeOWLParser.loadTriples()
2018.03.03 21:46:33.242 GMT+08:00 INFO:     Completed triple loading after 15 ms -- ProtegeOWLParser.loadTriples()
2018.03.03 21:46:33.242 GMT+08:00 INFO: Importing http://www.owl-ontologies.com/OntologyActionFogExpression.owl from location: C:\ontologyOWL\AllOwlFile\JialiOWL\ActionPart.owl -- AbstractOWLModel.loadImportedAssertions()
2018.03.03 21:46:33.242 GMT+08:00 INFO: Loading triples for: http://www.owl-ontologies.com/OntologyActionFogExpression.owl -- ProtegeOWLParser.loadTriples()
2018.03.03 21:46:33.258 GMT+08:00 INFO:     Completed triple loading after 16 ms -- ProtegeOWLParser.loadTriples()
2018.03.03 21:46:33.258 GMT+08:00 INFO: Importing http://www.owl-ontologies.com/OntologyEffect.owl from location: C:\ontologyOWL\AllOwlFile\LHH_Wind\Effect.owl -- AbstractOWLModel.loadImportedAssertions()
2018.03.03 21:46:33.258 GMT+08:00 INFO: Loading triples for: http://www.owl-ontologies.com/OntologyEffect.owl -- ProtegeOWLParser.loadTriples()
2018.03.03 21:46:33.289 GMT+08:00 INFO:     Completed triple loading after 31 ms -- ProtegeOWLParser.loadTriples()
2018.03.03 21:46:33.289 GMT+08:00 INFO: Importing http://www.owl-ontologies.com/Ontology1488534407.owl from location: C:\ontologyOWL\AllOwlFile\FireworkOWL\FireworkOWL.owl -- AbstractOWLModel.loadImportedAssertions()
2018.03.03 21:46:33.289 GMT+08:00 INFO: Loading triples for: http://www.owl-ontologies.com/Ontology1488534407.owl -- ProtegeOWLParser.loadTriples()
2018.03.03 21:46:33.289 GMT+08:00 INFO:     Completed triple loading after 0 ms -- ProtegeOWLParser.loadTriples()
2018.03.03 21:46:33.289 GMT+08:00 INFO: Importing http://www.owl-ontologies.com/Ontology1448934359.owl from location: C:\ontologyOWL\AllOwlFile\Event\Event.owl -- AbstractOWLModel.loadImportedAssertions()
2018.03.03 21:46:33.289 GMT+08:00 INFO: Loading triples for: http://www.owl-ontologies.com/Ontology1448934359.owl -- ProtegeOWLParser.loadTriples()
2018.03.03 21:46:33.305 GMT+08:00 INFO:     Completed triple loading after 16 ms -- ProtegeOWLParser.loadTriples()
2018.03.03 21:46:33.305 GMT+08:00 INFO: Importing http://www.ontologyportal.org/translations/SUMO.owl.txt from location: C:\ontologyOWL\AllOwlFile\sumoOWL2\imports\sumo120.owl -- AbstractOWLModel.loadImportedAssertions()
2018.03.03 21:46:33.305 GMT+08:00 INFO: Loading triples for: http://www.ontologyportal.org/translations/SUMO.owl.txt -- ProtegeOWLParser.loadTriples()
2018.03.03 21:46:33.336 GMT+08:00 INFO:     Completed triple loading after 31 ms -- ProtegeOWLParser.loadTriples()
2018.03.03 21:46:33.336 GMT+08:00 INFO: Importing http://www.owl-ontologies.com/Ontology1457533409.owl from location: C:\ontologyOWL\AllOwlFile\HLLight\TheNewLight.owl -- AbstractOWLModel.loadImportedAssertions()
2018.03.03 21:46:33.336 GMT+08:00 INFO: Loading triples for: http://www.owl-ontologies.com/Ontology1457533409.owl -- ProtegeOWLParser.loadTriples()
2018.03.03 21:46:33.351 GMT+08:00 INFO:     Completed triple loading after 15 ms -- ProtegeOWLParser.loadTriples()
2018.03.03 21:46:33.351 GMT+08:00 INFO: Importing http://www.owl-ontologies.com/Ontology1491747683.owl from location: C:\ontologyOWL\AllOwlFile\MakeBoats\MakeBoats.owl -- AbstractOWLModel.loadImportedAssertions()
2018.03.03 21:46:33.351 GMT+08:00 INFO: Loading triples for: http://www.owl-ontologies.com/Ontology1491747683.owl -- ProtegeOWLParser.loadTriples()
2018.03.03 21:46:33.351 GMT+08:00 INFO:     Completed triple loading after 0 ms -- ProtegeOWLParser.loadTriples()
2018.03.03 21:46:33.351 GMT+08:00 INFO: Importing http://www.owl-ontologies.com/Ontology1492410615.owl from location: C:\ontologyOWL\AllOwlFile\createFire\newfire.owl -- AbstractOWLModel.loadImportedAssertions()
2018.03.03 21:46:33.351 GMT+08:00 INFO: Loading triples for: http://www.owl-ontologies.com/Ontology1492410615.owl -- ProtegeOWLParser.loadTriples()
2018.03.03 21:46:33.351 GMT+08:00 INFO:     Completed triple loading after 0 ms -- ProtegeOWLParser.loadTriples()
2018.03.03 21:46:33.351 GMT+08:00 INFO: Importing http://www.owl-ontologies.com/Ontologyzhen.owl from location: C:\ontologyOWL\AllOwlFile\zhenOWL\zhen.owl -- AbstractOWLModel.loadImportedAssertions()
2018.03.03 21:46:33.351 GMT+08:00 INFO: Loading triples for: http://www.owl-ontologies.com/Ontologyzhen.owl -- ProtegeOWLParser.loadTriples()
2018.03.03 21:46:33.445 GMT+08:00 INFO:     Loaded 10000 triples 137 -- ProtegeOWLParser$ProtegeOWLStatementHandler.printTriplesLoadLogMessage()
2018.03.03 21:46:33.476 GMT+08:00 INFO:     Completed triple loading after 125 ms -- ProtegeOWLParser.loadTriples()
2018.03.03 21:46:33.476 GMT+08:00 INFO: Importing http://www.owl-ontologies.com/Ontology1357699817.owl from location: C:\ontologyOWL\AllOwlFile\Layout\sumo_phone3.owl -- AbstractOWLModel.loadImportedAssertions()
2018.03.03 21:46:33.476 GMT+08:00 INFO: Loading triples for: http://www.owl-ontologies.com/Ontology1357699817.owl -- ProtegeOWLParser.loadTriples()
2018.03.03 21:46:33.523 GMT+08:00 INFO:     Completed triple loading after 31 ms -- ProtegeOWLParser.loadTriples()
2018.03.03 21:46:33.523 GMT+08:00 INFO: Postprocess: Process entities with incorrect Java type (56 entities) ...  -- TriplePostProcessor.processFramesWithWrongJavaType()
2018.03.03 21:46:33.523 GMT+08:00 INFO: 0 ms
 -- TriplePostProcessor.processFramesWithWrongJavaType()
2018.03.03 21:46:33.523 GMT+08:00 INFO: Postprocess: Process metaclasses (3 metaclasses) ...  -- TriplePostProcessor.processMetaclasses()
2018.03.03 21:46:33.523 GMT+08:00 INFO: 0 ms
 -- TriplePostProcessor.processMetaclasses()
2018.03.03 21:46:33.523 GMT+08:00 INFO: Postprocess: Process subclasses of rdf:List (1 classes) ...  -- TriplePostProcessor.processSubclassesOfRdfList()
2018.03.03 21:46:33.523 GMT+08:00 INFO: 0 ms
 -- TriplePostProcessor.processSubclassesOfRdfList()
2018.03.03 21:46:33.523 GMT+08:00 INFO: Postprocess: Instances with multiple types (886 instances) ...  -- TriplePostProcessor.processInstancesWithMultipleTypes()
2018.03.03 21:46:33.523 GMT+08:00 INFO: 0 ms
 -- TriplePostProcessor.processInstancesWithMultipleTypes()
2018.03.03 21:46:33.523 GMT+08:00 INFO: Postprocess: Add inferred superclasses ...  -- TriplePostProcessor.processInferredSuperclasses()
2018.03.03 21:46:33.523 GMT+08:00 INFO: 0 ms
 -- TriplePostProcessor.processInferredSuperclasses()
2018.03.03 21:46:33.523 GMT+08:00 INFO: Postprocess: Process orphan classes (2376 classes) ...  -- TriplePostProcessor.processOrphanClses()
2018.03.03 21:46:33.539 GMT+08:00 INFO: 16 ms
 -- TriplePostProcessor.processOrphanClses()
2018.03.03 21:46:33.539 GMT+08:00 INFO: Postprocess: Generalized Concept Inclusion (0 axioms) ...  -- TriplePostProcessor.processGeneralizedConceptInclusions()
2018.03.03 21:46:33.539 GMT+08:00 INFO: 0 ms
 -- TriplePostProcessor.processGeneralizedConceptInclusions()
2018.03.03 21:46:33.539 GMT+08:00 INFO: Postprocess: Abstract classes...  -- TriplePostProcessor.processAbstractClasses()
2018.03.03 21:46:33.539 GMT+08:00 INFO: 0 ms
 -- TriplePostProcessor.processAbstractClasses()
2018.03.03 21:46:33.539 GMT+08:00 INFO: Postprocess: Domain and range of properties...  -- TriplePostProcessor.processDomainAndRange()
2018.03.03 21:46:33.554 GMT+08:00 INFO: 15 ms
 -- TriplePostProcessor.processDomainAndRange()
2018.03.03 21:46:33.554 GMT+08:00 INFO: Postprocess: Possibly typed entities (15 resources) ...  -- TriplePostProcessor.processPossiblyTypedResources()
2018.03.03 21:46:33.554 GMT+08:00 INFO: 0 ms
 -- TriplePostProcessor.processPossiblyTypedResources()
2018.03.03 21:46:33.554 GMT+08:00 INFO: Updating underlying frames model in 0 ms -- ProtegeOWLParser.doFinalPostProcessing()
2018.03.03 21:46:35.474 GMT+08:00 INFO: Saving import http://www.owl-ontologies.com/MyCamera.owl to C:\ontologyOWL\AllOwlFile\DxfCamera\camera.owl -- Protege2Jena.saveAll()
2018.03.03 21:46:35.553 GMT+08:00 INFO: Saving import http://www.owl-ontologies.com/Ontology1291624979.owl to C:\ontologyOWL\AllOwlFile\zhaoOWL\ColorAndLight.owl -- Protege2Jena.saveAll()
2018.03.03 21:46:35.616 GMT+08:00 INFO: Saving import http://www.owl-ontologies.com/Ontology1496659417.owl to C:\ontologyOWL\AllOwlFile\InterAction\Interaction.owl -- Protege2Jena.saveAll()
2018.03.03 21:46:35.616 GMT+08:00 INFO: Saving import http://www.owl-ontologies.com/OntologyActionFogExpression.owl to C:\ontologyOWL\AllOwlFile\JialiOWL\ActionPart.owl -- Protege2Jena.saveAll()
2018.03.03 21:46:35.647 GMT+08:00 INFO: Saving import http://www.owl-ontologies.com/OntologyEffect.owl to C:\ontologyOWL\AllOwlFile\LHH_Wind\Effect.owl -- Protege2Jena.saveAll()
2018.03.03 21:46:35.678 GMT+08:00 INFO: Saving import http://www.owl-ontologies.com/Ontology1488534407.owl to C:\ontologyOWL\AllOwlFile\FireworkOWL\FireworkOWL.owl -- Protege2Jena.saveAll()
2018.03.03 21:46:35.694 GMT+08:00 INFO: Saving import http://www.owl-ontologies.com/Ontology1448934359.owl to C:\ontologyOWL\AllOwlFile\Event\Event.owl -- Protege2Jena.saveAll()
2018.03.03 21:46:35.709 GMT+08:00 INFO: Saving import http://www.owl-ontologies.com/Ontology1457533409.owl to C:\ontologyOWL\AllOwlFile\HLLight\TheNewLight.owl -- Protege2Jena.saveAll()
2018.03.03 21:46:35.709 GMT+08:00 INFO: Saving import http://www.owl-ontologies.com/Ontology1491747683.owl to C:\ontologyOWL\AllOwlFile\MakeBoats\MakeBoats.owl -- Protege2Jena.saveAll()
2018.03.03 21:46:35.709 GMT+08:00 INFO: Saving import http://www.owl-ontologies.com/Ontology1492410615.owl to C:\ontologyOWL\AllOwlFile\createFire\newfire.owl -- Protege2Jena.saveAll()
2018.03.03 21:46:35.709 GMT+08:00 INFO: Saving import http://www.owl-ontologies.com/Ontologyzhen.owl to C:\ontologyOWL\AllOwlFile\zhenOWL\zhen.owl -- Protege2Jena.saveAll()
2018.03.03 21:46:35.897 GMT+08:00 INFO: Saving import http://www.owl-ontologies.com/Ontology1357699817.owl to C:\ontologyOWL\AllOwlFile\Layout\sumo_phone3.owl -- Protege2Jena.saveAll()
2018.03.03 21:46:36.177 GMT+08:00 INFO: ... saving successful to: C:\ontologyOWL\AllOwlFile\sumoOWL2\sumo_phone3.owl -- Protege2Jena.saveAll()
2018.03.03 21:46:36.209 GMT+08:00 WARNING: [Local Folder Repository] The specified file must be a directory. (F:\eclipse_64\workspace\serverProject\plugins\edu.stanford.smi.protegex.owl) -- LocalFolderRepository.update()
2018.03.03 21:46:37.192 GMT+08:00 INFO: Loading triples for: file:/C:/ontologyOWL/AllOwlFile/sumoOWL2/sumo_phone3.owl -- ProtegeOWLParser.loadTriples()
2018.03.03 21:46:37.318 GMT+08:00 INFO:     Loaded 10000 triples 256 -- ProtegeOWLParser$ProtegeOWLStatementHandler.printTriplesLoadLogMessage()
2018.03.03 21:46:37.412 GMT+08:00 INFO:     Loaded 20000 triples 224 -- ProtegeOWLParser$ProtegeOWLStatementHandler.printTriplesLoadLogMessage()
2018.03.03 21:46:37.490 GMT+08:00 INFO:     Loaded 30000 triples 259 -- ProtegeOWLParser$ProtegeOWLStatementHandler.printTriplesLoadLogMessage()
2018.03.03 21:46:37.537 GMT+08:00 INFO:     Completed triple loading after 345 ms -- ProtegeOWLParser.loadTriples()
2018.03.03 21:46:37.537 GMT+08:00 INFO: Importing http://www.owl-ontologies.com/MyCamera.owl from location: C:\ontologyOWL\AllOwlFile\DxfCamera\camera.owl -- AbstractOWLModel.loadImportedAssertions()
2018.03.03 21:46:37.537 GMT+08:00 INFO: Loading triples for: http://www.owl-ontologies.com/MyCamera.owl -- ProtegeOWLParser.loadTriples()
2018.03.03 21:46:37.583 GMT+08:00 INFO:     Completed triple loading after 46 ms -- ProtegeOWLParser.loadTriples()
2018.03.03 21:46:37.583 GMT+08:00 INFO: Importing http://sqwrl.stanford.edu/ontologies/built-ins/3.4/sqwrl.owl from location: http://sqwrl.stanford.edu/ontologies/built-ins/3.4/sqwrl.owl -- AbstractOWLModel.loadImportedAssertions()
2018.03.03 21:46:38.582 GMT+08:00 INFO: Loading triples for: http://sqwrl.stanford.edu/ontologies/built-ins/3.4/sqwrl.owl -- ProtegeOWLParser.loadTriples()
2018.03.03 21:46:38.582 GMT+08:00 INFO:     Completed triple loading after 0 ms -- ProtegeOWLParser.loadTriples()
2018.03.03 21:46:38.582 GMT+08:00 INFO: Importing http://swrl.stanford.edu/ontologies/3.3/swrla.owl from location: http://swrl.stanford.edu/ontologies/3.3/swrla.owl -- AbstractOWLModel.loadImportedAssertions()
2018.03.03 21:46:39.597 GMT+08:00 INFO: Loading triples for: http://swrl.stanford.edu/ontologies/3.3/swrla.owl -- ProtegeOWLParser.loadTriples()
2018.03.03 21:46:39.597 GMT+08:00 INFO:     Completed triple loading after 0 ms -- ProtegeOWLParser.loadTriples()
2018.03.03 21:46:39.597 GMT+08:00 INFO: Importing http://www.owl-ontologies.com/Ontology1291624979.owl from location: C:\ontologyOWL\AllOwlFile\zhaoOWL\ColorAndLight.owl -- AbstractOWLModel.loadImportedAssertions()
2018.03.03 21:46:39.612 GMT+08:00 INFO: Loading triples for: http://www.owl-ontologies.com/Ontology1291624979.owl -- ProtegeOWLParser.loadTriples()
2018.03.03 21:46:39.676 GMT+08:00 INFO:     Completed triple loading after 64 ms -- ProtegeOWLParser.loadTriples()
2018.03.03 21:46:39.676 GMT+08:00 INFO: Importing http://www.owl-ontologies.com/Ontology1496659417.owl from location: C:\ontologyOWL\AllOwlFile\InterAction\Interaction.owl -- AbstractOWLModel.loadImportedAssertions()
2018.03.03 21:46:39.676 GMT+08:00 INFO: Loading triples for: http://www.owl-ontologies.com/Ontology1496659417.owl -- ProtegeOWLParser.loadTriples()
2018.03.03 21:46:39.691 GMT+08:00 INFO:     Completed triple loading after 15 ms -- ProtegeOWLParser.loadTriples()
2018.03.03 21:46:39.691 GMT+08:00 INFO: Importing http://www.owl-ontologies.com/OntologyActionFogExpression.owl from location: C:\ontologyOWL\AllOwlFile\JialiOWL\ActionPart.owl -- AbstractOWLModel.loadImportedAssertions()
2018.03.03 21:46:39.691 GMT+08:00 INFO: Loading triples for: http://www.owl-ontologies.com/OntologyActionFogExpression.owl -- ProtegeOWLParser.loadTriples()
2018.03.03 21:46:39.707 GMT+08:00 INFO:     Completed triple loading after 16 ms -- ProtegeOWLParser.loadTriples()
2018.03.03 21:46:39.707 GMT+08:00 INFO: Importing http://www.owl-ontologies.com/OntologyEffect.owl from location: C:\ontologyOWL\AllOwlFile\LHH_Wind\Effect.owl -- AbstractOWLModel.loadImportedAssertions()
2018.03.03 21:46:39.707 GMT+08:00 INFO: Loading triples for: http://www.owl-ontologies.com/OntologyEffect.owl -- ProtegeOWLParser.loadTriples()
2018.03.03 21:46:39.738 GMT+08:00 INFO:     Completed triple loading after 31 ms -- ProtegeOWLParser.loadTriples()
2018.03.03 21:46:39.738 GMT+08:00 INFO: Importing http://www.owl-ontologies.com/Ontology1488534407.owl from location: C:\ontologyOWL\AllOwlFile\FireworkOWL\FireworkOWL.owl -- AbstractOWLModel.loadImportedAssertions()
2018.03.03 21:46:39.738 GMT+08:00 INFO: Loading triples for: http://www.owl-ontologies.com/Ontology1488534407.owl -- ProtegeOWLParser.loadTriples()
2018.03.03 21:46:39.738 GMT+08:00 INFO:     Completed triple loading after 0 ms -- ProtegeOWLParser.loadTriples()
2018.03.03 21:46:39.738 GMT+08:00 INFO: Importing http://www.owl-ontologies.com/Ontology1448934359.owl from location: C:\ontologyOWL\AllOwlFile\Event\Event.owl -- AbstractOWLModel.loadImportedAssertions()
2018.03.03 21:46:39.738 GMT+08:00 INFO: Loading triples for: http://www.owl-ontologies.com/Ontology1448934359.owl -- ProtegeOWLParser.loadTriples()
2018.03.03 21:46:39.754 GMT+08:00 INFO:     Completed triple loading after 16 ms -- ProtegeOWLParser.loadTriples()
2018.03.03 21:46:39.754 GMT+08:00 INFO: Importing http://www.ontologyportal.org/translations/SUMO.owl.txt from location: C:\ontologyOWL\AllOwlFile\sumoOWL2\imports\sumo120.owl -- AbstractOWLModel.loadImportedAssertions()
2018.03.03 21:46:39.754 GMT+08:00 INFO: Loading triples for: http://www.ontologyportal.org/translations/SUMO.owl.txt -- ProtegeOWLParser.loadTriples()
2018.03.03 21:46:39.785 GMT+08:00 INFO:     Completed triple loading after 31 ms -- ProtegeOWLParser.loadTriples()
2018.03.03 21:46:39.785 GMT+08:00 INFO: Importing http://www.owl-ontologies.com/Ontology1457533409.owl from location: C:\ontologyOWL\AllOwlFile\HLLight\TheNewLight.owl -- AbstractOWLModel.loadImportedAssertions()
2018.03.03 21:46:39.785 GMT+08:00 INFO: Loading triples for: http://www.owl-ontologies.com/Ontology1457533409.owl -- ProtegeOWLParser.loadTriples()
2018.03.03 21:46:39.785 GMT+08:00 INFO:     Completed triple loading after 0 ms -- ProtegeOWLParser.loadTriples()
2018.03.03 21:46:39.785 GMT+08:00 INFO: Importing http://www.owl-ontologies.com/Ontology1491747683.owl from location: C:\ontologyOWL\AllOwlFile\MakeBoats\MakeBoats.owl -- AbstractOWLModel.loadImportedAssertions()
2018.03.03 21:46:39.801 GMT+08:00 INFO: Loading triples for: http://www.owl-ontologies.com/Ontology1491747683.owl -- ProtegeOWLParser.loadTriples()
2018.03.03 21:46:39.801 GMT+08:00 INFO:     Completed triple loading after 0 ms -- ProtegeOWLParser.loadTriples()
2018.03.03 21:46:39.801 GMT+08:00 INFO: Importing http://www.owl-ontologies.com/Ontology1492410615.owl from location: C:\ontologyOWL\AllOwlFile\createFire\newfire.owl -- AbstractOWLModel.loadImportedAssertions()
2018.03.03 21:46:39.801 GMT+08:00 INFO: Loading triples for: http://www.owl-ontologies.com/Ontology1492410615.owl -- ProtegeOWLParser.loadTriples()
2018.03.03 21:46:39.801 GMT+08:00 INFO:     Completed triple loading after 0 ms -- ProtegeOWLParser.loadTriples()
2018.03.03 21:46:39.801 GMT+08:00 INFO: Importing http://www.owl-ontologies.com/Ontologyzhen.owl from location: C:\ontologyOWL\AllOwlFile\zhenOWL\zhen.owl -- AbstractOWLModel.loadImportedAssertions()
2018.03.03 21:46:39.801 GMT+08:00 INFO: Loading triples for: http://www.owl-ontologies.com/Ontologyzhen.owl -- ProtegeOWLParser.loadTriples()
2018.03.03 21:46:39.879 GMT+08:00 INFO:     Loaded 10000 triples 166 -- ProtegeOWLParser$ProtegeOWLStatementHandler.printTriplesLoadLogMessage()
2018.03.03 21:46:39.910 GMT+08:00 INFO:     Completed triple loading after 109 ms -- ProtegeOWLParser.loadTriples()
2018.03.03 21:46:39.910 GMT+08:00 INFO: Importing http://www.owl-ontologies.com/Ontology1357699817.owl from location: C:\ontologyOWL\AllOwlFile\Layout\sumo_phone3.owl -- AbstractOWLModel.loadImportedAssertions()
2018.03.03 21:46:39.910 GMT+08:00 INFO: Loading triples for: http://www.owl-ontologies.com/Ontology1357699817.owl -- ProtegeOWLParser.loadTriples()
2018.03.03 21:46:39.957 GMT+08:00 INFO:     Completed triple loading after 47 ms -- ProtegeOWLParser.loadTriples()
2018.03.03 21:46:39.957 GMT+08:00 INFO: Postprocess: Process entities with incorrect Java type (56 entities) ...  -- TriplePostProcessor.processFramesWithWrongJavaType()
2018.03.03 21:46:39.957 GMT+08:00 INFO: 0 ms
 -- TriplePostProcessor.processFramesWithWrongJavaType()
2018.03.03 21:46:39.957 GMT+08:00 INFO: Postprocess: Process metaclasses (3 metaclasses) ...  -- TriplePostProcessor.processMetaclasses()
2018.03.03 21:46:39.957 GMT+08:00 INFO: 0 ms
 -- TriplePostProcessor.processMetaclasses()
2018.03.03 21:46:39.957 GMT+08:00 INFO: Postprocess: Process subclasses of rdf:List (1 classes) ...  -- TriplePostProcessor.processSubclassesOfRdfList()
2018.03.03 21:46:39.957 GMT+08:00 INFO: 0 ms
 -- TriplePostProcessor.processSubclassesOfRdfList()
2018.03.03 21:46:39.957 GMT+08:00 INFO: Postprocess: Instances with multiple types (886 instances) ...  -- TriplePostProcessor.processInstancesWithMultipleTypes()
2018.03.03 21:46:39.957 GMT+08:00 INFO: 0 ms
 -- TriplePostProcessor.processInstancesWithMultipleTypes()
2018.03.03 21:46:39.957 GMT+08:00 INFO: Postprocess: Add inferred superclasses ...  -- TriplePostProcessor.processInferredSuperclasses()
2018.03.03 21:46:39.957 GMT+08:00 INFO: 0 ms
 -- TriplePostProcessor.processInferredSuperclasses()
2018.03.03 21:46:39.957 GMT+08:00 INFO: Postprocess: Process orphan classes (2376 classes) ...  -- TriplePostProcessor.processOrphanClses()
2018.03.03 21:46:39.972 GMT+08:00 INFO: 15 ms
 -- TriplePostProcessor.processOrphanClses()
2018.03.03 21:46:39.972 GMT+08:00 INFO: Postprocess: Generalized Concept Inclusion (0 axioms) ...  -- TriplePostProcessor.processGeneralizedConceptInclusions()
2018.03.03 21:46:39.972 GMT+08:00 INFO: 0 ms
 -- TriplePostProcessor.processGeneralizedConceptInclusions()
2018.03.03 21:46:39.972 GMT+08:00 INFO: Postprocess: Abstract classes...  -- TriplePostProcessor.processAbstractClasses()
2018.03.03 21:46:39.972 GMT+08:00 INFO: 0 ms
 -- TriplePostProcessor.processAbstractClasses()
2018.03.03 21:46:39.972 GMT+08:00 INFO: Postprocess: Domain and range of properties...  -- TriplePostProcessor.processDomainAndRange()
2018.03.03 21:46:39.988 GMT+08:00 INFO: 16 ms
 -- TriplePostProcessor.processDomainAndRange()
2018.03.03 21:46:39.988 GMT+08:00 INFO: Postprocess: Possibly typed entities (15 resources) ...  -- TriplePostProcessor.processPossiblyTypedResources()
2018.03.03 21:46:39.988 GMT+08:00 INFO: 0 ms
 -- TriplePostProcessor.processPossiblyTypedResources()
2018.03.03 21:46:39.988 GMT+08:00 INFO: Updating underlying frames model in 0 ms -- ProtegeOWLParser.doFinalPostProcessing()
2018.03.03 21:46:40.660 GMT+08:00 INFO: Saving import http://www.owl-ontologies.com/MyCamera.owl to C:\ontologyOWL\AllOwlFile\DxfCamera\camera.owl -- Protege2Jena.saveAll()
2018.03.03 21:46:40.723 GMT+08:00 INFO: Saving import http://www.owl-ontologies.com/Ontology1291624979.owl to C:\ontologyOWL\AllOwlFile\zhaoOWL\ColorAndLight.owl -- Protege2Jena.saveAll()
2018.03.03 21:46:40.785 GMT+08:00 INFO: Saving import http://www.owl-ontologies.com/Ontology1496659417.owl to C:\ontologyOWL\AllOwlFile\InterAction\Interaction.owl -- Protege2Jena.saveAll()
2018.03.03 21:46:40.785 GMT+08:00 INFO: Saving import http://www.owl-ontologies.com/OntologyActionFogExpression.owl to C:\ontologyOWL\AllOwlFile\JialiOWL\ActionPart.owl -- Protege2Jena.saveAll()
2018.03.03 21:46:40.817 GMT+08:00 INFO: Saving import http://www.owl-ontologies.com/OntologyEffect.owl to C:\ontologyOWL\AllOwlFile\LHH_Wind\Effect.owl -- Protege2Jena.saveAll()
2018.03.03 21:46:40.848 GMT+08:00 INFO: Saving import http://www.owl-ontologies.com/Ontology1488534407.owl to C:\ontologyOWL\AllOwlFile\FireworkOWL\FireworkOWL.owl -- Protege2Jena.saveAll()
2018.03.03 21:46:40.863 GMT+08:00 INFO: Saving import http://www.owl-ontologies.com/Ontology1448934359.owl to C:\ontologyOWL\AllOwlFile\Event\Event.owl -- Protege2Jena.saveAll()
2018.03.03 21:46:40.879 GMT+08:00 INFO: Saving import http://www.owl-ontologies.com/Ontology1457533409.owl to C:\ontologyOWL\AllOwlFile\HLLight\TheNewLight.owl -- Protege2Jena.saveAll()
2018.03.03 21:46:40.879 GMT+08:00 INFO: Saving import http://www.owl-ontologies.com/Ontology1491747683.owl to C:\ontologyOWL\AllOwlFile\MakeBoats\MakeBoats.owl -- Protege2Jena.saveAll()
2018.03.03 21:46:40.879 GMT+08:00 INFO: Saving import http://www.owl-ontologies.com/Ontology1492410615.owl to C:\ontologyOWL\AllOwlFile\createFire\newfire.owl -- Protege2Jena.saveAll()
2018.03.03 21:46:40.879 GMT+08:00 INFO: Saving import http://www.owl-ontologies.com/Ontologyzhen.owl to C:\ontologyOWL\AllOwlFile\zhenOWL\zhen.owl -- Protege2Jena.saveAll()
2018.03.03 21:46:41.051 GMT+08:00 INFO: Saving import http://www.owl-ontologies.com/Ontology1357699817.owl to C:\ontologyOWL\AllOwlFile\Layout\sumo_phone3.owl -- Protege2Jena.saveAll()
2018.03.03 21:46:41.285 GMT+08:00 INFO: ... saving successful to: C:\ontologyOWL\AllOwlFile\sumoOWL2\sumo_phone3.owl -- Protege2Jena.saveAll()
