2018.03.09 14:45:52.304 GMT+08:00 INFO: *** SYSTEM START ***
2018.03.09 14:45:52.724 GMT+08:00 WARNING: [Local Folder Repository] The specified file must be a directory. (F:\eclipse_64\workspace\serverProject\plugins\edu.stanford.smi.protegex.owl) -- LocalFolderRepository.update()
2018.03.09 14:45:53.976 GMT+08:00 INFO: Loading triples for: file:/C:/ontologyOWL/sumoOWL2/sumo_phone3.owl -- ProtegeOWLParser.loadTriples()
2018.03.09 14:45:54.471 GMT+08:00 INFO:     Loaded 10000 triples 253 -- ProtegeOWLParser$ProtegeOWLStatementHandler.printTriplesLoadLogMessage()
2018.03.09 14:45:54.717 GMT+08:00 INFO:     Loaded 20000 triples 222 -- ProtegeOWLParser$ProtegeOWLStatementHandler.printTriplesLoadLogMessage()
2018.03.09 14:45:54.910 GMT+08:00 INFO:     Loaded 30000 triples 258 -- ProtegeOWLParser$ProtegeOWLStatementHandler.printTriplesLoadLogMessage()
2018.03.09 14:45:55.064 GMT+08:00 INFO:     Completed triple loading after 1078 ms -- ProtegeOWLParser.loadTriples()
2018.03.09 14:45:55.064 GMT+08:00 INFO: Importing http://www.owl-ontologies.com/MyCamera.owl from location: C:\ontologyOWL\AllOwlFile\DxfCamera\camera.owl -- AbstractOWLModel.loadImportedAssertions()
2018.03.09 14:45:55.076 GMT+08:00 INFO: Loading triples for: http://www.owl-ontologies.com/MyCamera.owl -- ProtegeOWLParser.loadTriples()
2018.03.09 14:45:55.166 GMT+08:00 INFO:     Completed triple loading after 88 ms -- ProtegeOWLParser.loadTriples()
2018.03.09 14:45:55.166 GMT+08:00 INFO: Importing http://sqwrl.stanford.edu/ontologies/built-ins/3.4/sqwrl.owl from location: http://sqwrl.stanford.edu/ontologies/built-ins/3.4/sqwrl.owl -- AbstractOWLModel.loadImportedAssertions()
2018.03.09 14:45:56.337 GMT+08:00 INFO: Loading triples for: http://sqwrl.stanford.edu/ontologies/built-ins/3.4/sqwrl.owl -- ProtegeOWLParser.loadTriples()
2018.03.09 14:45:56.337 GMT+08:00 INFO:     Completed triple loading after 0 ms -- ProtegeOWLParser.loadTriples()
2018.03.09 14:45:56.337 GMT+08:00 INFO: Importing http://swrl.stanford.edu/ontologies/3.3/swrla.owl from location: http://swrl.stanford.edu/ontologies/3.3/swrla.owl -- AbstractOWLModel.loadImportedAssertions()
2018.03.09 14:45:57.558 GMT+08:00 INFO: Loading triples for: http://swrl.stanford.edu/ontologies/3.3/swrla.owl -- ProtegeOWLParser.loadTriples()
2018.03.09 14:45:57.568 GMT+08:00 INFO:     Completed triple loading after 10 ms -- ProtegeOWLParser.loadTriples()
2018.03.09 14:45:57.568 GMT+08:00 INFO: Importing http://www.owl-ontologies.com/Ontology1291624979.owl from location: C:\ontologyOWL\AllOwlFile\zhaoOWL\ColorAndLight.owl -- AbstractOWLModel.loadImportedAssertions()
2018.03.09 14:45:57.568 GMT+08:00 INFO: Loading triples for: http://www.owl-ontologies.com/Ontology1291624979.owl -- ProtegeOWLParser.loadTriples()
2018.03.09 14:45:57.669 GMT+08:00 INFO:     Completed triple loading after 91 ms -- ProtegeOWLParser.loadTriples()
2018.03.09 14:45:57.669 GMT+08:00 INFO: Importing http://www.owl-ontologies.com/Ontology1496659417.owl from location: C:\ontologyOWL\AllOwlFile\InterAction\Interaction.owl -- AbstractOWLModel.loadImportedAssertions()
2018.03.09 14:45:57.679 GMT+08:00 INFO: Loading triples for: http://www.owl-ontologies.com/Ontology1496659417.owl -- ProtegeOWLParser.loadTriples()
2018.03.09 14:45:57.696 GMT+08:00 INFO:     Completed triple loading after 16 ms -- ProtegeOWLParser.loadTriples()
2018.03.09 14:45:57.696 GMT+08:00 INFO: Importing http://www.owl-ontologies.com/OntologyActionFogExpression.owl from location: C:\ontologyOWL\AllOwlFile\JialiOWL\ActionPart.owl -- AbstractOWLModel.loadImportedAssertions()
2018.03.09 14:45:57.697 GMT+08:00 INFO: Loading triples for: http://www.owl-ontologies.com/OntologyActionFogExpression.owl -- ProtegeOWLParser.loadTriples()
2018.03.09 14:45:57.741 GMT+08:00 INFO:     Completed triple loading after 43 ms -- ProtegeOWLParser.loadTriples()
2018.03.09 14:45:57.741 GMT+08:00 INFO: Importing http://www.owl-ontologies.com/OntologyEffect.owl from location: C:\ontologyOWL\AllOwlFile\LHH_Wind\Effect.owl -- AbstractOWLModel.loadImportedAssertions()
2018.03.09 14:45:57.741 GMT+08:00 INFO: Loading triples for: http://www.owl-ontologies.com/OntologyEffect.owl -- ProtegeOWLParser.loadTriples()
2018.03.09 14:45:57.823 GMT+08:00 INFO:     Completed triple loading after 82 ms -- ProtegeOWLParser.loadTriples()
2018.03.09 14:45:57.823 GMT+08:00 INFO: Importing http://www.owl-ontologies.com/Ontology1488534407.owl from location: C:\ontologyOWL\AllOwlFile\FireworkOWL\FireworkOWL.owl -- AbstractOWLModel.loadImportedAssertions()
2018.03.09 14:45:57.823 GMT+08:00 INFO: Loading triples for: http://www.owl-ontologies.com/Ontology1488534407.owl -- ProtegeOWLParser.loadTriples()
2018.03.09 14:45:57.833 GMT+08:00 INFO:     Completed triple loading after 10 ms -- ProtegeOWLParser.loadTriples()
2018.03.09 14:45:57.833 GMT+08:00 INFO: Importing http://www.owl-ontologies.com/Ontology1448934359.owl from location: C:\ontologyOWL\AllOwlFile\Event\Event.owl -- AbstractOWLModel.loadImportedAssertions()
2018.03.09 14:45:57.833 GMT+08:00 INFO: Loading triples for: http://www.owl-ontologies.com/Ontology1448934359.owl -- ProtegeOWLParser.loadTriples()
2018.03.09 14:45:57.863 GMT+08:00 INFO:     Completed triple loading after 20 ms -- ProtegeOWLParser.loadTriples()
2018.03.09 14:45:57.864 GMT+08:00 INFO: Importing http://www.ontologyportal.org/translations/SUMO.owl.txt from location: C:\ontologyOWL\AllOwlFile\sumoOWL2\imports\sumo120.owl -- AbstractOWLModel.loadImportedAssertions()
2018.03.09 14:45:57.867 GMT+08:00 INFO: Loading triples for: http://www.ontologyportal.org/translations/SUMO.owl.txt -- ProtegeOWLParser.loadTriples()
2018.03.09 14:45:57.925 GMT+08:00 INFO:     Completed triple loading after 58 ms -- ProtegeOWLParser.loadTriples()
2018.03.09 14:45:57.925 GMT+08:00 INFO: Importing http://www.owl-ontologies.com/Ontology1457533409.owl from location: C:\ontologyOWL\AllOwlFile\HLLight\TheNewLight.owl -- AbstractOWLModel.loadImportedAssertions()
2018.03.09 14:45:57.925 GMT+08:00 INFO: Loading triples for: http://www.owl-ontologies.com/Ontology1457533409.owl -- ProtegeOWLParser.loadTriples()
2018.03.09 14:45:57.945 GMT+08:00 INFO:     Completed triple loading after 20 ms -- ProtegeOWLParser.loadTriples()
2018.03.09 14:45:57.945 GMT+08:00 INFO: Importing http://www.owl-ontologies.com/Ontology1491747683.owl from location: C:\ontologyOWL\AllOwlFile\MakeBoats\MakeBoats.owl -- AbstractOWLModel.loadImportedAssertions()
2018.03.09 14:45:57.945 GMT+08:00 INFO: Loading triples for: http://www.owl-ontologies.com/Ontology1491747683.owl -- ProtegeOWLParser.loadTriples()
2018.03.09 14:45:57.945 GMT+08:00 INFO:     Completed triple loading after 0 ms -- ProtegeOWLParser.loadTriples()
2018.03.09 14:45:57.945 GMT+08:00 INFO: Importing http://www.owl-ontologies.com/Ontology1492410615.owl from location: C:\ontologyOWL\AllOwlFile\createFire\newfire.owl -- AbstractOWLModel.loadImportedAssertions()
2018.03.09 14:45:57.955 GMT+08:00 INFO: Loading triples for: http://www.owl-ontologies.com/Ontology1492410615.owl -- ProtegeOWLParser.loadTriples()
2018.03.09 14:45:57.955 GMT+08:00 INFO:     Completed triple loading after 0 ms -- ProtegeOWLParser.loadTriples()
2018.03.09 14:45:57.955 GMT+08:00 INFO: Importing http://www.owl-ontologies.com/Ontologyzhen.owl from location: C:\ontologyOWL\AllOwlFile\zhenOWL\zhen.owl -- AbstractOWLModel.loadImportedAssertions()
2018.03.09 14:45:57.955 GMT+08:00 INFO: Loading triples for: http://www.owl-ontologies.com/Ontologyzhen.owl -- ProtegeOWLParser.loadTriples()
2018.03.09 14:45:58.115 GMT+08:00 INFO:     Loaded 10000 triples 166 -- ProtegeOWLParser$ProtegeOWLStatementHandler.printTriplesLoadLogMessage()
2018.03.09 14:45:58.426 GMT+08:00 INFO:     Completed triple loading after 470 ms -- ProtegeOWLParser.loadTriples()
2018.03.09 14:45:58.426 GMT+08:00 INFO: Importing http://www.owl-ontologies.com/Ontology1357699817.owl from location: C:\ontologyOWL\AllOwlFile\Layout\sumo_phone3.owl -- AbstractOWLModel.loadImportedAssertions()
2018.03.09 14:45:58.427 GMT+08:00 INFO: Loading triples for: http://www.owl-ontologies.com/Ontology1357699817.owl -- ProtegeOWLParser.loadTriples()
2018.03.09 14:45:58.502 GMT+08:00 INFO:     Completed triple loading after 74 ms -- ProtegeOWLParser.loadTriples()
2018.03.09 14:45:58.506 GMT+08:00 INFO: Postprocess: Process entities with incorrect Java type (56 entities) ...  -- TriplePostProcessor.processFramesWithWrongJavaType()
2018.03.09 14:45:58.516 GMT+08:00 INFO: 10 ms
 -- TriplePostProcessor.processFramesWithWrongJavaType()
2018.03.09 14:45:58.516 GMT+08:00 INFO: Postprocess: Process metaclasses (3 metaclasses) ...  -- TriplePostProcessor.processMetaclasses()
2018.03.09 14:45:58.517 GMT+08:00 INFO: 0 ms
 -- TriplePostProcessor.processMetaclasses()
2018.03.09 14:45:58.517 GMT+08:00 INFO: Postprocess: Process subclasses of rdf:List (1 classes) ...  -- TriplePostProcessor.processSubclassesOfRdfList()
2018.03.09 14:45:58.517 GMT+08:00 INFO: 0 ms
 -- TriplePostProcessor.processSubclassesOfRdfList()
2018.03.09 14:45:58.517 GMT+08:00 INFO: Postprocess: Instances with multiple types (886 instances) ...  -- TriplePostProcessor.processInstancesWithMultipleTypes()
2018.03.09 14:45:58.532 GMT+08:00 INFO: 15 ms
 -- TriplePostProcessor.processInstancesWithMultipleTypes()
2018.03.09 14:45:58.536 GMT+08:00 INFO: Postprocess: Add inferred superclasses ...  -- TriplePostProcessor.processInferredSuperclasses()
2018.03.09 14:45:58.541 GMT+08:00 INFO: 5 ms
 -- TriplePostProcessor.processInferredSuperclasses()
2018.03.09 14:45:58.548 GMT+08:00 INFO: Postprocess: Process orphan classes (2376 classes) ...  -- TriplePostProcessor.processOrphanClses()
2018.03.09 14:45:58.565 GMT+08:00 INFO: 17 ms
 -- TriplePostProcessor.processOrphanClses()
2018.03.09 14:45:58.566 GMT+08:00 INFO: Postprocess: Generalized Concept Inclusion (0 axioms) ...  -- TriplePostProcessor.processGeneralizedConceptInclusions()
2018.03.09 14:45:58.566 GMT+08:00 INFO: 0 ms
 -- TriplePostProcessor.processGeneralizedConceptInclusions()
2018.03.09 14:45:58.566 GMT+08:00 INFO: Postprocess: Abstract classes...  -- TriplePostProcessor.processAbstractClasses()
2018.03.09 14:45:58.566 GMT+08:00 INFO: 0 ms
 -- TriplePostProcessor.processAbstractClasses()
2018.03.09 14:45:58.566 GMT+08:00 INFO: Postprocess: Domain and range of properties...  -- TriplePostProcessor.processDomainAndRange()
2018.03.09 14:45:58.600 GMT+08:00 INFO: 34 ms
 -- TriplePostProcessor.processDomainAndRange()
2018.03.09 14:45:58.601 GMT+08:00 INFO: Postprocess: Possibly typed entities (15 resources) ...  -- TriplePostProcessor.processPossiblyTypedResources()
2018.03.09 14:45:58.602 GMT+08:00 INFO: 1 ms
 -- TriplePostProcessor.processPossiblyTypedResources()
2018.03.09 14:45:58.602 GMT+08:00 INFO: Updating underlying frames model in 0 ms -- ProtegeOWLParser.doFinalPostProcessing()
2018.03.09 14:45:58.672 GMT+08:00 INFO: Rule engine 'SWRLJessBridge' registered with the SWRLTab bridge. -- BridgeFactory.registerBridge()
2018.03.09 14:46:02.001 GMT+08:00 INFO: Saving import http://www.owl-ontologies.com/MyCamera.owl to C:\ontologyOWL\AllOwlFile\DxfCamera\camera.owl -- Protege2Jena.saveAll()
2018.03.09 14:46:02.114 GMT+08:00 INFO: Saving import http://www.owl-ontologies.com/Ontology1291624979.owl to C:\ontologyOWL\AllOwlFile\zhaoOWL\ColorAndLight.owl -- Protege2Jena.saveAll()
2018.03.09 14:46:02.214 GMT+08:00 INFO: Saving import http://www.owl-ontologies.com/Ontology1496659417.owl to C:\ontologyOWL\AllOwlFile\InterAction\Interaction.owl -- Protege2Jena.saveAll()
2018.03.09 14:46:02.234 GMT+08:00 INFO: Saving import http://www.owl-ontologies.com/OntologyActionFogExpression.owl to C:\ontologyOWL\AllOwlFile\JialiOWL\ActionPart.owl -- Protege2Jena.saveAll()
2018.03.09 14:46:02.284 GMT+08:00 INFO: Saving import http://www.owl-ontologies.com/OntologyEffect.owl to C:\ontologyOWL\AllOwlFile\LHH_Wind\Effect.owl -- Protege2Jena.saveAll()
2018.03.09 14:46:02.351 GMT+08:00 INFO: Saving import http://www.owl-ontologies.com/Ontology1488534407.owl to C:\ontologyOWL\AllOwlFile\FireworkOWL\FireworkOWL.owl -- Protege2Jena.saveAll()
2018.03.09 14:46:02.366 GMT+08:00 INFO: Saving import http://www.owl-ontologies.com/Ontology1448934359.owl to C:\ontologyOWL\AllOwlFile\Event\Event.owl -- Protege2Jena.saveAll()
2018.03.09 14:46:02.386 GMT+08:00 INFO: Saving import http://www.owl-ontologies.com/Ontology1457533409.owl to C:\ontologyOWL\AllOwlFile\HLLight\TheNewLight.owl -- Protege2Jena.saveAll()
2018.03.09 14:46:02.406 GMT+08:00 INFO: Saving import http://www.owl-ontologies.com/Ontology1491747683.owl to C:\ontologyOWL\AllOwlFile\MakeBoats\MakeBoats.owl -- Protege2Jena.saveAll()
2018.03.09 14:46:02.416 GMT+08:00 INFO: Saving import http://www.owl-ontologies.com/Ontology1492410615.owl to C:\ontologyOWL\AllOwlFile\createFire\newfire.owl -- Protege2Jena.saveAll()
2018.03.09 14:46:02.416 GMT+08:00 INFO: Saving import http://www.owl-ontologies.com/Ontologyzhen.owl to C:\ontologyOWL\AllOwlFile\zhenOWL\zhen.owl -- Protege2Jena.saveAll()
2018.03.09 14:46:02.706 GMT+08:00 INFO: Saving import http://www.owl-ontologies.com/Ontology1357699817.owl to C:\ontologyOWL\AllOwlFile\Layout\sumo_phone3.owl -- Protege2Jena.saveAll()
2018.03.09 14:46:03.146 GMT+08:00 INFO: ... saving successful to: C:\ontologyOWL\AllOwlFile\sumoOWL2\sumo_phone3.owl -- Protege2Jena.saveAll()
2018.03.09 14:46:03.167 GMT+08:00 WARNING: [Local Folder Repository] The specified file must be a directory. (F:\eclipse_64\workspace\serverProject\plugins\edu.stanford.smi.protegex.owl) -- LocalFolderRepository.update()
2018.03.09 14:46:04.259 GMT+08:00 INFO: Loading triples for: file:/C:/ontologyOWL/AllOwlFile/sumoOWL2/sumo_phone3.owl -- ProtegeOWLParser.loadTriples()
2018.03.09 14:46:04.400 GMT+08:00 INFO:     Loaded 10000 triples 253 -- ProtegeOWLParser$ProtegeOWLStatementHandler.printTriplesLoadLogMessage()
2018.03.09 14:46:04.550 GMT+08:00 INFO:     Loaded 20000 triples 222 -- ProtegeOWLParser$ProtegeOWLStatementHandler.printTriplesLoadLogMessage()
2018.03.09 14:46:04.680 GMT+08:00 INFO:     Loaded 30000 triples 258 -- ProtegeOWLParser$ProtegeOWLStatementHandler.printTriplesLoadLogMessage()
2018.03.09 14:46:04.740 GMT+08:00 INFO:     Completed triple loading after 481 ms -- ProtegeOWLParser.loadTriples()
2018.03.09 14:46:04.750 GMT+08:00 INFO: Importing http://www.owl-ontologies.com/MyCamera.owl from location: C:\ontologyOWL\AllOwlFile\DxfCamera\camera.owl -- AbstractOWLModel.loadImportedAssertions()
2018.03.09 14:46:04.750 GMT+08:00 INFO: Loading triples for: http://www.owl-ontologies.com/MyCamera.owl -- ProtegeOWLParser.loadTriples()
2018.03.09 14:46:04.800 GMT+08:00 INFO:     Completed triple loading after 50 ms -- ProtegeOWLParser.loadTriples()
2018.03.09 14:46:04.800 GMT+08:00 INFO: Importing http://sqwrl.stanford.edu/ontologies/built-ins/3.4/sqwrl.owl from location: http://sqwrl.stanford.edu/ontologies/built-ins/3.4/sqwrl.owl -- AbstractOWLModel.loadImportedAssertions()
2018.03.09 14:46:05.850 GMT+08:00 INFO: Loading triples for: http://sqwrl.stanford.edu/ontologies/built-ins/3.4/sqwrl.owl -- ProtegeOWLParser.loadTriples()
2018.03.09 14:46:05.850 GMT+08:00 INFO:     Completed triple loading after 0 ms -- ProtegeOWLParser.loadTriples()
2018.03.09 14:46:05.850 GMT+08:00 INFO: Importing http://swrl.stanford.edu/ontologies/3.3/swrla.owl from location: http://swrl.stanford.edu/ontologies/3.3/swrla.owl -- AbstractOWLModel.loadImportedAssertions()
2018.03.09 14:46:07.031 GMT+08:00 INFO: Loading triples for: http://swrl.stanford.edu/ontologies/3.3/swrla.owl -- ProtegeOWLParser.loadTriples()
2018.03.09 14:46:08.264 GMT+08:00 INFO:     Completed triple loading after 1233 ms -- ProtegeOWLParser.loadTriples()
2018.03.09 14:46:08.264 GMT+08:00 INFO: Importing http://www.owl-ontologies.com/Ontology1291624979.owl from location: C:\ontologyOWL\AllOwlFile\zhaoOWL\ColorAndLight.owl -- AbstractOWLModel.loadImportedAssertions()
2018.03.09 14:46:08.274 GMT+08:00 INFO: Loading triples for: http://www.owl-ontologies.com/Ontology1291624979.owl -- ProtegeOWLParser.loadTriples()
2018.03.09 14:46:08.335 GMT+08:00 INFO:     Completed triple loading after 61 ms -- ProtegeOWLParser.loadTriples()
2018.03.09 14:46:08.335 GMT+08:00 INFO: Importing http://www.owl-ontologies.com/Ontology1496659417.owl from location: C:\ontologyOWL\AllOwlFile\InterAction\Interaction.owl -- AbstractOWLModel.loadImportedAssertions()
2018.03.09 14:46:08.345 GMT+08:00 INFO: Loading triples for: http://www.owl-ontologies.com/Ontology1496659417.owl -- ProtegeOWLParser.loadTriples()
2018.03.09 14:46:08.345 GMT+08:00 INFO:     Completed triple loading after 0 ms -- ProtegeOWLParser.loadTriples()
2018.03.09 14:46:08.345 GMT+08:00 INFO: Importing http://www.owl-ontologies.com/OntologyActionFogExpression.owl from location: C:\ontologyOWL\AllOwlFile\JialiOWL\ActionPart.owl -- AbstractOWLModel.loadImportedAssertions()
2018.03.09 14:46:08.345 GMT+08:00 INFO: Loading triples for: http://www.owl-ontologies.com/OntologyActionFogExpression.owl -- ProtegeOWLParser.loadTriples()
2018.03.09 14:46:08.385 GMT+08:00 INFO:     Completed triple loading after 30 ms -- ProtegeOWLParser.loadTriples()
2018.03.09 14:46:08.385 GMT+08:00 INFO: Importing http://www.owl-ontologies.com/OntologyEffect.owl from location: C:\ontologyOWL\AllOwlFile\LHH_Wind\Effect.owl -- AbstractOWLModel.loadImportedAssertions()
2018.03.09 14:46:08.385 GMT+08:00 INFO: Loading triples for: http://www.owl-ontologies.com/OntologyEffect.owl -- ProtegeOWLParser.loadTriples()
2018.03.09 14:46:08.415 GMT+08:00 INFO:     Completed triple loading after 30 ms -- ProtegeOWLParser.loadTriples()
2018.03.09 14:46:08.415 GMT+08:00 INFO: Importing http://www.owl-ontologies.com/Ontology1488534407.owl from location: C:\ontologyOWL\AllOwlFile\FireworkOWL\FireworkOWL.owl -- AbstractOWLModel.loadImportedAssertions()
2018.03.09 14:46:08.415 GMT+08:00 INFO: Loading triples for: http://www.owl-ontologies.com/Ontology1488534407.owl -- ProtegeOWLParser.loadTriples()
2018.03.09 14:46:08.425 GMT+08:00 INFO:     Completed triple loading after 10 ms -- ProtegeOWLParser.loadTriples()
2018.03.09 14:46:08.425 GMT+08:00 INFO: Importing http://www.owl-ontologies.com/Ontology1448934359.owl from location: C:\ontologyOWL\AllOwlFile\Event\Event.owl -- AbstractOWLModel.loadImportedAssertions()
2018.03.09 14:46:08.425 GMT+08:00 INFO: Loading triples for: http://www.owl-ontologies.com/Ontology1448934359.owl -- ProtegeOWLParser.loadTriples()
2018.03.09 14:46:08.445 GMT+08:00 INFO:     Completed triple loading after 20 ms -- ProtegeOWLParser.loadTriples()
2018.03.09 14:46:08.445 GMT+08:00 INFO: Importing http://www.ontologyportal.org/translations/SUMO.owl.txt from location: C:\ontologyOWL\AllOwlFile\sumoOWL2\imports\sumo120.owl -- AbstractOWLModel.loadImportedAssertions()
2018.03.09 14:46:08.445 GMT+08:00 INFO: Loading triples for: http://www.ontologyportal.org/translations/SUMO.owl.txt -- ProtegeOWLParser.loadTriples()
2018.03.09 14:46:08.495 GMT+08:00 INFO:     Completed triple loading after 50 ms -- ProtegeOWLParser.loadTriples()
2018.03.09 14:46:08.495 GMT+08:00 INFO: Importing http://www.owl-ontologies.com/Ontology1457533409.owl from location: C:\ontologyOWL\AllOwlFile\HLLight\TheNewLight.owl -- AbstractOWLModel.loadImportedAssertions()
2018.03.09 14:46:08.495 GMT+08:00 INFO: Loading triples for: http://www.owl-ontologies.com/Ontology1457533409.owl -- ProtegeOWLParser.loadTriples()
2018.03.09 14:46:08.505 GMT+08:00 INFO:     Completed triple loading after 10 ms -- ProtegeOWLParser.loadTriples()
2018.03.09 14:46:08.505 GMT+08:00 INFO: Importing http://www.owl-ontologies.com/Ontology1491747683.owl from location: C:\ontologyOWL\AllOwlFile\MakeBoats\MakeBoats.owl -- AbstractOWLModel.loadImportedAssertions()
2018.03.09 14:46:08.515 GMT+08:00 INFO: Loading triples for: http://www.owl-ontologies.com/Ontology1491747683.owl -- ProtegeOWLParser.loadTriples()
2018.03.09 14:46:08.515 GMT+08:00 INFO:     Completed triple loading after 0 ms -- ProtegeOWLParser.loadTriples()
2018.03.09 14:46:08.515 GMT+08:00 INFO: Importing http://www.owl-ontologies.com/Ontology1492410615.owl from location: C:\ontologyOWL\AllOwlFile\createFire\newfire.owl -- AbstractOWLModel.loadImportedAssertions()
2018.03.09 14:46:08.515 GMT+08:00 INFO: Loading triples for: http://www.owl-ontologies.com/Ontology1492410615.owl -- ProtegeOWLParser.loadTriples()
2018.03.09 14:46:08.515 GMT+08:00 INFO:     Completed triple loading after 0 ms -- ProtegeOWLParser.loadTriples()
2018.03.09 14:46:08.515 GMT+08:00 INFO: Importing http://www.owl-ontologies.com/Ontologyzhen.owl from location: C:\ontologyOWL\AllOwlFile\zhenOWL\zhen.owl -- AbstractOWLModel.loadImportedAssertions()
2018.03.09 14:46:08.515 GMT+08:00 INFO: Loading triples for: http://www.owl-ontologies.com/Ontologyzhen.owl -- ProtegeOWLParser.loadTriples()
2018.03.09 14:46:09.369 GMT+08:00 INFO:     Loaded 10000 triples 167 -- ProtegeOWLParser$ProtegeOWLStatementHandler.printTriplesLoadLogMessage()
2018.03.09 14:46:09.400 GMT+08:00 INFO:     Completed triple loading after 885 ms -- ProtegeOWLParser.loadTriples()
2018.03.09 14:46:09.400 GMT+08:00 INFO: Importing http://www.owl-ontologies.com/Ontology1357699817.owl from location: C:\ontologyOWL\AllOwlFile\Layout\sumo_phone3.owl -- AbstractOWLModel.loadImportedAssertions()
2018.03.09 14:46:09.400 GMT+08:00 INFO: Loading triples for: http://www.owl-ontologies.com/Ontology1357699817.owl -- ProtegeOWLParser.loadTriples()
2018.03.09 14:46:09.460 GMT+08:00 INFO:     Completed triple loading after 60 ms -- ProtegeOWLParser.loadTriples()
2018.03.09 14:46:09.460 GMT+08:00 INFO: Postprocess: Process entities with incorrect Java type (56 entities) ...  -- TriplePostProcessor.processFramesWithWrongJavaType()
2018.03.09 14:46:09.460 GMT+08:00 INFO: 0 ms
 -- TriplePostProcessor.processFramesWithWrongJavaType()
2018.03.09 14:46:09.460 GMT+08:00 INFO: Postprocess: Process metaclasses (3 metaclasses) ...  -- TriplePostProcessor.processMetaclasses()
2018.03.09 14:46:09.460 GMT+08:00 INFO: 0 ms
 -- TriplePostProcessor.processMetaclasses()
2018.03.09 14:46:09.460 GMT+08:00 INFO: Postprocess: Process subclasses of rdf:List (1 classes) ...  -- TriplePostProcessor.processSubclassesOfRdfList()
2018.03.09 14:46:09.460 GMT+08:00 INFO: 0 ms
 -- TriplePostProcessor.processSubclassesOfRdfList()
2018.03.09 14:46:09.460 GMT+08:00 INFO: Postprocess: Instances with multiple types (886 instances) ...  -- TriplePostProcessor.processInstancesWithMultipleTypes()
2018.03.09 14:46:09.470 GMT+08:00 INFO: 10 ms
 -- TriplePostProcessor.processInstancesWithMultipleTypes()
2018.03.09 14:46:09.480 GMT+08:00 INFO: Postprocess: Add inferred superclasses ...  -- TriplePostProcessor.processInferredSuperclasses()
2018.03.09 14:46:09.480 GMT+08:00 INFO: 0 ms
 -- TriplePostProcessor.processInferredSuperclasses()
2018.03.09 14:46:09.480 GMT+08:00 INFO: Postprocess: Process orphan classes (2376 classes) ...  -- TriplePostProcessor.processOrphanClses()
2018.03.09 14:46:09.490 GMT+08:00 INFO: 10 ms
 -- TriplePostProcessor.processOrphanClses()
2018.03.09 14:46:09.490 GMT+08:00 INFO: Postprocess: Generalized Concept Inclusion (0 axioms) ...  -- TriplePostProcessor.processGeneralizedConceptInclusions()
2018.03.09 14:46:09.490 GMT+08:00 INFO: 0 ms
 -- TriplePostProcessor.processGeneralizedConceptInclusions()
2018.03.09 14:46:09.490 GMT+08:00 INFO: Postprocess: Abstract classes...  -- TriplePostProcessor.processAbstractClasses()
2018.03.09 14:46:09.490 GMT+08:00 INFO: 0 ms
 -- TriplePostProcessor.processAbstractClasses()
2018.03.09 14:46:09.490 GMT+08:00 INFO: Postprocess: Domain and range of properties...  -- TriplePostProcessor.processDomainAndRange()
2018.03.09 14:46:09.520 GMT+08:00 INFO: 30 ms
 -- TriplePostProcessor.processDomainAndRange()
2018.03.09 14:46:09.520 GMT+08:00 INFO: Postprocess: Possibly typed entities (15 resources) ...  -- TriplePostProcessor.processPossiblyTypedResources()
2018.03.09 14:46:09.520 GMT+08:00 INFO: 0 ms
 -- TriplePostProcessor.processPossiblyTypedResources()
2018.03.09 14:46:09.520 GMT+08:00 INFO: Updating underlying frames model in 0 ms -- ProtegeOWLParser.doFinalPostProcessing()
2018.03.09 14:46:10.423 GMT+08:00 INFO: Saving import http://www.owl-ontologies.com/MyCamera.owl to C:\ontologyOWL\AllOwlFile\DxfCamera\camera.owl -- Protege2Jena.saveAll()
2018.03.09 14:46:10.514 GMT+08:00 INFO: Saving import http://www.owl-ontologies.com/Ontology1291624979.owl to C:\ontologyOWL\AllOwlFile\zhaoOWL\ColorAndLight.owl -- Protege2Jena.saveAll()
2018.03.09 14:46:10.666 GMT+08:00 INFO: Saving import http://www.owl-ontologies.com/Ontology1496659417.owl to C:\ontologyOWL\AllOwlFile\InterAction\Interaction.owl -- Protege2Jena.saveAll()
2018.03.09 14:46:10.686 GMT+08:00 INFO: Saving import http://www.owl-ontologies.com/OntologyActionFogExpression.owl to C:\ontologyOWL\AllOwlFile\JialiOWL\ActionPart.owl -- Protege2Jena.saveAll()
2018.03.09 14:46:10.726 GMT+08:00 INFO: Saving import http://www.owl-ontologies.com/OntologyEffect.owl to C:\ontologyOWL\AllOwlFile\LHH_Wind\Effect.owl -- Protege2Jena.saveAll()
2018.03.09 14:46:10.776 GMT+08:00 INFO: Saving import http://www.owl-ontologies.com/Ontology1488534407.owl to C:\ontologyOWL\AllOwlFile\FireworkOWL\FireworkOWL.owl -- Protege2Jena.saveAll()
2018.03.09 14:46:10.786 GMT+08:00 INFO: Saving import http://www.owl-ontologies.com/Ontology1448934359.owl to C:\ontologyOWL\AllOwlFile\Event\Event.owl -- Protege2Jena.saveAll()
2018.03.09 14:46:10.806 GMT+08:00 INFO: Saving import http://www.owl-ontologies.com/Ontology1457533409.owl to C:\ontologyOWL\AllOwlFile\HLLight\TheNewLight.owl -- Protege2Jena.saveAll()
2018.03.09 14:46:10.816 GMT+08:00 INFO: Saving import http://www.owl-ontologies.com/Ontology1491747683.owl to C:\ontologyOWL\AllOwlFile\MakeBoats\MakeBoats.owl -- Protege2Jena.saveAll()
2018.03.09 14:46:10.826 GMT+08:00 INFO: Saving import http://www.owl-ontologies.com/Ontology1492410615.owl to C:\ontologyOWL\AllOwlFile\createFire\newfire.owl -- Protege2Jena.saveAll()
2018.03.09 14:46:10.826 GMT+08:00 INFO: Saving import http://www.owl-ontologies.com/Ontologyzhen.owl to C:\ontologyOWL\AllOwlFile\zhenOWL\zhen.owl -- Protege2Jena.saveAll()
2018.03.09 14:46:11.046 GMT+08:00 INFO: Saving import http://www.owl-ontologies.com/Ontology1357699817.owl to C:\ontologyOWL\AllOwlFile\Layout\sumo_phone3.owl -- Protege2Jena.saveAll()
2018.03.09 14:46:11.396 GMT+08:00 INFO: ... saving successful to: C:\ontologyOWL\AllOwlFile\sumoOWL2\sumo_phone3.owl -- Protege2Jena.saveAll()
2018.03.09 14:46:14.266 GMT+08:00 WARNING: Invalid frame type: DefaultOWLIndividual(http://www.owl-ontologies.com/Ontology1290308675.owl#M_basketball_stands.ma of [DefaultOWLNamedClass(http://www.owl-ontologies.com/Ontology1290308675.owl#Basketball)]) -- AbstractRedirectingDispatch.getDirectOwnSlotValues()
2018.03.09 14:46:14.286 GMT+08:00 WARNING: Invalid frame type: DefaultOWLIndividual(http://www.owl-ontologies.com/Ontology1290308675.owl#M_basketball_stands.ma of [DefaultOWLNamedClass(http://www.owl-ontologies.com/Ontology1290308675.owl#Basketball)]) -- AbstractRedirectingDispatch.getDirectOwnSlotValues()
