2018.03.04 15:30:52.166 GMT+08:00 INFO: *** SYSTEM START ***
2018.03.04 15:30:52.510 GMT+08:00 WARNING: [Local Folder Repository] The specified file must be a directory. (F:\eclipse_64\workspace\serverProject\plugins\edu.stanford.smi.protegex.owl) -- LocalFolderRepository.update()
2018.03.04 15:30:53.680 GMT+08:00 INFO: Loading triples for: file:/C:/ontologyOWL/sumoOWL2/sumo_phone3.owl -- ProtegeOWLParser.loadTriples()
2018.03.04 15:30:54.071 GMT+08:00 INFO:     Loaded 10000 triples 253 -- ProtegeOWLParser$ProtegeOWLStatementHandler.printTriplesLoadLogMessage()
2018.03.04 15:30:54.273 GMT+08:00 INFO:     Loaded 20000 triples 224 -- ProtegeOWLParser$ProtegeOWLStatementHandler.printTriplesLoadLogMessage()
2018.03.04 15:30:54.429 GMT+08:00 INFO:     Loaded 30000 triples 259 -- ProtegeOWLParser$ProtegeOWLStatementHandler.printTriplesLoadLogMessage()
2018.03.04 15:30:54.492 GMT+08:00 INFO:     Completed triple loading after 812 ms -- ProtegeOWLParser.loadTriples()
2018.03.04 15:30:54.492 GMT+08:00 INFO: Importing http://www.owl-ontologies.com/MyCamera.owl from location: C:\ontologyOWL\AllOwlFile\DxfCamera\camera.owl -- AbstractOWLModel.loadImportedAssertions()
2018.03.04 15:30:54.507 GMT+08:00 INFO: Loading triples for: http://www.owl-ontologies.com/MyCamera.owl -- ProtegeOWLParser.loadTriples()
2018.03.04 15:30:54.648 GMT+08:00 INFO:     Completed triple loading after 141 ms -- ProtegeOWLParser.loadTriples()
2018.03.04 15:30:54.648 GMT+08:00 INFO: Importing http://sqwrl.stanford.edu/ontologies/built-ins/3.4/sqwrl.owl from location: http://sqwrl.stanford.edu/ontologies/built-ins/3.4/sqwrl.owl -- AbstractOWLModel.loadImportedAssertions()
2018.03.04 15:30:55.646 GMT+08:00 INFO: Loading triples for: http://sqwrl.stanford.edu/ontologies/built-ins/3.4/sqwrl.owl -- ProtegeOWLParser.loadTriples()
2018.03.04 15:30:55.662 GMT+08:00 INFO:     Completed triple loading after 16 ms -- ProtegeOWLParser.loadTriples()
2018.03.04 15:30:55.662 GMT+08:00 INFO: Importing http://swrl.stanford.edu/ontologies/3.3/swrla.owl from location: http://swrl.stanford.edu/ontologies/3.3/swrla.owl -- AbstractOWLModel.loadImportedAssertions()
2018.03.04 15:30:56.568 GMT+08:00 INFO: Loading triples for: http://swrl.stanford.edu/ontologies/3.3/swrla.owl -- ProtegeOWLParser.loadTriples()
2018.03.04 15:30:56.599 GMT+08:00 INFO:     Completed triple loading after 31 ms -- ProtegeOWLParser.loadTriples()
2018.03.04 15:30:56.599 GMT+08:00 INFO: Importing http://www.owl-ontologies.com/Ontology1291624979.owl from location: C:\ontologyOWL\AllOwlFile\zhaoOWL\ColorAndLight.owl -- AbstractOWLModel.loadImportedAssertions()
2018.03.04 15:30:56.599 GMT+08:00 INFO: Loading triples for: http://www.owl-ontologies.com/Ontology1291624979.owl -- ProtegeOWLParser.loadTriples()
2018.03.04 15:30:56.692 GMT+08:00 INFO:     Completed triple loading after 93 ms -- ProtegeOWLParser.loadTriples()
2018.03.04 15:30:56.692 GMT+08:00 INFO: Importing http://www.owl-ontologies.com/Ontology1496659417.owl from location: C:\ontologyOWL\AllOwlFile\InterAction\Interaction.owl -- AbstractOWLModel.loadImportedAssertions()
2018.03.04 15:30:56.692 GMT+08:00 INFO: Loading triples for: http://www.owl-ontologies.com/Ontology1496659417.owl -- ProtegeOWLParser.loadTriples()
2018.03.04 15:30:56.708 GMT+08:00 INFO:     Completed triple loading after 16 ms -- ProtegeOWLParser.loadTriples()
2018.03.04 15:30:56.708 GMT+08:00 INFO: Importing http://www.owl-ontologies.com/OntologyActionFogExpression.owl from location: C:\ontologyOWL\AllOwlFile\JialiOWL\ActionPart.owl -- AbstractOWLModel.loadImportedAssertions()
2018.03.04 15:30:56.708 GMT+08:00 INFO: Loading triples for: http://www.owl-ontologies.com/OntologyActionFogExpression.owl -- ProtegeOWLParser.loadTriples()
2018.03.04 15:30:56.739 GMT+08:00 INFO:     Completed triple loading after 31 ms -- ProtegeOWLParser.loadTriples()
2018.03.04 15:30:56.739 GMT+08:00 INFO: Importing http://www.owl-ontologies.com/OntologyEffect.owl from location: C:\ontologyOWL\AllOwlFile\LHH_Wind\Effect.owl -- AbstractOWLModel.loadImportedAssertions()
2018.03.04 15:30:56.739 GMT+08:00 INFO: Loading triples for: http://www.owl-ontologies.com/OntologyEffect.owl -- ProtegeOWLParser.loadTriples()
2018.03.04 15:30:56.770 GMT+08:00 INFO:     Completed triple loading after 31 ms -- ProtegeOWLParser.loadTriples()
2018.03.04 15:30:56.770 GMT+08:00 INFO: Importing http://www.owl-ontologies.com/Ontology1488534407.owl from location: C:\ontologyOWL\AllOwlFile\FireworkOWL\FireworkOWL.owl -- AbstractOWLModel.loadImportedAssertions()
2018.03.04 15:30:56.770 GMT+08:00 INFO: Loading triples for: http://www.owl-ontologies.com/Ontology1488534407.owl -- ProtegeOWLParser.loadTriples()
2018.03.04 15:30:56.786 GMT+08:00 INFO:     Completed triple loading after 16 ms -- ProtegeOWLParser.loadTriples()
2018.03.04 15:30:56.786 GMT+08:00 INFO: Importing http://www.owl-ontologies.com/Ontology1448934359.owl from location: C:\ontologyOWL\AllOwlFile\Event\Event.owl -- AbstractOWLModel.loadImportedAssertions()
2018.03.04 15:30:56.786 GMT+08:00 INFO: Loading triples for: http://www.owl-ontologies.com/Ontology1448934359.owl -- ProtegeOWLParser.loadTriples()
2018.03.04 15:30:56.802 GMT+08:00 INFO:     Completed triple loading after 16 ms -- ProtegeOWLParser.loadTriples()
2018.03.04 15:30:56.802 GMT+08:00 INFO: Importing http://www.ontologyportal.org/translations/SUMO.owl.txt from location: C:\ontologyOWL\AllOwlFile\sumoOWL2\imports\sumo120.owl -- AbstractOWLModel.loadImportedAssertions()
2018.03.04 15:30:56.802 GMT+08:00 INFO: Loading triples for: http://www.ontologyportal.org/translations/SUMO.owl.txt -- ProtegeOWLParser.loadTriples()
2018.03.04 15:30:56.860 GMT+08:00 INFO:     Completed triple loading after 58 ms -- ProtegeOWLParser.loadTriples()
2018.03.04 15:30:56.860 GMT+08:00 INFO: Importing http://www.owl-ontologies.com/Ontology1457533409.owl from location: C:\ontologyOWL\AllOwlFile\HLLight\TheNewLight.owl -- AbstractOWLModel.loadImportedAssertions()
2018.03.04 15:30:56.860 GMT+08:00 INFO: Loading triples for: http://www.owl-ontologies.com/Ontology1457533409.owl -- ProtegeOWLParser.loadTriples()
2018.03.04 15:30:56.876 GMT+08:00 INFO:     Completed triple loading after 16 ms -- ProtegeOWLParser.loadTriples()
2018.03.04 15:30:56.876 GMT+08:00 INFO: Importing http://www.owl-ontologies.com/Ontology1491747683.owl from location: C:\ontologyOWL\AllOwlFile\MakeBoats\MakeBoats.owl -- AbstractOWLModel.loadImportedAssertions()
2018.03.04 15:30:56.876 GMT+08:00 INFO: Loading triples for: http://www.owl-ontologies.com/Ontology1491747683.owl -- ProtegeOWLParser.loadTriples()
2018.03.04 15:30:56.876 GMT+08:00 INFO:     Completed triple loading after 0 ms -- ProtegeOWLParser.loadTriples()
2018.03.04 15:30:56.876 GMT+08:00 INFO: Importing http://www.owl-ontologies.com/Ontology1492410615.owl from location: C:\ontologyOWL\AllOwlFile\createFire\newfire.owl -- AbstractOWLModel.loadImportedAssertions()
2018.03.04 15:30:56.876 GMT+08:00 INFO: Loading triples for: http://www.owl-ontologies.com/Ontology1492410615.owl -- ProtegeOWLParser.loadTriples()
2018.03.04 15:30:56.876 GMT+08:00 INFO:     Completed triple loading after 0 ms -- ProtegeOWLParser.loadTriples()
2018.03.04 15:30:56.876 GMT+08:00 INFO: Importing http://www.owl-ontologies.com/Ontologyzhen.owl from location: C:\ontologyOWL\AllOwlFile\zhenOWL\zhen.owl -- AbstractOWLModel.loadImportedAssertions()
2018.03.04 15:30:56.892 GMT+08:00 INFO: Loading triples for: http://www.owl-ontologies.com/Ontologyzhen.owl -- ProtegeOWLParser.loadTriples()
2018.03.04 15:30:57.219 GMT+08:00 INFO:     Loaded 10000 triples 168 -- ProtegeOWLParser$ProtegeOWLStatementHandler.printTriplesLoadLogMessage()
2018.03.04 15:30:57.250 GMT+08:00 INFO:     Completed triple loading after 358 ms -- ProtegeOWLParser.loadTriples()
2018.03.04 15:30:57.250 GMT+08:00 INFO: Importing http://www.owl-ontologies.com/Ontology1357699817.owl from location: C:\ontologyOWL\AllOwlFile\Layout\sumo_phone3.owl -- AbstractOWLModel.loadImportedAssertions()
2018.03.04 15:30:57.250 GMT+08:00 INFO: Loading triples for: http://www.owl-ontologies.com/Ontology1357699817.owl -- ProtegeOWLParser.loadTriples()
2018.03.04 15:30:57.297 GMT+08:00 INFO:     Completed triple loading after 47 ms -- ProtegeOWLParser.loadTriples()
2018.03.04 15:30:57.297 GMT+08:00 INFO: Postprocess: Process entities with incorrect Java type (56 entities) ...  -- TriplePostProcessor.processFramesWithWrongJavaType()
2018.03.04 15:30:57.313 GMT+08:00 INFO: 16 ms
 -- TriplePostProcessor.processFramesWithWrongJavaType()
2018.03.04 15:30:57.313 GMT+08:00 INFO: Postprocess: Process metaclasses (3 metaclasses) ...  -- TriplePostProcessor.processMetaclasses()
2018.03.04 15:30:57.313 GMT+08:00 INFO: 0 ms
 -- TriplePostProcessor.processMetaclasses()
2018.03.04 15:30:57.313 GMT+08:00 INFO: Postprocess: Process subclasses of rdf:List (1 classes) ...  -- TriplePostProcessor.processSubclassesOfRdfList()
2018.03.04 15:30:57.313 GMT+08:00 INFO: 0 ms
 -- TriplePostProcessor.processSubclassesOfRdfList()
2018.03.04 15:30:57.313 GMT+08:00 INFO: Postprocess: Instances with multiple types (886 instances) ...  -- TriplePostProcessor.processInstancesWithMultipleTypes()
2018.03.04 15:30:57.328 GMT+08:00 INFO: 15 ms
 -- TriplePostProcessor.processInstancesWithMultipleTypes()
2018.03.04 15:30:57.328 GMT+08:00 INFO: Postprocess: Add inferred superclasses ...  -- TriplePostProcessor.processInferredSuperclasses()
2018.03.04 15:30:57.328 GMT+08:00 INFO: 0 ms
 -- TriplePostProcessor.processInferredSuperclasses()
2018.03.04 15:30:57.328 GMT+08:00 INFO: Postprocess: Process orphan classes (2376 classes) ...  -- TriplePostProcessor.processOrphanClses()
2018.03.04 15:30:57.344 GMT+08:00 INFO: 16 ms
 -- TriplePostProcessor.processOrphanClses()
2018.03.04 15:30:57.344 GMT+08:00 INFO: Postprocess: Generalized Concept Inclusion (0 axioms) ...  -- TriplePostProcessor.processGeneralizedConceptInclusions()
2018.03.04 15:30:57.344 GMT+08:00 INFO: 0 ms
 -- TriplePostProcessor.processGeneralizedConceptInclusions()
2018.03.04 15:30:57.344 GMT+08:00 INFO: Postprocess: Abstract classes...  -- TriplePostProcessor.processAbstractClasses()
2018.03.04 15:30:57.344 GMT+08:00 INFO: 0 ms
 -- TriplePostProcessor.processAbstractClasses()
2018.03.04 15:30:57.344 GMT+08:00 INFO: Postprocess: Domain and range of properties...  -- TriplePostProcessor.processDomainAndRange()
2018.03.04 15:30:57.375 GMT+08:00 INFO: 31 ms
 -- TriplePostProcessor.processDomainAndRange()
2018.03.04 15:30:57.375 GMT+08:00 INFO: Postprocess: Possibly typed entities (15 resources) ...  -- TriplePostProcessor.processPossiblyTypedResources()
2018.03.04 15:30:57.375 GMT+08:00 INFO: 0 ms
 -- TriplePostProcessor.processPossiblyTypedResources()
2018.03.04 15:30:57.375 GMT+08:00 INFO: Updating underlying frames model in 0 ms -- ProtegeOWLParser.doFinalPostProcessing()
2018.03.04 15:30:57.875 GMT+08:00 INFO: Rule engine 'SWRLJessBridge' registered with the SWRLTab bridge. -- BridgeFactory.registerBridge()
2018.03.04 15:30:59.781 GMT+08:00 INFO: Saving import http://www.owl-ontologies.com/MyCamera.owl to C:\ontologyOWL\AllOwlFile\DxfCamera\camera.owl -- Protege2Jena.saveAll()
2018.03.04 15:30:59.875 GMT+08:00 INFO: Saving import http://www.owl-ontologies.com/Ontology1291624979.owl to C:\ontologyOWL\AllOwlFile\zhaoOWL\ColorAndLight.owl -- Protege2Jena.saveAll()
2018.03.04 15:31:00.000 GMT+08:00 INFO: Saving import http://www.owl-ontologies.com/Ontology1496659417.owl to C:\ontologyOWL\AllOwlFile\InterAction\Interaction.owl -- Protege2Jena.saveAll()
2018.03.04 15:31:00.016 GMT+08:00 INFO: Saving import http://www.owl-ontologies.com/OntologyActionFogExpression.owl to C:\ontologyOWL\AllOwlFile\JialiOWL\ActionPart.owl -- Protege2Jena.saveAll()
2018.03.04 15:31:00.047 GMT+08:00 INFO: Saving import http://www.owl-ontologies.com/OntologyEffect.owl to C:\ontologyOWL\AllOwlFile\LHH_Wind\Effect.owl -- Protege2Jena.saveAll()
2018.03.04 15:31:00.094 GMT+08:00 INFO: Saving import http://www.owl-ontologies.com/Ontology1488534407.owl to C:\ontologyOWL\AllOwlFile\FireworkOWL\FireworkOWL.owl -- Protege2Jena.saveAll()
2018.03.04 15:31:00.109 GMT+08:00 INFO: Saving import http://www.owl-ontologies.com/Ontology1448934359.owl to C:\ontologyOWL\AllOwlFile\Event\Event.owl -- Protege2Jena.saveAll()
2018.03.04 15:31:00.125 GMT+08:00 INFO: Saving import http://www.owl-ontologies.com/Ontology1457533409.owl to C:\ontologyOWL\AllOwlFile\HLLight\TheNewLight.owl -- Protege2Jena.saveAll()
2018.03.04 15:31:00.140 GMT+08:00 INFO: Saving import http://www.owl-ontologies.com/Ontology1491747683.owl to C:\ontologyOWL\AllOwlFile\MakeBoats\MakeBoats.owl -- Protege2Jena.saveAll()
2018.03.04 15:31:00.140 GMT+08:00 INFO: Saving import http://www.owl-ontologies.com/Ontology1492410615.owl to C:\ontologyOWL\AllOwlFile\createFire\newfire.owl -- Protege2Jena.saveAll()
2018.03.04 15:31:00.140 GMT+08:00 INFO: Saving import http://www.owl-ontologies.com/Ontologyzhen.owl to C:\ontologyOWL\AllOwlFile\zhenOWL\zhen.owl -- Protege2Jena.saveAll()
2018.03.04 15:31:00.406 GMT+08:00 INFO: Saving import http://www.owl-ontologies.com/Ontology1357699817.owl to C:\ontologyOWL\AllOwlFile\Layout\sumo_phone3.owl -- Protege2Jena.saveAll()
2018.03.04 15:31:00.827 GMT+08:00 INFO: ... saving successful to: C:\ontologyOWL\AllOwlFile\sumoOWL2\sumo_phone3.owl -- Protege2Jena.saveAll()
2018.03.04 15:31:00.858 GMT+08:00 WARNING: [Local Folder Repository] The specified file must be a directory. (F:\eclipse_64\workspace\serverProject\plugins\edu.stanford.smi.protegex.owl) -- LocalFolderRepository.update()
2018.03.04 15:31:01.865 GMT+08:00 INFO: Loading triples for: file:/C:/ontologyOWL/AllOwlFile/sumoOWL2/sumo_phone3.owl -- ProtegeOWLParser.loadTriples()
2018.03.04 15:31:02.006 GMT+08:00 INFO:     Loaded 10000 triples 253 -- ProtegeOWLParser$ProtegeOWLStatementHandler.printTriplesLoadLogMessage()
2018.03.04 15:31:02.115 GMT+08:00 INFO:     Loaded 20000 triples 224 -- ProtegeOWLParser$ProtegeOWLStatementHandler.printTriplesLoadLogMessage()
2018.03.04 15:31:02.209 GMT+08:00 INFO:     Loaded 30000 triples 259 -- ProtegeOWLParser$ProtegeOWLStatementHandler.printTriplesLoadLogMessage()
2018.03.04 15:31:02.256 GMT+08:00 INFO:     Completed triple loading after 391 ms -- ProtegeOWLParser.loadTriples()
2018.03.04 15:31:02.256 GMT+08:00 INFO: Importing http://www.owl-ontologies.com/MyCamera.owl from location: C:\ontologyOWL\AllOwlFile\DxfCamera\camera.owl -- AbstractOWLModel.loadImportedAssertions()
2018.03.04 15:31:02.271 GMT+08:00 INFO: Loading triples for: http://www.owl-ontologies.com/MyCamera.owl -- ProtegeOWLParser.loadTriples()
2018.03.04 15:31:02.303 GMT+08:00 INFO:     Completed triple loading after 32 ms -- ProtegeOWLParser.loadTriples()
2018.03.04 15:31:02.303 GMT+08:00 INFO: Importing http://sqwrl.stanford.edu/ontologies/built-ins/3.4/sqwrl.owl from location: http://sqwrl.stanford.edu/ontologies/built-ins/3.4/sqwrl.owl -- AbstractOWLModel.loadImportedAssertions()
2018.03.04 15:31:03.270 GMT+08:00 INFO: Loading triples for: http://sqwrl.stanford.edu/ontologies/built-ins/3.4/sqwrl.owl -- ProtegeOWLParser.loadTriples()
2018.03.04 15:31:03.285 GMT+08:00 INFO:     Completed triple loading after 15 ms -- ProtegeOWLParser.loadTriples()
2018.03.04 15:31:03.285 GMT+08:00 INFO: Importing http://swrl.stanford.edu/ontologies/3.3/swrla.owl from location: http://swrl.stanford.edu/ontologies/3.3/swrla.owl -- AbstractOWLModel.loadImportedAssertions()
2018.03.04 15:31:04.285 GMT+08:00 INFO: Loading triples for: http://swrl.stanford.edu/ontologies/3.3/swrla.owl -- ProtegeOWLParser.loadTriples()
2018.03.04 15:31:04.300 GMT+08:00 INFO:     Completed triple loading after 15 ms -- ProtegeOWLParser.loadTriples()
2018.03.04 15:31:04.300 GMT+08:00 INFO: Importing http://www.owl-ontologies.com/Ontology1291624979.owl from location: C:\ontologyOWL\AllOwlFile\zhaoOWL\ColorAndLight.owl -- AbstractOWLModel.loadImportedAssertions()
2018.03.04 15:31:04.300 GMT+08:00 INFO: Loading triples for: http://www.owl-ontologies.com/Ontology1291624979.owl -- ProtegeOWLParser.loadTriples()
2018.03.04 15:31:04.395 GMT+08:00 INFO:     Completed triple loading after 95 ms -- ProtegeOWLParser.loadTriples()
2018.03.04 15:31:04.395 GMT+08:00 INFO: Importing http://www.owl-ontologies.com/Ontology1496659417.owl from location: C:\ontologyOWL\AllOwlFile\InterAction\Interaction.owl -- AbstractOWLModel.loadImportedAssertions()
2018.03.04 15:31:04.395 GMT+08:00 INFO: Loading triples for: http://www.owl-ontologies.com/Ontology1496659417.owl -- ProtegeOWLParser.loadTriples()
2018.03.04 15:31:04.395 GMT+08:00 INFO:     Completed triple loading after 0 ms -- ProtegeOWLParser.loadTriples()
2018.03.04 15:31:04.395 GMT+08:00 INFO: Importing http://www.owl-ontologies.com/OntologyActionFogExpression.owl from location: C:\ontologyOWL\AllOwlFile\JialiOWL\ActionPart.owl -- AbstractOWLModel.loadImportedAssertions()
2018.03.04 15:31:04.411 GMT+08:00 INFO: Loading triples for: http://www.owl-ontologies.com/OntologyActionFogExpression.owl -- ProtegeOWLParser.loadTriples()
2018.03.04 15:31:04.426 GMT+08:00 INFO:     Completed triple loading after 15 ms -- ProtegeOWLParser.loadTriples()
2018.03.04 15:31:04.426 GMT+08:00 INFO: Importing http://www.owl-ontologies.com/OntologyEffect.owl from location: C:\ontologyOWL\AllOwlFile\LHH_Wind\Effect.owl -- AbstractOWLModel.loadImportedAssertions()
2018.03.04 15:31:04.426 GMT+08:00 INFO: Loading triples for: http://www.owl-ontologies.com/OntologyEffect.owl -- ProtegeOWLParser.loadTriples()
2018.03.04 15:31:04.457 GMT+08:00 INFO:     Completed triple loading after 31 ms -- ProtegeOWLParser.loadTriples()
2018.03.04 15:31:04.457 GMT+08:00 INFO: Importing http://www.owl-ontologies.com/Ontology1488534407.owl from location: C:\ontologyOWL\AllOwlFile\FireworkOWL\FireworkOWL.owl -- AbstractOWLModel.loadImportedAssertions()
2018.03.04 15:31:04.457 GMT+08:00 INFO: Loading triples for: http://www.owl-ontologies.com/Ontology1488534407.owl -- ProtegeOWLParser.loadTriples()
2018.03.04 15:31:04.457 GMT+08:00 INFO:     Completed triple loading after 0 ms -- ProtegeOWLParser.loadTriples()
2018.03.04 15:31:04.457 GMT+08:00 INFO: Importing http://www.owl-ontologies.com/Ontology1448934359.owl from location: C:\ontologyOWL\AllOwlFile\Event\Event.owl -- AbstractOWLModel.loadImportedAssertions()
2018.03.04 15:31:04.457 GMT+08:00 INFO: Loading triples for: http://www.owl-ontologies.com/Ontology1448934359.owl -- ProtegeOWLParser.loadTriples()
2018.03.04 15:31:04.473 GMT+08:00 INFO:     Completed triple loading after 16 ms -- ProtegeOWLParser.loadTriples()
2018.03.04 15:31:04.473 GMT+08:00 INFO: Importing http://www.ontologyportal.org/translations/SUMO.owl.txt from location: C:\ontologyOWL\AllOwlFile\sumoOWL2\imports\sumo120.owl -- AbstractOWLModel.loadImportedAssertions()
2018.03.04 15:31:04.473 GMT+08:00 INFO: Loading triples for: http://www.ontologyportal.org/translations/SUMO.owl.txt -- ProtegeOWLParser.loadTriples()
2018.03.04 15:31:04.520 GMT+08:00 INFO:     Completed triple loading after 47 ms -- ProtegeOWLParser.loadTriples()
2018.03.04 15:31:04.520 GMT+08:00 INFO: Importing http://www.owl-ontologies.com/Ontology1457533409.owl from location: C:\ontologyOWL\AllOwlFile\HLLight\TheNewLight.owl -- AbstractOWLModel.loadImportedAssertions()
2018.03.04 15:31:04.520 GMT+08:00 INFO: Loading triples for: http://www.owl-ontologies.com/Ontology1457533409.owl -- ProtegeOWLParser.loadTriples()
2018.03.04 15:31:04.520 GMT+08:00 INFO:     Completed triple loading after 0 ms -- ProtegeOWLParser.loadTriples()
2018.03.04 15:31:04.520 GMT+08:00 INFO: Importing http://www.owl-ontologies.com/Ontology1491747683.owl from location: C:\ontologyOWL\AllOwlFile\MakeBoats\MakeBoats.owl -- AbstractOWLModel.loadImportedAssertions()
2018.03.04 15:31:04.520 GMT+08:00 INFO: Loading triples for: http://www.owl-ontologies.com/Ontology1491747683.owl -- ProtegeOWLParser.loadTriples()
2018.03.04 15:31:04.520 GMT+08:00 INFO:     Completed triple loading after 0 ms -- ProtegeOWLParser.loadTriples()
2018.03.04 15:31:04.520 GMT+08:00 INFO: Importing http://www.owl-ontologies.com/Ontology1492410615.owl from location: C:\ontologyOWL\AllOwlFile\createFire\newfire.owl -- AbstractOWLModel.loadImportedAssertions()
2018.03.04 15:31:04.535 GMT+08:00 INFO: Loading triples for: http://www.owl-ontologies.com/Ontology1492410615.owl -- ProtegeOWLParser.loadTriples()
2018.03.04 15:31:04.535 GMT+08:00 INFO:     Completed triple loading after 0 ms -- ProtegeOWLParser.loadTriples()
2018.03.04 15:31:04.535 GMT+08:00 INFO: Importing http://www.owl-ontologies.com/Ontologyzhen.owl from location: C:\ontologyOWL\AllOwlFile\zhenOWL\zhen.owl -- AbstractOWLModel.loadImportedAssertions()
2018.03.04 15:31:04.535 GMT+08:00 INFO: Loading triples for: http://www.owl-ontologies.com/Ontologyzhen.owl -- ProtegeOWLParser.loadTriples()
2018.03.04 15:31:04.910 GMT+08:00 INFO:     Loaded 10000 triples 162 -- ProtegeOWLParser$ProtegeOWLStatementHandler.printTriplesLoadLogMessage()
2018.03.04 15:31:04.941 GMT+08:00 INFO:     Completed triple loading after 406 ms -- ProtegeOWLParser.loadTriples()
2018.03.04 15:31:04.941 GMT+08:00 INFO: Importing http://www.owl-ontologies.com/Ontology1357699817.owl from location: C:\ontologyOWL\AllOwlFile\Layout\sumo_phone3.owl -- AbstractOWLModel.loadImportedAssertions()
2018.03.04 15:31:04.941 GMT+08:00 INFO: Loading triples for: http://www.owl-ontologies.com/Ontology1357699817.owl -- ProtegeOWLParser.loadTriples()
2018.03.04 15:31:04.988 GMT+08:00 INFO:     Completed triple loading after 47 ms -- ProtegeOWLParser.loadTriples()
2018.03.04 15:31:04.988 GMT+08:00 INFO: Postprocess: Process entities with incorrect Java type (56 entities) ...  -- TriplePostProcessor.processFramesWithWrongJavaType()
2018.03.04 15:31:04.988 GMT+08:00 INFO: 0 ms
 -- TriplePostProcessor.processFramesWithWrongJavaType()
2018.03.04 15:31:04.988 GMT+08:00 INFO: Postprocess: Process metaclasses (3 metaclasses) ...  -- TriplePostProcessor.processMetaclasses()
2018.03.04 15:31:04.988 GMT+08:00 INFO: 0 ms
 -- TriplePostProcessor.processMetaclasses()
2018.03.04 15:31:04.988 GMT+08:00 INFO: Postprocess: Process subclasses of rdf:List (1 classes) ...  -- TriplePostProcessor.processSubclassesOfRdfList()
2018.03.04 15:31:04.988 GMT+08:00 INFO: 0 ms
 -- TriplePostProcessor.processSubclassesOfRdfList()
2018.03.04 15:31:04.988 GMT+08:00 INFO: Postprocess: Instances with multiple types (886 instances) ...  -- TriplePostProcessor.processInstancesWithMultipleTypes()
2018.03.04 15:31:05.003 GMT+08:00 INFO: 15 ms
 -- TriplePostProcessor.processInstancesWithMultipleTypes()
2018.03.04 15:31:05.003 GMT+08:00 INFO: Postprocess: Add inferred superclasses ...  -- TriplePostProcessor.processInferredSuperclasses()
2018.03.04 15:31:05.003 GMT+08:00 INFO: 0 ms
 -- TriplePostProcessor.processInferredSuperclasses()
2018.03.04 15:31:05.003 GMT+08:00 INFO: Postprocess: Process orphan classes (2376 classes) ...  -- TriplePostProcessor.processOrphanClses()
2018.03.04 15:31:05.019 GMT+08:00 INFO: 16 ms
 -- TriplePostProcessor.processOrphanClses()
2018.03.04 15:31:05.019 GMT+08:00 INFO: Postprocess: Generalized Concept Inclusion (0 axioms) ...  -- TriplePostProcessor.processGeneralizedConceptInclusions()
2018.03.04 15:31:05.019 GMT+08:00 INFO: 0 ms
 -- TriplePostProcessor.processGeneralizedConceptInclusions()
2018.03.04 15:31:05.019 GMT+08:00 INFO: Postprocess: Abstract classes...  -- TriplePostProcessor.processAbstractClasses()
2018.03.04 15:31:05.019 GMT+08:00 INFO: 0 ms
 -- TriplePostProcessor.processAbstractClasses()
2018.03.04 15:31:05.019 GMT+08:00 INFO: Postprocess: Domain and range of properties...  -- TriplePostProcessor.processDomainAndRange()
2018.03.04 15:31:05.035 GMT+08:00 INFO: 16 ms
 -- TriplePostProcessor.processDomainAndRange()
2018.03.04 15:31:05.035 GMT+08:00 INFO: Postprocess: Possibly typed entities (15 resources) ...  -- TriplePostProcessor.processPossiblyTypedResources()
2018.03.04 15:31:05.035 GMT+08:00 INFO: 0 ms
 -- TriplePostProcessor.processPossiblyTypedResources()
2018.03.04 15:31:05.035 GMT+08:00 INFO: Updating underlying frames model in 0 ms -- ProtegeOWLParser.doFinalPostProcessing()
2018.03.04 15:31:05.854 GMT+08:00 INFO: Saving import http://www.owl-ontologies.com/MyCamera.owl to C:\ontologyOWL\AllOwlFile\DxfCamera\camera.owl -- Protege2Jena.saveAll()
2018.03.04 15:31:05.964 GMT+08:00 INFO: Saving import http://www.owl-ontologies.com/Ontology1291624979.owl to C:\ontologyOWL\AllOwlFile\zhaoOWL\ColorAndLight.owl -- Protege2Jena.saveAll()
2018.03.04 15:31:06.042 GMT+08:00 INFO: Saving import http://www.owl-ontologies.com/Ontology1496659417.owl to C:\ontologyOWL\AllOwlFile\InterAction\Interaction.owl -- Protege2Jena.saveAll()
2018.03.04 15:31:06.058 GMT+08:00 INFO: Saving import http://www.owl-ontologies.com/OntologyActionFogExpression.owl to C:\ontologyOWL\AllOwlFile\JialiOWL\ActionPart.owl -- Protege2Jena.saveAll()
2018.03.04 15:31:06.089 GMT+08:00 INFO: Saving import http://www.owl-ontologies.com/OntologyEffect.owl to C:\ontologyOWL\AllOwlFile\LHH_Wind\Effect.owl -- Protege2Jena.saveAll()
2018.03.04 15:31:06.120 GMT+08:00 INFO: Saving import http://www.owl-ontologies.com/Ontology1488534407.owl to C:\ontologyOWL\AllOwlFile\FireworkOWL\FireworkOWL.owl -- Protege2Jena.saveAll()
2018.03.04 15:31:06.136 GMT+08:00 INFO: Saving import http://www.owl-ontologies.com/Ontology1448934359.owl to C:\ontologyOWL\AllOwlFile\Event\Event.owl -- Protege2Jena.saveAll()
2018.03.04 15:31:06.151 GMT+08:00 INFO: Saving import http://www.owl-ontologies.com/Ontology1457533409.owl to C:\ontologyOWL\AllOwlFile\HLLight\TheNewLight.owl -- Protege2Jena.saveAll()
2018.03.04 15:31:06.151 GMT+08:00 INFO: Saving import http://www.owl-ontologies.com/Ontology1491747683.owl to C:\ontologyOWL\AllOwlFile\MakeBoats\MakeBoats.owl -- Protege2Jena.saveAll()
2018.03.04 15:31:06.151 GMT+08:00 INFO: Saving import http://www.owl-ontologies.com/Ontology1492410615.owl to C:\ontologyOWL\AllOwlFile\createFire\newfire.owl -- Protege2Jena.saveAll()
2018.03.04 15:31:06.167 GMT+08:00 INFO: Saving import http://www.owl-ontologies.com/Ontologyzhen.owl to C:\ontologyOWL\AllOwlFile\zhenOWL\zhen.owl -- Protege2Jena.saveAll()
2018.03.04 15:31:06.338 GMT+08:00 INFO: Saving import http://www.owl-ontologies.com/Ontology1357699817.owl to C:\ontologyOWL\AllOwlFile\Layout\sumo_phone3.owl -- Protege2Jena.saveAll()
2018.03.04 15:31:06.604 GMT+08:00 INFO: ... saving successful to: C:\ontologyOWL\AllOwlFile\sumoOWL2\sumo_phone3.owl -- Protege2Jena.saveAll()
2018.03.04 15:35:51.746 GMT+08:00 WARNING: [Local Folder Repository] The specified file must be a directory. (F:\eclipse_64\workspace\serverProject\plugins\edu.stanford.smi.protegex.owl) -- LocalFolderRepository.update()
