2017.09.04 20:52:16.844 GMT+08:00 INFO: *** SYSTEM START ***
2017.09.04 20:52:17.232 GMT+08:00 WARNING: [Local Folder Repository] The specified file must be a directory. (F:\eclipse_64\workspace\serverProject\plugins\edu.stanford.smi.protegex.owl) -- LocalFolderRepository.update()
2017.09.04 20:52:17.376 GMT+08:00 INFO: Loading triples for: file:/C:/ontologyOWL/sumoOWL2/sumo_phone3.owl -- ProtegeOWLParser.loadTriples()
2017.09.04 20:52:17.775 GMT+08:00 INFO:     Loaded 10000 triples 311 -- ProtegeOWLParser$ProtegeOWLStatementHandler.printTriplesLoadLogMessage()
2017.09.04 20:52:17.989 GMT+08:00 INFO:     Loaded 20000 triples 275 -- ProtegeOWLParser$ProtegeOWLStatementHandler.printTriplesLoadLogMessage()
2017.09.04 20:52:18.134 GMT+08:00 INFO:     Loaded 30000 triples 311 -- ProtegeOWLParser$ProtegeOWLStatementHandler.printTriplesLoadLogMessage()
2017.09.04 20:52:18.235 GMT+08:00 INFO:     Completed triple loading after 858 ms -- ProtegeOWLParser.loadTriples()
2017.09.04 20:52:18.236 GMT+08:00 INFO: Importing http://www.owl-ontologies.com/Ontology1291624979.owl from location: C:\ontologyOWL\AllOwlFile\zhaoOWL\ColorAndLight.owl -- AbstractOWLModel.loadImportedAssertions()
2017.09.04 20:52:18.241 GMT+08:00 INFO: Loading triples for: http://www.owl-ontologies.com/Ontology1291624979.owl -- ProtegeOWLParser.loadTriples()
2017.09.04 20:52:18.349 GMT+08:00 INFO:     Completed triple loading after 107 ms -- ProtegeOWLParser.loadTriples()
2017.09.04 20:52:19.061 GMT+08:00 INFO: Importing http://sqwrl.stanford.edu/ontologies/built-ins/3.4/sqwrl.owl from location: http://sqwrl.stanford.edu/ontologies/built-ins/3.4/sqwrl.owl -- AbstractOWLModel.loadImportedAssertions()
2017.09.04 20:52:20.128 GMT+08:00 INFO: Loading triples for: http://sqwrl.stanford.edu/ontologies/built-ins/3.4/sqwrl.owl -- ProtegeOWLParser.loadTriples()
2017.09.04 20:52:20.135 GMT+08:00 INFO:     Completed triple loading after 5 ms -- ProtegeOWLParser.loadTriples()
2017.09.04 20:52:20.136 GMT+08:00 INFO: Importing http://www.owl-ontologies.com/Ontology1496659417.owl from location: C:\ontologyOWL\AllOwlFile\InterAction\Interaction.owl -- AbstractOWLModel.loadImportedAssertions()
2017.09.04 20:52:20.141 GMT+08:00 INFO: Loading triples for: http://www.owl-ontologies.com/Ontology1496659417.owl -- ProtegeOWLParser.loadTriples()
2017.09.04 20:52:20.168 GMT+08:00 INFO:     Completed triple loading after 26 ms -- ProtegeOWLParser.loadTriples()
2017.09.04 20:52:20.168 GMT+08:00 INFO: Importing http://www.owl-ontologies.com/OntologyActionFogExpression.owl from location: C:\ontologyOWL\AllOwlFile\JialiOWL\ActionPart.owl -- AbstractOWLModel.loadImportedAssertions()
2017.09.04 20:52:20.171 GMT+08:00 INFO: Loading triples for: http://www.owl-ontologies.com/OntologyActionFogExpression.owl -- ProtegeOWLParser.loadTriples()
2017.09.04 20:52:20.211 GMT+08:00 INFO:     Completed triple loading after 40 ms -- ProtegeOWLParser.loadTriples()
2017.09.04 20:52:20.211 GMT+08:00 INFO: Importing http://www.owl-ontologies.com/OntologyEffect.owl from location: C:\ontologyOWL\AllOwlFile\LHH_Wind\Effect.owl -- AbstractOWLModel.loadImportedAssertions()
2017.09.04 20:52:20.211 GMT+08:00 INFO: Loading triples for: http://www.owl-ontologies.com/OntologyEffect.owl -- ProtegeOWLParser.loadTriples()
2017.09.04 20:52:20.258 GMT+08:00 INFO:     Completed triple loading after 47 ms -- ProtegeOWLParser.loadTriples()
2017.09.04 20:52:20.795 GMT+08:00 INFO: Importing http://swrl.stanford.edu/ontologies/3.3/swrla.owl from location: http://swrl.stanford.edu/ontologies/3.3/swrla.owl -- AbstractOWLModel.loadImportedAssertions()
2017.09.04 20:52:21.834 GMT+08:00 INFO: Loading triples for: http://swrl.stanford.edu/ontologies/3.3/swrla.owl -- ProtegeOWLParser.loadTriples()
2017.09.04 20:52:21.843 GMT+08:00 INFO:     Completed triple loading after 8 ms -- ProtegeOWLParser.loadTriples()
2017.09.04 20:52:21.844 GMT+08:00 INFO: Importing http://www.owl-ontologies.com/Ontology1488534407.owl from location: C:\ontologyOWL\AllOwlFile\FireworkOWL\FireworkOWL.owl -- AbstractOWLModel.loadImportedAssertions()
2017.09.04 20:52:21.847 GMT+08:00 INFO: Loading triples for: http://www.owl-ontologies.com/Ontology1488534407.owl -- ProtegeOWLParser.loadTriples()
2017.09.04 20:52:21.865 GMT+08:00 INFO:     Completed triple loading after 18 ms -- ProtegeOWLParser.loadTriples()
2017.09.04 20:52:21.865 GMT+08:00 INFO: Importing http://www.owl-ontologies.com/Ontology1448934359.owl from location: C:\ontologyOWL\AllOwlFile\Event\Event.owl -- AbstractOWLModel.loadImportedAssertions()
2017.09.04 20:52:21.867 GMT+08:00 INFO: Loading triples for: http://www.owl-ontologies.com/Ontology1448934359.owl -- ProtegeOWLParser.loadTriples()
2017.09.04 20:52:21.887 GMT+08:00 INFO:     Completed triple loading after 20 ms -- ProtegeOWLParser.loadTriples()
2017.09.04 20:52:21.887 GMT+08:00 INFO: Importing http://www.ontologyportal.org/translations/SUMO.owl.txt from location: C:\ontologyOWL\AllOwlFile\sumoOWL2\imports\sumo120.owl -- AbstractOWLModel.loadImportedAssertions()
2017.09.04 20:52:21.889 GMT+08:00 INFO: Loading triples for: http://www.ontologyportal.org/translations/SUMO.owl.txt -- ProtegeOWLParser.loadTriples()
2017.09.04 20:52:21.948 GMT+08:00 INFO:     Completed triple loading after 59 ms -- ProtegeOWLParser.loadTriples()
2017.09.04 20:52:21.948 GMT+08:00 INFO: Importing http://www.owl-ontologies.com/Ontology1457533409.owl from location: C:\ontologyOWL\AllOwlFile\HLLight\TheNewLight.owl -- AbstractOWLModel.loadImportedAssertions()
2017.09.04 20:52:21.950 GMT+08:00 INFO: Loading triples for: http://www.owl-ontologies.com/Ontology1457533409.owl -- ProtegeOWLParser.loadTriples()
2017.09.04 20:52:21.961 GMT+08:00 INFO:     Completed triple loading after 11 ms -- ProtegeOWLParser.loadTriples()
2017.09.04 20:52:21.961 GMT+08:00 INFO: Importing http://www.owl-ontologies.com/Ontology1491747683.owl from location: C:\ontologyOWL\AllOwlFile\MakeBoats\MakeBoats.owl -- AbstractOWLModel.loadImportedAssertions()
2017.09.04 20:52:21.962 GMT+08:00 INFO: Loading triples for: http://www.owl-ontologies.com/Ontology1491747683.owl -- ProtegeOWLParser.loadTriples()
2017.09.04 20:52:21.965 GMT+08:00 INFO:     Completed triple loading after 2 ms -- ProtegeOWLParser.loadTriples()
2017.09.04 20:52:21.966 GMT+08:00 INFO: Importing http://www.owl-ontologies.com/Ontology1492410615.owl from location: C:\ontologyOWL\AllOwlFile\createFire\newfire.owl -- AbstractOWLModel.loadImportedAssertions()
2017.09.04 20:52:21.967 GMT+08:00 INFO: Loading triples for: http://www.owl-ontologies.com/Ontology1492410615.owl -- ProtegeOWLParser.loadTriples()
2017.09.04 20:52:21.969 GMT+08:00 INFO:     Completed triple loading after 2 ms -- ProtegeOWLParser.loadTriples()
2017.09.04 20:52:21.969 GMT+08:00 INFO: Importing http://www.owl-ontologies.com/Ontologyzhen.owl from location: C:\ontologyOWL\AllOwlFile\zhenOWL\zhen.owl -- AbstractOWLModel.loadImportedAssertions()
2017.09.04 20:52:21.971 GMT+08:00 INFO: Loading triples for: http://www.owl-ontologies.com/Ontologyzhen.owl -- ProtegeOWLParser.loadTriples()
2017.09.04 20:52:22.121 GMT+08:00 INFO:     Loaded 10000 triples 230 -- ProtegeOWLParser$ProtegeOWLStatementHandler.printTriplesLoadLogMessage()
2017.09.04 20:52:22.222 GMT+08:00 INFO:     Completed triple loading after 251 ms -- ProtegeOWLParser.loadTriples()
2017.09.04 20:52:22.223 GMT+08:00 INFO: Importing http://www.owl-ontologies.com/Ontology1357699817.owl from location: C:\ontologyOWL\AllOwlFile\Layout\sumo_phone3.owl -- AbstractOWLModel.loadImportedAssertions()
2017.09.04 20:52:22.224 GMT+08:00 INFO: Loading triples for: http://www.owl-ontologies.com/Ontology1357699817.owl -- ProtegeOWLParser.loadTriples()
2017.09.04 20:52:22.291 GMT+08:00 INFO:     Completed triple loading after 67 ms -- ProtegeOWLParser.loadTriples()
2017.09.04 20:52:22.294 GMT+08:00 INFO: Postprocess: Process entities with incorrect Java type (52 entities) ...  -- TriplePostProcessor.processFramesWithWrongJavaType()
2017.09.04 20:52:22.299 GMT+08:00 INFO: 5 ms
 -- TriplePostProcessor.processFramesWithWrongJavaType()
2017.09.04 20:52:22.300 GMT+08:00 INFO: Postprocess: Process metaclasses (3 metaclasses) ...  -- TriplePostProcessor.processMetaclasses()
2017.09.04 20:52:22.300 GMT+08:00 INFO: 0 ms
 -- TriplePostProcessor.processMetaclasses()
2017.09.04 20:52:22.300 GMT+08:00 INFO: Postprocess: Process subclasses of rdf:List (1 classes) ...  -- TriplePostProcessor.processSubclassesOfRdfList()
2017.09.04 20:52:22.301 GMT+08:00 INFO: 1 ms
 -- TriplePostProcessor.processSubclassesOfRdfList()
2017.09.04 20:52:22.301 GMT+08:00 INFO: Postprocess: Instances with multiple types (888 instances) ...  -- TriplePostProcessor.processInstancesWithMultipleTypes()
2017.09.04 20:52:22.313 GMT+08:00 INFO: 12 ms
 -- TriplePostProcessor.processInstancesWithMultipleTypes()
2017.09.04 20:52:22.313 GMT+08:00 INFO: Postprocess: Add inferred superclasses ...  -- TriplePostProcessor.processInferredSuperclasses()
2017.09.04 20:52:22.344 GMT+08:00 INFO: 31 ms
 -- TriplePostProcessor.processInferredSuperclasses()
2017.09.04 20:52:22.344 GMT+08:00 INFO: Postprocess: Process orphan classes (2307 classes) ...  -- TriplePostProcessor.processOrphanClses()
2017.09.04 20:52:22.359 GMT+08:00 INFO: 15 ms
 -- TriplePostProcessor.processOrphanClses()
2017.09.04 20:52:22.359 GMT+08:00 INFO: Postprocess: Generalized Concept Inclusion (0 axioms) ...  -- TriplePostProcessor.processGeneralizedConceptInclusions()
2017.09.04 20:52:22.359 GMT+08:00 INFO: 0 ms
 -- TriplePostProcessor.processGeneralizedConceptInclusions()
2017.09.04 20:52:22.359 GMT+08:00 INFO: Postprocess: Abstract classes...  -- TriplePostProcessor.processAbstractClasses()
2017.09.04 20:52:22.359 GMT+08:00 INFO: 0 ms
 -- TriplePostProcessor.processAbstractClasses()
2017.09.04 20:52:22.359 GMT+08:00 INFO: Postprocess: Domain and range of properties...  -- TriplePostProcessor.processDomainAndRange()
2017.09.04 20:52:22.395 GMT+08:00 INFO: 36 ms
 -- TriplePostProcessor.processDomainAndRange()
2017.09.04 20:52:22.395 GMT+08:00 INFO: Postprocess: Possibly typed entities (14 resources) ...  -- TriplePostProcessor.processPossiblyTypedResources()
2017.09.04 20:52:22.395 GMT+08:00 INFO: 0 ms
 -- TriplePostProcessor.processPossiblyTypedResources()
2017.09.04 20:52:22.396 GMT+08:00 INFO: Updating underlying frames model in 1 ms -- ProtegeOWLParser.doFinalPostProcessing()
2017.09.04 20:52:22.949 GMT+08:00 INFO: Rule engine 'SWRLJessBridge' registered with the SWRLTab bridge. -- BridgeFactory.registerBridge()
2017.09.04 20:52:24.976 GMT+08:00 INFO: Saving import http://www.owl-ontologies.com/Ontology1291624979.owl to C:\ontologyOWL\AllOwlFile\zhaoOWL\ColorAndLight.owl -- Protege2Jena.saveAll()
2017.09.04 20:52:25.081 GMT+08:00 INFO: Saving import http://www.owl-ontologies.com/Ontology1496659417.owl to C:\ontologyOWL\AllOwlFile\InterAction\Interaction.owl -- Protege2Jena.saveAll()
2017.09.04 20:52:25.093 GMT+08:00 INFO: Saving import http://www.owl-ontologies.com/OntologyActionFogExpression.owl to C:\ontologyOWL\AllOwlFile\JialiOWL\ActionPart.owl -- Protege2Jena.saveAll()
2017.09.04 20:52:25.138 GMT+08:00 INFO: Saving import http://www.owl-ontologies.com/OntologyEffect.owl to C:\ontologyOWL\AllOwlFile\LHH_Wind\Effect.owl -- Protege2Jena.saveAll()
2017.09.04 20:52:25.201 GMT+08:00 INFO: Saving import http://www.owl-ontologies.com/Ontology1488534407.owl to C:\ontologyOWL\AllOwlFile\FireworkOWL\FireworkOWL.owl -- Protege2Jena.saveAll()
2017.09.04 20:52:25.213 GMT+08:00 INFO: Saving import http://www.owl-ontologies.com/Ontology1448934359.owl to C:\ontologyOWL\AllOwlFile\Event\Event.owl -- Protege2Jena.saveAll()
2017.09.04 20:52:25.231 GMT+08:00 INFO: Saving import http://www.owl-ontologies.com/Ontology1457533409.owl to C:\ontologyOWL\AllOwlFile\HLLight\TheNewLight.owl -- Protege2Jena.saveAll()
2017.09.04 20:52:25.245 GMT+08:00 INFO: Saving import http://www.owl-ontologies.com/Ontology1491747683.owl to C:\ontologyOWL\AllOwlFile\MakeBoats\MakeBoats.owl -- Protege2Jena.saveAll()
2017.09.04 20:52:25.249 GMT+08:00 INFO: Saving import http://www.owl-ontologies.com/Ontology1492410615.owl to C:\ontologyOWL\AllOwlFile\createFire\newfire.owl -- Protege2Jena.saveAll()
2017.09.04 20:52:25.252 GMT+08:00 INFO: Saving import http://www.owl-ontologies.com/Ontologyzhen.owl to C:\ontologyOWL\AllOwlFile\zhenOWL\zhen.owl -- Protege2Jena.saveAll()
2017.09.04 20:52:25.523 GMT+08:00 INFO: Saving import http://www.owl-ontologies.com/Ontology1357699817.owl to C:\ontologyOWL\AllOwlFile\Layout\sumo_phone3.owl -- Protege2Jena.saveAll()
2017.09.04 20:52:25.914 GMT+08:00 INFO: ... saving successful to: C:\ontologyOWL\AllOwlFile\sumoOWL2\sumo_phone3.owl -- Protege2Jena.saveAll()
2017.09.04 20:55:08.894 GMT+08:00 INFO: *** SYSTEM START ***
2017.09.04 20:55:09.276 GMT+08:00 WARNING: [Local Folder Repository] The specified file must be a directory. (F:\eclipse_64\workspace\serverProject\plugins\edu.stanford.smi.protegex.owl) -- LocalFolderRepository.update()
2017.09.04 20:55:09.419 GMT+08:00 INFO: Loading triples for: file:/C:/ontologyOWL/sumoOWL2/sumo_phone3.owl -- ProtegeOWLParser.loadTriples()
2017.09.04 20:55:09.831 GMT+08:00 INFO:     Loaded 10000 triples 311 -- ProtegeOWLParser$ProtegeOWLStatementHandler.printTriplesLoadLogMessage()
2017.09.04 20:55:10.048 GMT+08:00 INFO:     Loaded 20000 triples 275 -- ProtegeOWLParser$ProtegeOWLStatementHandler.printTriplesLoadLogMessage()
2017.09.04 20:55:10.178 GMT+08:00 INFO:     Loaded 30000 triples 311 -- ProtegeOWLParser$ProtegeOWLStatementHandler.printTriplesLoadLogMessage()
2017.09.04 20:55:10.267 GMT+08:00 INFO:     Completed triple loading after 845 ms -- ProtegeOWLParser.loadTriples()
2017.09.04 20:55:10.267 GMT+08:00 INFO: Importing http://www.owl-ontologies.com/Ontology1291624979.owl from location: C:\ontologyOWL\AllOwlFile\zhaoOWL\ColorAndLight.owl -- AbstractOWLModel.loadImportedAssertions()
2017.09.04 20:55:10.273 GMT+08:00 INFO: Loading triples for: http://www.owl-ontologies.com/Ontology1291624979.owl -- ProtegeOWLParser.loadTriples()
2017.09.04 20:55:10.362 GMT+08:00 INFO:     Completed triple loading after 89 ms -- ProtegeOWLParser.loadTriples()
