2018.05.07 19:56:41.343 GMT+08:00 INFO: *** SYSTEM START ***
2018.05.07 19:56:41.783 GMT+08:00 WARNING: [Local Folder Repository] The specified file must be a directory. (F:\eclipse_64\workspace\serverProject\plugins\edu.stanford.smi.protegex.owl) -- LocalFolderRepository.update()
2018.05.07 19:56:42.791 GMT+08:00 INFO: Loading triples for: file:/C:/ontologyOWL/sumoOWL2/sumo_phone3.owl -- ProtegeOWLParser.loadTriples()
2018.05.07 19:56:43.239 GMT+08:00 INFO:     Loaded 10000 triples 231 -- ProtegeOWLParser$ProtegeOWLStatementHandler.printTriplesLoadLogMessage()
2018.05.07 19:56:43.455 GMT+08:00 INFO:     Loaded 20000 triples 185 -- ProtegeOWLParser$ProtegeOWLStatementHandler.printTriplesLoadLogMessage()
2018.05.07 19:56:43.668 GMT+08:00 INFO:     Loaded 30000 triples 242 -- ProtegeOWLParser$ProtegeOWLStatementHandler.printTriplesLoadLogMessage()
2018.05.07 19:56:43.749 GMT+08:00 INFO:     Completed triple loading after 956 ms -- ProtegeOWLParser.loadTriples()
2018.05.07 19:56:43.750 GMT+08:00 INFO: Importing http://www.owl-ontologies.com/MyCamera.owl from location: C:\ontologyOWL\AllOwlFile\DxfCamera\camera.owl -- AbstractOWLModel.loadImportedAssertions()
2018.05.07 19:56:43.756 GMT+08:00 INFO: Loading triples for: http://www.owl-ontologies.com/MyCamera.owl -- ProtegeOWLParser.loadTriples()
2018.05.07 19:56:43.834 GMT+08:00 INFO:     Completed triple loading after 77 ms -- ProtegeOWLParser.loadTriples()
2018.05.07 19:56:43.835 GMT+08:00 INFO: Importing http://sqwrl.stanford.edu/ontologies/built-ins/3.4/sqwrl.owl from location: http://sqwrl.stanford.edu/ontologies/built-ins/3.4/sqwrl.owl -- AbstractOWLModel.loadImportedAssertions()
2018.05.07 19:56:44.765 GMT+08:00 INFO: Loading triples for: http://sqwrl.stanford.edu/ontologies/built-ins/3.4/sqwrl.owl -- ProtegeOWLParser.loadTriples()
2018.05.07 19:56:44.812 GMT+08:00 INFO:     Completed triple loading after 46 ms -- ProtegeOWLParser.loadTriples()
2018.05.07 19:56:44.815 GMT+08:00 INFO: Importing http://swrl.stanford.edu/ontologies/3.3/swrla.owl from location: http://swrl.stanford.edu/ontologies/3.3/swrla.owl -- AbstractOWLModel.loadImportedAssertions()
2018.05.07 19:56:45.746 GMT+08:00 INFO: Loading triples for: http://swrl.stanford.edu/ontologies/3.3/swrla.owl -- ProtegeOWLParser.loadTriples()
2018.05.07 19:56:46.493 GMT+08:00 INFO:     Completed triple loading after 746 ms -- ProtegeOWLParser.loadTriples()
2018.05.07 19:56:46.495 GMT+08:00 INFO: Importing http://www.owl-ontologies.com/Ontology1291624979.owl from location: C:\ontologyOWL\AllOwlFile\zhaoOWL\ColorAndLight.owl -- AbstractOWLModel.loadImportedAssertions()
2018.05.07 19:56:46.504 GMT+08:00 INFO: Loading triples for: http://www.owl-ontologies.com/Ontology1291624979.owl -- ProtegeOWLParser.loadTriples()
2018.05.07 19:56:46.630 GMT+08:00 INFO:     Completed triple loading after 125 ms -- ProtegeOWLParser.loadTriples()
2018.05.07 19:56:46.631 GMT+08:00 INFO: Importing http://www.owl-ontologies.com/Ontology1496659417.owl from location: C:\ontologyOWL\AllOwlFile\InterAction\Interaction.owl -- AbstractOWLModel.loadImportedAssertions()
2018.05.07 19:56:46.633 GMT+08:00 INFO: Loading triples for: http://www.owl-ontologies.com/Ontology1496659417.owl -- ProtegeOWLParser.loadTriples()
2018.05.07 19:56:46.644 GMT+08:00 INFO:     Completed triple loading after 10 ms -- ProtegeOWLParser.loadTriples()
2018.05.07 19:56:46.644 GMT+08:00 INFO: Importing http://www.owl-ontologies.com/OntologyActionFogExpression.owl from location: C:\ontologyOWL\AllOwlFile\JialiOWL\ActionPart.owl -- AbstractOWLModel.loadImportedAssertions()
2018.05.07 19:56:46.647 GMT+08:00 INFO: Loading triples for: http://www.owl-ontologies.com/OntologyActionFogExpression.owl -- ProtegeOWLParser.loadTriples()
2018.05.07 19:56:46.684 GMT+08:00 INFO:     Completed triple loading after 37 ms -- ProtegeOWLParser.loadTriples()
2018.05.07 19:56:46.684 GMT+08:00 INFO: Importing http://www.owl-ontologies.com/OntologyEffect.owl from location: C:\ontologyOWL\AllOwlFile\LHH_Wind\Effect.owl -- AbstractOWLModel.loadImportedAssertions()
2018.05.07 19:56:46.688 GMT+08:00 INFO: Loading triples for: http://www.owl-ontologies.com/OntologyEffect.owl -- ProtegeOWLParser.loadTriples()
2018.05.07 19:56:46.719 GMT+08:00 INFO:     Completed triple loading after 31 ms -- ProtegeOWLParser.loadTriples()
2018.05.07 19:56:46.720 GMT+08:00 INFO: Importing http://www.owl-ontologies.com/Ontology1488534407.owl from location: C:\ontologyOWL\AllOwlFile\FireworkOWL\FireworkOWL.owl -- AbstractOWLModel.loadImportedAssertions()
2018.05.07 19:56:46.721 GMT+08:00 INFO: Loading triples for: http://www.owl-ontologies.com/Ontology1488534407.owl -- ProtegeOWLParser.loadTriples()
2018.05.07 19:56:46.729 GMT+08:00 INFO:     Completed triple loading after 7 ms -- ProtegeOWLParser.loadTriples()
2018.05.07 19:56:46.729 GMT+08:00 INFO: Importing http://www.owl-ontologies.com/Ontology1448934359.owl from location: C:\ontologyOWL\AllOwlFile\Event\Event.owl -- AbstractOWLModel.loadImportedAssertions()
2018.05.07 19:56:46.731 GMT+08:00 INFO: Loading triples for: http://www.owl-ontologies.com/Ontology1448934359.owl -- ProtegeOWLParser.loadTriples()
2018.05.07 19:56:46.749 GMT+08:00 INFO:     Completed triple loading after 18 ms -- ProtegeOWLParser.loadTriples()
2018.05.07 19:56:46.750 GMT+08:00 INFO: Importing http://www.ontologyportal.org/translations/SUMO.owl.txt from location: C:\ontologyOWL\AllOwlFile\sumoOWL2\imports\sumo120.owl -- AbstractOWLModel.loadImportedAssertions()
2018.05.07 19:56:46.753 GMT+08:00 INFO: Loading triples for: http://www.ontologyportal.org/translations/SUMO.owl.txt -- ProtegeOWLParser.loadTriples()
2018.05.07 19:56:46.813 GMT+08:00 INFO:     Completed triple loading after 60 ms -- ProtegeOWLParser.loadTriples()
2018.05.07 19:56:46.813 GMT+08:00 INFO: Importing http://www.owl-ontologies.com/Ontology1457533409.owl from location: C:\ontologyOWL\AllOwlFile\HLLight\TheNewLight.owl -- AbstractOWLModel.loadImportedAssertions()
2018.05.07 19:56:46.818 GMT+08:00 INFO: Loading triples for: http://www.owl-ontologies.com/Ontology1457533409.owl -- ProtegeOWLParser.loadTriples()
2018.05.07 19:56:46.837 GMT+08:00 INFO:     Completed triple loading after 18 ms -- ProtegeOWLParser.loadTriples()
2018.05.07 19:56:46.838 GMT+08:00 INFO: Importing http://www.owl-ontologies.com/Ontology1491747683.owl from location: C:\ontologyOWL\AllOwlFile\MakeBoats\MakeBoats.owl -- AbstractOWLModel.loadImportedAssertions()
2018.05.07 19:56:46.839 GMT+08:00 INFO: Loading triples for: http://www.owl-ontologies.com/Ontology1491747683.owl -- ProtegeOWLParser.loadTriples()
2018.05.07 19:56:46.844 GMT+08:00 INFO:     Completed triple loading after 4 ms -- ProtegeOWLParser.loadTriples()
2018.05.07 19:56:46.844 GMT+08:00 INFO: Importing http://www.owl-ontologies.com/Ontology1492410615.owl from location: C:\ontologyOWL\AllOwlFile\createFire\newfire.owl -- AbstractOWLModel.loadImportedAssertions()
2018.05.07 19:56:46.846 GMT+08:00 INFO: Loading triples for: http://www.owl-ontologies.com/Ontology1492410615.owl -- ProtegeOWLParser.loadTriples()
2018.05.07 19:56:46.849 GMT+08:00 INFO:     Completed triple loading after 2 ms -- ProtegeOWLParser.loadTriples()
2018.05.07 19:56:46.850 GMT+08:00 INFO: Importing http://www.owl-ontologies.com/Ontologyzhen.owl from location: C:\ontologyOWL\AllOwlFile\zhenOWL\zhen.owl -- AbstractOWLModel.loadImportedAssertions()
2018.05.07 19:56:46.853 GMT+08:00 INFO: Loading triples for: http://www.owl-ontologies.com/Ontologyzhen.owl -- ProtegeOWLParser.loadTriples()
2018.05.07 19:56:47.266 GMT+08:00 INFO:     Loaded 10000 triples 146 -- ProtegeOWLParser$ProtegeOWLStatementHandler.printTriplesLoadLogMessage()
2018.05.07 19:56:47.304 GMT+08:00 INFO:     Completed triple loading after 451 ms -- ProtegeOWLParser.loadTriples()
2018.05.07 19:56:47.304 GMT+08:00 INFO: Importing http://www.owl-ontologies.com/Ontology1357699817.owl from location: C:\ontologyOWL\AllOwlFile\Layout\sumo_phone3.owl -- AbstractOWLModel.loadImportedAssertions()
2018.05.07 19:56:47.306 GMT+08:00 INFO: Loading triples for: http://www.owl-ontologies.com/Ontology1357699817.owl -- ProtegeOWLParser.loadTriples()
2018.05.07 19:56:47.372 GMT+08:00 INFO:     Completed triple loading after 61 ms -- ProtegeOWLParser.loadTriples()
2018.05.07 19:56:47.376 GMT+08:00 INFO: Postprocess: Process entities with incorrect Java type (56 entities) ...  -- TriplePostProcessor.processFramesWithWrongJavaType()
2018.05.07 19:56:47.380 GMT+08:00 INFO: 3 ms
 -- TriplePostProcessor.processFramesWithWrongJavaType()
2018.05.07 19:56:47.381 GMT+08:00 INFO: Postprocess: Process metaclasses (3 metaclasses) ...  -- TriplePostProcessor.processMetaclasses()
2018.05.07 19:56:47.381 GMT+08:00 INFO: 0 ms
 -- TriplePostProcessor.processMetaclasses()
2018.05.07 19:56:47.382 GMT+08:00 INFO: Postprocess: Process subclasses of rdf:List (1 classes) ...  -- TriplePostProcessor.processSubclassesOfRdfList()
2018.05.07 19:56:47.382 GMT+08:00 INFO: 0 ms
 -- TriplePostProcessor.processSubclassesOfRdfList()
2018.05.07 19:56:47.382 GMT+08:00 INFO: Postprocess: Instances with multiple types (880 instances) ...  -- TriplePostProcessor.processInstancesWithMultipleTypes()
2018.05.07 19:56:47.401 GMT+08:00 INFO: 19 ms
 -- TriplePostProcessor.processInstancesWithMultipleTypes()
2018.05.07 19:56:47.404 GMT+08:00 INFO: Postprocess: Add inferred superclasses ...  -- TriplePostProcessor.processInferredSuperclasses()
2018.05.07 19:56:47.408 GMT+08:00 INFO: 4 ms
 -- TriplePostProcessor.processInferredSuperclasses()
2018.05.07 19:56:47.412 GMT+08:00 INFO: Postprocess: Process orphan classes (2376 classes) ...  -- TriplePostProcessor.processOrphanClses()
2018.05.07 19:56:47.424 GMT+08:00 INFO: 12 ms
 -- TriplePostProcessor.processOrphanClses()
2018.05.07 19:56:47.425 GMT+08:00 INFO: Postprocess: Generalized Concept Inclusion (0 axioms) ...  -- TriplePostProcessor.processGeneralizedConceptInclusions()
2018.05.07 19:56:47.425 GMT+08:00 INFO: 0 ms
 -- TriplePostProcessor.processGeneralizedConceptInclusions()
2018.05.07 19:56:47.425 GMT+08:00 INFO: Postprocess: Abstract classes...  -- TriplePostProcessor.processAbstractClasses()
2018.05.07 19:56:47.425 GMT+08:00 INFO: 0 ms
 -- TriplePostProcessor.processAbstractClasses()
2018.05.07 19:56:47.425 GMT+08:00 INFO: Postprocess: Domain and range of properties...  -- TriplePostProcessor.processDomainAndRange()
2018.05.07 19:56:47.457 GMT+08:00 INFO: 31 ms
 -- TriplePostProcessor.processDomainAndRange()
2018.05.07 19:56:47.458 GMT+08:00 INFO: Postprocess: Possibly typed entities (15 resources) ...  -- TriplePostProcessor.processPossiblyTypedResources()
2018.05.07 19:56:47.458 GMT+08:00 INFO: 0 ms
 -- TriplePostProcessor.processPossiblyTypedResources()
2018.05.07 19:56:47.459 GMT+08:00 INFO: Updating underlying frames model in 0 ms -- ProtegeOWLParser.doFinalPostProcessing()
2018.05.07 19:56:47.579 GMT+08:00 INFO: Rule engine 'SWRLJessBridge' registered with the SWRLTab bridge. -- BridgeFactory.registerBridge()
2018.05.07 19:56:59.388 GMT+08:00 INFO: Saving import http://www.owl-ontologies.com/MyCamera.owl to C:\ontologyOWL\AllOwlFile\DxfCamera\camera.owl -- Protege2Jena.saveAll()
2018.05.07 19:56:59.502 GMT+08:00 INFO: Saving import http://www.owl-ontologies.com/Ontology1291624979.owl to C:\ontologyOWL\AllOwlFile\zhaoOWL\ColorAndLight.owl -- Protege2Jena.saveAll()
2018.05.07 19:56:59.603 GMT+08:00 INFO: Saving import http://www.owl-ontologies.com/Ontology1496659417.owl to C:\ontologyOWL\AllOwlFile\InterAction\Interaction.owl -- Protege2Jena.saveAll()
2018.05.07 19:56:59.619 GMT+08:00 INFO: Saving import http://www.owl-ontologies.com/OntologyActionFogExpression.owl to C:\ontologyOWL\AllOwlFile\JialiOWL\ActionPart.owl -- Protege2Jena.saveAll()
2018.05.07 19:56:59.665 GMT+08:00 INFO: Saving import http://www.owl-ontologies.com/OntologyEffect.owl to C:\ontologyOWL\AllOwlFile\LHH_Wind\Effect.owl -- Protege2Jena.saveAll()
2018.05.07 19:56:59.719 GMT+08:00 INFO: Saving import http://www.owl-ontologies.com/Ontology1488534407.owl to C:\ontologyOWL\AllOwlFile\FireworkOWL\FireworkOWL.owl -- Protege2Jena.saveAll()
2018.05.07 19:56:59.729 GMT+08:00 INFO: Saving import http://www.owl-ontologies.com/Ontology1448934359.owl to C:\ontologyOWL\AllOwlFile\Event\Event.owl -- Protege2Jena.saveAll()
2018.05.07 19:56:59.749 GMT+08:00 INFO: Saving import http://www.owl-ontologies.com/Ontology1457533409.owl to C:\ontologyOWL\AllOwlFile\HLLight\TheNewLight.owl -- Protege2Jena.saveAll()
2018.05.07 19:56:59.763 GMT+08:00 INFO: Saving import http://www.owl-ontologies.com/Ontology1491747683.owl to C:\ontologyOWL\AllOwlFile\MakeBoats\MakeBoats.owl -- Protege2Jena.saveAll()
2018.05.07 19:56:59.770 GMT+08:00 INFO: Saving import http://www.owl-ontologies.com/Ontology1492410615.owl to C:\ontologyOWL\AllOwlFile\createFire\newfire.owl -- Protege2Jena.saveAll()
2018.05.07 19:56:59.773 GMT+08:00 INFO: Saving import http://www.owl-ontologies.com/Ontologyzhen.owl to C:\ontologyOWL\AllOwlFile\zhenOWL\zhen.owl -- Protege2Jena.saveAll()
2018.05.07 19:57:00.215 GMT+08:00 INFO: Saving import http://www.owl-ontologies.com/Ontology1357699817.owl to C:\ontologyOWL\AllOwlFile\Layout\sumo_phone3.owl -- Protege2Jena.saveAll()
2018.05.07 19:57:00.630 GMT+08:00 INFO: ... saving successful to: C:\ontologyOWL\AllOwlFile\sumoOWL2\sumo_phone3.owl -- Protege2Jena.saveAll()
2018.05.07 19:57:00.675 GMT+08:00 WARNING: [Local Folder Repository] The specified file must be a directory. (F:\eclipse_64\workspace\serverProject\plugins\edu.stanford.smi.protegex.owl) -- LocalFolderRepository.update()
2018.05.07 19:57:01.552 GMT+08:00 INFO: Loading triples for: file:/C:/ontologyOWL/AllOwlFile/sumoOWL2/sumo_phone3.owl -- ProtegeOWLParser.loadTriples()
2018.05.07 19:57:01.700 GMT+08:00 INFO:     Loaded 10000 triples 251 -- ProtegeOWLParser$ProtegeOWLStatementHandler.printTriplesLoadLogMessage()
2018.05.07 19:57:01.838 GMT+08:00 INFO:     Loaded 20000 triples 222 -- ProtegeOWLParser$ProtegeOWLStatementHandler.printTriplesLoadLogMessage()
2018.05.07 19:57:01.940 GMT+08:00 INFO:     Loaded 30000 triples 259 -- ProtegeOWLParser$ProtegeOWLStatementHandler.printTriplesLoadLogMessage()
2018.05.07 19:57:02.010 GMT+08:00 INFO:     Completed triple loading after 457 ms -- ProtegeOWLParser.loadTriples()
2018.05.07 19:57:02.011 GMT+08:00 INFO: Importing http://www.owl-ontologies.com/MyCamera.owl from location: C:\ontologyOWL\AllOwlFile\DxfCamera\camera.owl -- AbstractOWLModel.loadImportedAssertions()
2018.05.07 19:57:02.013 GMT+08:00 INFO: Loading triples for: http://www.owl-ontologies.com/MyCamera.owl -- ProtegeOWLParser.loadTriples()
2018.05.07 19:57:02.104 GMT+08:00 INFO:     Completed triple loading after 91 ms -- ProtegeOWLParser.loadTriples()
2018.05.07 19:57:02.105 GMT+08:00 INFO: Importing http://sqwrl.stanford.edu/ontologies/built-ins/3.4/sqwrl.owl from location: http://sqwrl.stanford.edu/ontologies/built-ins/3.4/sqwrl.owl -- AbstractOWLModel.loadImportedAssertions()
2018.05.07 19:57:02.967 GMT+08:00 INFO: Loading triples for: http://sqwrl.stanford.edu/ontologies/built-ins/3.4/sqwrl.owl -- ProtegeOWLParser.loadTriples()
2018.05.07 19:57:02.968 GMT+08:00 INFO:     Completed triple loading after 1 ms -- ProtegeOWLParser.loadTriples()
2018.05.07 19:57:02.969 GMT+08:00 INFO: Importing http://swrl.stanford.edu/ontologies/3.3/swrla.owl from location: http://swrl.stanford.edu/ontologies/3.3/swrla.owl -- AbstractOWLModel.loadImportedAssertions()
2018.05.07 19:57:03.887 GMT+08:00 INFO: Loading triples for: http://swrl.stanford.edu/ontologies/3.3/swrla.owl -- ProtegeOWLParser.loadTriples()
2018.05.07 19:57:03.897 GMT+08:00 INFO:     Completed triple loading after 9 ms -- ProtegeOWLParser.loadTriples()
2018.05.07 19:57:03.898 GMT+08:00 INFO: Importing http://www.owl-ontologies.com/Ontology1291624979.owl from location: C:\ontologyOWL\AllOwlFile\zhaoOWL\ColorAndLight.owl -- AbstractOWLModel.loadImportedAssertions()
2018.05.07 19:57:03.900 GMT+08:00 INFO: Loading triples for: http://www.owl-ontologies.com/Ontology1291624979.owl -- ProtegeOWLParser.loadTriples()
2018.05.07 19:57:03.978 GMT+08:00 INFO:     Completed triple loading after 77 ms -- ProtegeOWLParser.loadTriples()
2018.05.07 19:57:03.978 GMT+08:00 INFO: Importing http://www.owl-ontologies.com/Ontology1496659417.owl from location: C:\ontologyOWL\AllOwlFile\InterAction\Interaction.owl -- AbstractOWLModel.loadImportedAssertions()
2018.05.07 19:57:03.981 GMT+08:00 INFO: Loading triples for: http://www.owl-ontologies.com/Ontology1496659417.owl -- ProtegeOWLParser.loadTriples()
2018.05.07 19:57:03.990 GMT+08:00 INFO:     Completed triple loading after 9 ms -- ProtegeOWLParser.loadTriples()
2018.05.07 19:57:03.990 GMT+08:00 INFO: Importing http://www.owl-ontologies.com/OntologyActionFogExpression.owl from location: C:\ontologyOWL\AllOwlFile\JialiOWL\ActionPart.owl -- AbstractOWLModel.loadImportedAssertions()
2018.05.07 19:57:03.992 GMT+08:00 INFO: Loading triples for: http://www.owl-ontologies.com/OntologyActionFogExpression.owl -- ProtegeOWLParser.loadTriples()
2018.05.07 19:57:04.021 GMT+08:00 INFO:     Completed triple loading after 29 ms -- ProtegeOWLParser.loadTriples()
2018.05.07 19:57:04.022 GMT+08:00 INFO: Importing http://www.owl-ontologies.com/OntologyEffect.owl from location: C:\ontologyOWL\AllOwlFile\LHH_Wind\Effect.owl -- AbstractOWLModel.loadImportedAssertions()
2018.05.07 19:57:04.023 GMT+08:00 INFO: Loading triples for: http://www.owl-ontologies.com/OntologyEffect.owl -- ProtegeOWLParser.loadTriples()
2018.05.07 19:57:04.053 GMT+08:00 INFO:     Completed triple loading after 29 ms -- ProtegeOWLParser.loadTriples()
2018.05.07 19:57:04.054 GMT+08:00 INFO: Importing http://www.owl-ontologies.com/Ontology1488534407.owl from location: C:\ontologyOWL\AllOwlFile\FireworkOWL\FireworkOWL.owl -- AbstractOWLModel.loadImportedAssertions()
2018.05.07 19:57:04.056 GMT+08:00 INFO: Loading triples for: http://www.owl-ontologies.com/Ontology1488534407.owl -- ProtegeOWLParser.loadTriples()
2018.05.07 19:57:04.063 GMT+08:00 INFO:     Completed triple loading after 7 ms -- ProtegeOWLParser.loadTriples()
2018.05.07 19:57:04.063 GMT+08:00 INFO: Importing http://www.owl-ontologies.com/Ontology1448934359.owl from location: C:\ontologyOWL\AllOwlFile\Event\Event.owl -- AbstractOWLModel.loadImportedAssertions()
2018.05.07 19:57:04.064 GMT+08:00 INFO: Loading triples for: http://www.owl-ontologies.com/Ontology1448934359.owl -- ProtegeOWLParser.loadTriples()
2018.05.07 19:57:04.082 GMT+08:00 INFO:     Completed triple loading after 17 ms -- ProtegeOWLParser.loadTriples()
2018.05.07 19:57:04.082 GMT+08:00 INFO: Importing http://www.ontologyportal.org/translations/SUMO.owl.txt from location: C:\ontologyOWL\AllOwlFile\sumoOWL2\imports\sumo120.owl -- AbstractOWLModel.loadImportedAssertions()
2018.05.07 19:57:04.083 GMT+08:00 INFO: Loading triples for: http://www.ontologyportal.org/translations/SUMO.owl.txt -- ProtegeOWLParser.loadTriples()
2018.05.07 19:57:04.135 GMT+08:00 INFO:     Completed triple loading after 51 ms -- ProtegeOWLParser.loadTriples()
2018.05.07 19:57:04.136 GMT+08:00 INFO: Importing http://www.owl-ontologies.com/Ontology1457533409.owl from location: C:\ontologyOWL\AllOwlFile\HLLight\TheNewLight.owl -- AbstractOWLModel.loadImportedAssertions()
2018.05.07 19:57:04.137 GMT+08:00 INFO: Loading triples for: http://www.owl-ontologies.com/Ontology1457533409.owl -- ProtegeOWLParser.loadTriples()
2018.05.07 19:57:04.149 GMT+08:00 INFO:     Completed triple loading after 11 ms -- ProtegeOWLParser.loadTriples()
2018.05.07 19:57:04.149 GMT+08:00 INFO: Importing http://www.owl-ontologies.com/Ontology1491747683.owl from location: C:\ontologyOWL\AllOwlFile\MakeBoats\MakeBoats.owl -- AbstractOWLModel.loadImportedAssertions()
2018.05.07 19:57:04.151 GMT+08:00 INFO: Loading triples for: http://www.owl-ontologies.com/Ontology1491747683.owl -- ProtegeOWLParser.loadTriples()
2018.05.07 19:57:04.154 GMT+08:00 INFO:     Completed triple loading after 3 ms -- ProtegeOWLParser.loadTriples()
2018.05.07 19:57:04.155 GMT+08:00 INFO: Importing http://www.owl-ontologies.com/Ontology1492410615.owl from location: C:\ontologyOWL\AllOwlFile\createFire\newfire.owl -- AbstractOWLModel.loadImportedAssertions()
2018.05.07 19:57:04.158 GMT+08:00 INFO: Loading triples for: http://www.owl-ontologies.com/Ontology1492410615.owl -- ProtegeOWLParser.loadTriples()
2018.05.07 19:57:04.161 GMT+08:00 INFO:     Completed triple loading after 2 ms -- ProtegeOWLParser.loadTriples()
2018.05.07 19:57:04.161 GMT+08:00 INFO: Importing http://www.owl-ontologies.com/Ontologyzhen.owl from location: C:\ontologyOWL\AllOwlFile\zhenOWL\zhen.owl -- AbstractOWLModel.loadImportedAssertions()
2018.05.07 19:57:04.163 GMT+08:00 INFO: Loading triples for: http://www.owl-ontologies.com/Ontologyzhen.owl -- ProtegeOWLParser.loadTriples()
2018.05.07 19:57:04.291 GMT+08:00 INFO:     Loaded 10000 triples 162 -- ProtegeOWLParser$ProtegeOWLStatementHandler.printTriplesLoadLogMessage()
2018.05.07 19:57:04.333 GMT+08:00 INFO:     Completed triple loading after 170 ms -- ProtegeOWLParser.loadTriples()
2018.05.07 19:57:04.333 GMT+08:00 INFO: Importing http://www.owl-ontologies.com/Ontology1357699817.owl from location: C:\ontologyOWL\AllOwlFile\Layout\sumo_phone3.owl -- AbstractOWLModel.loadImportedAssertions()
2018.05.07 19:57:04.335 GMT+08:00 INFO: Loading triples for: http://www.owl-ontologies.com/Ontology1357699817.owl -- ProtegeOWLParser.loadTriples()
2018.05.07 19:57:04.395 GMT+08:00 INFO:     Completed triple loading after 60 ms -- ProtegeOWLParser.loadTriples()
2018.05.07 19:57:04.397 GMT+08:00 INFO: Postprocess: Process entities with incorrect Java type (62 entities) ...  -- TriplePostProcessor.processFramesWithWrongJavaType()
2018.05.07 19:57:04.401 GMT+08:00 INFO: 3 ms
 -- TriplePostProcessor.processFramesWithWrongJavaType()
2018.05.07 19:57:04.401 GMT+08:00 INFO: Postprocess: Process metaclasses (3 metaclasses) ...  -- TriplePostProcessor.processMetaclasses()
2018.05.07 19:57:04.401 GMT+08:00 INFO: 0 ms
 -- TriplePostProcessor.processMetaclasses()
2018.05.07 19:57:04.402 GMT+08:00 INFO: Postprocess: Process subclasses of rdf:List (1 classes) ...  -- TriplePostProcessor.processSubclassesOfRdfList()
2018.05.07 19:57:04.403 GMT+08:00 INFO: 0 ms
 -- TriplePostProcessor.processSubclassesOfRdfList()
2018.05.07 19:57:04.403 GMT+08:00 INFO: Postprocess: Instances with multiple types (880 instances) ...  -- TriplePostProcessor.processInstancesWithMultipleTypes()
2018.05.07 19:57:04.417 GMT+08:00 INFO: 14 ms
 -- TriplePostProcessor.processInstancesWithMultipleTypes()
2018.05.07 19:57:04.420 GMT+08:00 INFO: Postprocess: Add inferred superclasses ...  -- TriplePostProcessor.processInferredSuperclasses()
2018.05.07 19:57:04.421 GMT+08:00 INFO: 1 ms
 -- TriplePostProcessor.processInferredSuperclasses()
2018.05.07 19:57:04.423 GMT+08:00 INFO: Postprocess: Process orphan classes (2376 classes) ...  -- TriplePostProcessor.processOrphanClses()
2018.05.07 19:57:04.435 GMT+08:00 INFO: 12 ms
 -- TriplePostProcessor.processOrphanClses()
2018.05.07 19:57:04.435 GMT+08:00 INFO: Postprocess: Generalized Concept Inclusion (0 axioms) ...  -- TriplePostProcessor.processGeneralizedConceptInclusions()
2018.05.07 19:57:04.435 GMT+08:00 INFO: 0 ms
 -- TriplePostProcessor.processGeneralizedConceptInclusions()
2018.05.07 19:57:04.435 GMT+08:00 INFO: Postprocess: Abstract classes...  -- TriplePostProcessor.processAbstractClasses()
2018.05.07 19:57:04.436 GMT+08:00 INFO: 0 ms
 -- TriplePostProcessor.processAbstractClasses()
2018.05.07 19:57:04.436 GMT+08:00 INFO: Postprocess: Domain and range of properties...  -- TriplePostProcessor.processDomainAndRange()
2018.05.07 19:57:04.467 GMT+08:00 INFO: 31 ms
 -- TriplePostProcessor.processDomainAndRange()
2018.05.07 19:57:04.467 GMT+08:00 INFO: Postprocess: Possibly typed entities (15 resources) ...  -- TriplePostProcessor.processPossiblyTypedResources()
2018.05.07 19:57:04.468 GMT+08:00 INFO: 0 ms
 -- TriplePostProcessor.processPossiblyTypedResources()
2018.05.07 19:57:04.468 GMT+08:00 INFO: Updating underlying frames model in 0 ms -- ProtegeOWLParser.doFinalPostProcessing()
2018.05.07 19:57:05.933 GMT+08:00 INFO: Saving import http://www.owl-ontologies.com/MyCamera.owl to C:\ontologyOWL\AllOwlFile\DxfCamera\camera.owl -- Protege2Jena.saveAll()
2018.05.07 19:57:06.008 GMT+08:00 INFO: Saving import http://www.owl-ontologies.com/Ontology1291624979.owl to C:\ontologyOWL\AllOwlFile\zhaoOWL\ColorAndLight.owl -- Protege2Jena.saveAll()
2018.05.07 19:57:06.079 GMT+08:00 INFO: Saving import http://www.owl-ontologies.com/Ontology1496659417.owl to C:\ontologyOWL\AllOwlFile\InterAction\Interaction.owl -- Protege2Jena.saveAll()
2018.05.07 19:57:06.089 GMT+08:00 INFO: Saving import http://www.owl-ontologies.com/OntologyActionFogExpression.owl to C:\ontologyOWL\AllOwlFile\JialiOWL\ActionPart.owl -- Protege2Jena.saveAll()
2018.05.07 19:57:06.126 GMT+08:00 INFO: Saving import http://www.owl-ontologies.com/OntologyEffect.owl to C:\ontologyOWL\AllOwlFile\LHH_Wind\Effect.owl -- Protege2Jena.saveAll()
2018.05.07 19:57:06.160 GMT+08:00 INFO: Saving import http://www.owl-ontologies.com/Ontology1488534407.owl to C:\ontologyOWL\AllOwlFile\FireworkOWL\FireworkOWL.owl -- Protege2Jena.saveAll()
2018.05.07 19:57:06.168 GMT+08:00 INFO: Saving import http://www.owl-ontologies.com/Ontology1448934359.owl to C:\ontologyOWL\AllOwlFile\Event\Event.owl -- Protege2Jena.saveAll()
2018.05.07 19:57:06.183 GMT+08:00 INFO: Saving import http://www.owl-ontologies.com/Ontology1457533409.owl to C:\ontologyOWL\AllOwlFile\HLLight\TheNewLight.owl -- Protege2Jena.saveAll()
2018.05.07 19:57:06.195 GMT+08:00 INFO: Saving import http://www.owl-ontologies.com/Ontology1491747683.owl to C:\ontologyOWL\AllOwlFile\MakeBoats\MakeBoats.owl -- Protege2Jena.saveAll()
2018.05.07 19:57:06.199 GMT+08:00 INFO: Saving import http://www.owl-ontologies.com/Ontology1492410615.owl to C:\ontologyOWL\AllOwlFile\createFire\newfire.owl -- Protege2Jena.saveAll()
2018.05.07 19:57:06.201 GMT+08:00 INFO: Saving import http://www.owl-ontologies.com/Ontologyzhen.owl to C:\ontologyOWL\AllOwlFile\zhenOWL\zhen.owl -- Protege2Jena.saveAll()
2018.05.07 19:57:06.401 GMT+08:00 INFO: Saving import http://www.owl-ontologies.com/Ontology1357699817.owl to C:\ontologyOWL\AllOwlFile\Layout\sumo_phone3.owl -- Protege2Jena.saveAll()
2018.05.07 19:57:06.718 GMT+08:00 INFO: ... saving successful to: C:\ontologyOWL\AllOwlFile\sumoOWL2\sumo_phone3.owl -- Protege2Jena.saveAll()
2018.05.07 19:57:08.802 GMT+08:00 WARNING: Invalid frame type: DefaultOWLIndividual(http://www.owl-ontologies.com/Ontology1290308675.owl#M_PalmTree02.ma of [DefaultOWLNamedClass(http://www.owl-ontologies.com/Ontology1290308675.owl#PalmTree)]) -- AbstractRedirectingDispatch.getDirectOwnSlotValues()
2018.05.07 19:57:08.836 GMT+08:00 WARNING: Invalid frame type: DefaultOWLIndividual(http://www.owl-ontologies.com/Ontology1290308675.owl#M_Hornbeam_Tree02.ma of [DefaultOWLNamedClass(http://www.owl-ontologies.com/Ontology1290308675.owl#HornbeamTree)]) -- AbstractRedirectingDispatch.getDirectOwnSlotValues()
