2018.03.09 14:43:23.621 GMT+08:00 INFO: *** SYSTEM START ***
2018.03.09 14:43:24.041 GMT+08:00 WARNING: [Local Folder Repository] The specified file must be a directory. (F:\eclipse_64\workspace\serverProject\plugins\edu.stanford.smi.protegex.owl) -- LocalFolderRepository.update()
2018.03.09 14:43:26.333 GMT+08:00 INFO: Loading triples for: file:/C:/ontologyOWL/sumoOWL2/sumo_phone3.owl -- ProtegeOWLParser.loadTriples()
2018.03.09 14:43:26.840 GMT+08:00 INFO:     Loaded 10000 triples 253 -- ProtegeOWLParser$ProtegeOWLStatementHandler.printTriplesLoadLogMessage()
2018.03.09 14:43:27.100 GMT+08:00 INFO:     Loaded 20000 triples 222 -- ProtegeOWLParser$ProtegeOWLStatementHandler.printTriplesLoadLogMessage()
2018.03.09 14:43:27.270 GMT+08:00 INFO:     Loaded 30000 triples 258 -- ProtegeOWLParser$ProtegeOWLStatementHandler.printTriplesLoadLogMessage()
2018.03.09 14:43:27.402 GMT+08:00 INFO:     Completed triple loading after 1059 ms -- ProtegeOWLParser.loadTriples()
2018.03.09 14:43:27.402 GMT+08:00 INFO: Importing http://www.owl-ontologies.com/MyCamera.owl from location: C:\ontologyOWL\AllOwlFile\DxfCamera\camera.owl -- AbstractOWLModel.loadImportedAssertions()
2018.03.09 14:43:27.412 GMT+08:00 INFO: Loading triples for: http://www.owl-ontologies.com/MyCamera.owl -- ProtegeOWLParser.loadTriples()
2018.03.09 14:43:27.493 GMT+08:00 INFO:     Completed triple loading after 81 ms -- ProtegeOWLParser.loadTriples()
2018.03.09 14:43:27.493 GMT+08:00 INFO: Importing http://sqwrl.stanford.edu/ontologies/built-ins/3.4/sqwrl.owl from location: http://sqwrl.stanford.edu/ontologies/built-ins/3.4/sqwrl.owl -- AbstractOWLModel.loadImportedAssertions()
2018.03.09 14:43:28.513 GMT+08:00 INFO: Loading triples for: http://sqwrl.stanford.edu/ontologies/built-ins/3.4/sqwrl.owl -- ProtegeOWLParser.loadTriples()
2018.03.09 14:43:28.513 GMT+08:00 INFO:     Completed triple loading after 0 ms -- ProtegeOWLParser.loadTriples()
2018.03.09 14:43:28.523 GMT+08:00 INFO: Importing http://swrl.stanford.edu/ontologies/3.3/swrla.owl from location: http://swrl.stanford.edu/ontologies/3.3/swrla.owl -- AbstractOWLModel.loadImportedAssertions()
2018.03.09 14:43:29.544 GMT+08:00 INFO: Loading triples for: http://swrl.stanford.edu/ontologies/3.3/swrla.owl -- ProtegeOWLParser.loadTriples()
2018.03.09 14:43:30.275 GMT+08:00 INFO:     Completed triple loading after 731 ms -- ProtegeOWLParser.loadTriples()
2018.03.09 14:43:30.275 GMT+08:00 INFO: Importing http://www.owl-ontologies.com/Ontology1291624979.owl from location: C:\ontologyOWL\AllOwlFile\zhaoOWL\ColorAndLight.owl -- AbstractOWLModel.loadImportedAssertions()
2018.03.09 14:43:30.275 GMT+08:00 INFO: Loading triples for: http://www.owl-ontologies.com/Ontology1291624979.owl -- ProtegeOWLParser.loadTriples()
2018.03.09 14:43:30.365 GMT+08:00 INFO:     Completed triple loading after 90 ms -- ProtegeOWLParser.loadTriples()
2018.03.09 14:43:30.365 GMT+08:00 INFO: Importing http://www.owl-ontologies.com/Ontology1496659417.owl from location: C:\ontologyOWL\AllOwlFile\InterAction\Interaction.owl -- AbstractOWLModel.loadImportedAssertions()
2018.03.09 14:43:30.365 GMT+08:00 INFO: Loading triples for: http://www.owl-ontologies.com/Ontology1496659417.owl -- ProtegeOWLParser.loadTriples()
2018.03.09 14:43:30.385 GMT+08:00 INFO:     Completed triple loading after 20 ms -- ProtegeOWLParser.loadTriples()
2018.03.09 14:43:30.385 GMT+08:00 INFO: Importing http://www.owl-ontologies.com/OntologyActionFogExpression.owl from location: C:\ontologyOWL\AllOwlFile\JialiOWL\ActionPart.owl -- AbstractOWLModel.loadImportedAssertions()
2018.03.09 14:43:30.385 GMT+08:00 INFO: Loading triples for: http://www.owl-ontologies.com/OntologyActionFogExpression.owl -- ProtegeOWLParser.loadTriples()
2018.03.09 14:43:30.425 GMT+08:00 INFO:     Completed triple loading after 40 ms -- ProtegeOWLParser.loadTriples()
2018.03.09 14:43:30.425 GMT+08:00 INFO: Importing http://www.owl-ontologies.com/OntologyEffect.owl from location: C:\ontologyOWL\AllOwlFile\LHH_Wind\Effect.owl -- AbstractOWLModel.loadImportedAssertions()
2018.03.09 14:43:30.425 GMT+08:00 INFO: Loading triples for: http://www.owl-ontologies.com/OntologyEffect.owl -- ProtegeOWLParser.loadTriples()
2018.03.09 14:43:30.469 GMT+08:00 INFO:     Completed triple loading after 44 ms -- ProtegeOWLParser.loadTriples()
2018.03.09 14:43:30.470 GMT+08:00 INFO: Importing http://www.owl-ontologies.com/Ontology1488534407.owl from location: C:\ontologyOWL\AllOwlFile\FireworkOWL\FireworkOWL.owl -- AbstractOWLModel.loadImportedAssertions()
2018.03.09 14:43:30.471 GMT+08:00 INFO: Loading triples for: http://www.owl-ontologies.com/Ontology1488534407.owl -- ProtegeOWLParser.loadTriples()
2018.03.09 14:43:30.554 GMT+08:00 INFO:     Completed triple loading after 82 ms -- ProtegeOWLParser.loadTriples()
2018.03.09 14:43:30.555 GMT+08:00 INFO: Importing http://www.owl-ontologies.com/Ontology1448934359.owl from location: C:\ontologyOWL\AllOwlFile\Event\Event.owl -- AbstractOWLModel.loadImportedAssertions()
2018.03.09 14:43:30.557 GMT+08:00 INFO: Loading triples for: http://www.owl-ontologies.com/Ontology1448934359.owl -- ProtegeOWLParser.loadTriples()
2018.03.09 14:43:30.577 GMT+08:00 INFO:     Completed triple loading after 20 ms -- ProtegeOWLParser.loadTriples()
2018.03.09 14:43:30.579 GMT+08:00 INFO: Importing http://www.ontologyportal.org/translations/SUMO.owl.txt from location: C:\ontologyOWL\AllOwlFile\sumoOWL2\imports\sumo120.owl -- AbstractOWLModel.loadImportedAssertions()
2018.03.09 14:43:30.581 GMT+08:00 INFO: Loading triples for: http://www.ontologyportal.org/translations/SUMO.owl.txt -- ProtegeOWLParser.loadTriples()
2018.03.09 14:43:30.637 GMT+08:00 INFO:     Completed triple loading after 56 ms -- ProtegeOWLParser.loadTriples()
2018.03.09 14:43:30.637 GMT+08:00 INFO: Importing http://www.owl-ontologies.com/Ontology1457533409.owl from location: C:\ontologyOWL\AllOwlFile\HLLight\TheNewLight.owl -- AbstractOWLModel.loadImportedAssertions()
2018.03.09 14:43:30.637 GMT+08:00 INFO: Loading triples for: http://www.owl-ontologies.com/Ontology1457533409.owl -- ProtegeOWLParser.loadTriples()
2018.03.09 14:43:30.657 GMT+08:00 INFO:     Completed triple loading after 20 ms -- ProtegeOWLParser.loadTriples()
2018.03.09 14:43:30.657 GMT+08:00 INFO: Importing http://www.owl-ontologies.com/Ontology1491747683.owl from location: C:\ontologyOWL\AllOwlFile\MakeBoats\MakeBoats.owl -- AbstractOWLModel.loadImportedAssertions()
2018.03.09 14:43:30.657 GMT+08:00 INFO: Loading triples for: http://www.owl-ontologies.com/Ontology1491747683.owl -- ProtegeOWLParser.loadTriples()
2018.03.09 14:43:30.667 GMT+08:00 INFO:     Completed triple loading after 10 ms -- ProtegeOWLParser.loadTriples()
2018.03.09 14:43:30.667 GMT+08:00 INFO: Importing http://www.owl-ontologies.com/Ontology1492410615.owl from location: C:\ontologyOWL\AllOwlFile\createFire\newfire.owl -- AbstractOWLModel.loadImportedAssertions()
2018.03.09 14:43:30.667 GMT+08:00 INFO: Loading triples for: http://www.owl-ontologies.com/Ontology1492410615.owl -- ProtegeOWLParser.loadTriples()
2018.03.09 14:43:30.667 GMT+08:00 INFO:     Completed triple loading after 0 ms -- ProtegeOWLParser.loadTriples()
2018.03.09 14:43:30.667 GMT+08:00 INFO: Importing http://www.owl-ontologies.com/Ontologyzhen.owl from location: C:\ontologyOWL\AllOwlFile\zhenOWL\zhen.owl -- AbstractOWLModel.loadImportedAssertions()
2018.03.09 14:43:30.667 GMT+08:00 INFO: Loading triples for: http://www.owl-ontologies.com/Ontologyzhen.owl -- ProtegeOWLParser.loadTriples()
2018.03.09 14:43:30.809 GMT+08:00 INFO:     Loaded 10000 triples 163 -- ProtegeOWLParser$ProtegeOWLStatementHandler.printTriplesLoadLogMessage()
2018.03.09 14:43:30.849 GMT+08:00 INFO:     Completed triple loading after 182 ms -- ProtegeOWLParser.loadTriples()
2018.03.09 14:43:30.849 GMT+08:00 INFO: Importing http://www.owl-ontologies.com/Ontology1357699817.owl from location: C:\ontologyOWL\AllOwlFile\Layout\sumo_phone3.owl -- AbstractOWLModel.loadImportedAssertions()
2018.03.09 14:43:30.849 GMT+08:00 INFO: Loading triples for: http://www.owl-ontologies.com/Ontology1357699817.owl -- ProtegeOWLParser.loadTriples()
2018.03.09 14:43:31.193 GMT+08:00 INFO:     Completed triple loading after 344 ms -- ProtegeOWLParser.loadTriples()
2018.03.09 14:43:31.203 GMT+08:00 INFO: Postprocess: Process entities with incorrect Java type (56 entities) ...  -- TriplePostProcessor.processFramesWithWrongJavaType()
2018.03.09 14:43:31.203 GMT+08:00 INFO: 0 ms
 -- TriplePostProcessor.processFramesWithWrongJavaType()
2018.03.09 14:43:31.203 GMT+08:00 INFO: Postprocess: Process metaclasses (3 metaclasses) ...  -- TriplePostProcessor.processMetaclasses()
2018.03.09 14:43:31.203 GMT+08:00 INFO: 0 ms
 -- TriplePostProcessor.processMetaclasses()
2018.03.09 14:43:31.203 GMT+08:00 INFO: Postprocess: Process subclasses of rdf:List (1 classes) ...  -- TriplePostProcessor.processSubclassesOfRdfList()
2018.03.09 14:43:31.203 GMT+08:00 INFO: 0 ms
 -- TriplePostProcessor.processSubclassesOfRdfList()
2018.03.09 14:43:31.203 GMT+08:00 INFO: Postprocess: Instances with multiple types (886 instances) ...  -- TriplePostProcessor.processInstancesWithMultipleTypes()
2018.03.09 14:43:31.213 GMT+08:00 INFO: 10 ms
 -- TriplePostProcessor.processInstancesWithMultipleTypes()
2018.03.09 14:43:31.223 GMT+08:00 INFO: Postprocess: Add inferred superclasses ...  -- TriplePostProcessor.processInferredSuperclasses()
2018.03.09 14:43:31.223 GMT+08:00 INFO: 0 ms
 -- TriplePostProcessor.processInferredSuperclasses()
2018.03.09 14:43:31.233 GMT+08:00 INFO: Postprocess: Process orphan classes (2376 classes) ...  -- TriplePostProcessor.processOrphanClses()
2018.03.09 14:43:31.243 GMT+08:00 INFO: 10 ms
 -- TriplePostProcessor.processOrphanClses()
2018.03.09 14:43:31.243 GMT+08:00 INFO: Postprocess: Generalized Concept Inclusion (0 axioms) ...  -- TriplePostProcessor.processGeneralizedConceptInclusions()
2018.03.09 14:43:31.243 GMT+08:00 INFO: 0 ms
 -- TriplePostProcessor.processGeneralizedConceptInclusions()
2018.03.09 14:43:31.243 GMT+08:00 INFO: Postprocess: Abstract classes...  -- TriplePostProcessor.processAbstractClasses()
2018.03.09 14:43:31.243 GMT+08:00 INFO: 0 ms
 -- TriplePostProcessor.processAbstractClasses()
2018.03.09 14:43:31.243 GMT+08:00 INFO: Postprocess: Domain and range of properties...  -- TriplePostProcessor.processDomainAndRange()
2018.03.09 14:43:31.285 GMT+08:00 INFO: 42 ms
 -- TriplePostProcessor.processDomainAndRange()
2018.03.09 14:43:31.285 GMT+08:00 INFO: Postprocess: Possibly typed entities (15 resources) ...  -- TriplePostProcessor.processPossiblyTypedResources()
2018.03.09 14:43:31.285 GMT+08:00 INFO: 0 ms
 -- TriplePostProcessor.processPossiblyTypedResources()
2018.03.09 14:43:31.285 GMT+08:00 INFO: Updating underlying frames model in 0 ms -- ProtegeOWLParser.doFinalPostProcessing()
2018.03.09 14:43:31.348 GMT+08:00 INFO: Rule engine 'SWRLJessBridge' registered with the SWRLTab bridge. -- BridgeFactory.registerBridge()
2018.03.09 14:43:34.455 GMT+08:00 INFO: Saving import http://www.owl-ontologies.com/MyCamera.owl to C:\ontologyOWL\AllOwlFile\DxfCamera\camera.owl -- Protege2Jena.saveAll()
2018.03.09 14:43:34.586 GMT+08:00 INFO: Saving import http://www.owl-ontologies.com/Ontology1291624979.owl to C:\ontologyOWL\AllOwlFile\zhaoOWL\ColorAndLight.owl -- Protege2Jena.saveAll()
2018.03.09 14:43:34.696 GMT+08:00 INFO: Saving import http://www.owl-ontologies.com/Ontology1496659417.owl to C:\ontologyOWL\AllOwlFile\InterAction\Interaction.owl -- Protege2Jena.saveAll()
2018.03.09 14:43:34.716 GMT+08:00 INFO: Saving import http://www.owl-ontologies.com/OntologyActionFogExpression.owl to C:\ontologyOWL\AllOwlFile\JialiOWL\ActionPart.owl -- Protege2Jena.saveAll()
2018.03.09 14:43:34.766 GMT+08:00 INFO: Saving import http://www.owl-ontologies.com/OntologyEffect.owl to C:\ontologyOWL\AllOwlFile\LHH_Wind\Effect.owl -- Protege2Jena.saveAll()
2018.03.09 14:43:34.819 GMT+08:00 INFO: Saving import http://www.owl-ontologies.com/Ontology1488534407.owl to C:\ontologyOWL\AllOwlFile\FireworkOWL\FireworkOWL.owl -- Protege2Jena.saveAll()
2018.03.09 14:43:34.834 GMT+08:00 INFO: Saving import http://www.owl-ontologies.com/Ontology1448934359.owl to C:\ontologyOWL\AllOwlFile\Event\Event.owl -- Protege2Jena.saveAll()
2018.03.09 14:43:34.848 GMT+08:00 INFO: Saving import http://www.owl-ontologies.com/Ontology1457533409.owl to C:\ontologyOWL\AllOwlFile\HLLight\TheNewLight.owl -- Protege2Jena.saveAll()
2018.03.09 14:43:34.868 GMT+08:00 INFO: Saving import http://www.owl-ontologies.com/Ontology1491747683.owl to C:\ontologyOWL\AllOwlFile\MakeBoats\MakeBoats.owl -- Protege2Jena.saveAll()
2018.03.09 14:43:34.868 GMT+08:00 INFO: Saving import http://www.owl-ontologies.com/Ontology1492410615.owl to C:\ontologyOWL\AllOwlFile\createFire\newfire.owl -- Protege2Jena.saveAll()
2018.03.09 14:43:34.878 GMT+08:00 INFO: Saving import http://www.owl-ontologies.com/Ontologyzhen.owl to C:\ontologyOWL\AllOwlFile\zhenOWL\zhen.owl -- Protege2Jena.saveAll()
2018.03.09 14:43:35.148 GMT+08:00 INFO: Saving import http://www.owl-ontologies.com/Ontology1357699817.owl to C:\ontologyOWL\AllOwlFile\Layout\sumo_phone3.owl -- Protege2Jena.saveAll()
2018.03.09 14:43:35.610 GMT+08:00 INFO: ... saving successful to: C:\ontologyOWL\AllOwlFile\sumoOWL2\sumo_phone3.owl -- Protege2Jena.saveAll()
2018.03.09 14:43:35.641 GMT+08:00 WARNING: [Local Folder Repository] The specified file must be a directory. (F:\eclipse_64\workspace\serverProject\plugins\edu.stanford.smi.protegex.owl) -- LocalFolderRepository.update()
2018.03.09 14:43:36.741 GMT+08:00 INFO: Loading triples for: file:/C:/ontologyOWL/AllOwlFile/sumoOWL2/sumo_phone3.owl -- ProtegeOWLParser.loadTriples()
2018.03.09 14:43:36.861 GMT+08:00 INFO:     Loaded 10000 triples 253 -- ProtegeOWLParser$ProtegeOWLStatementHandler.printTriplesLoadLogMessage()
2018.03.09 14:43:37.001 GMT+08:00 INFO:     Loaded 20000 triples 221 -- ProtegeOWLParser$ProtegeOWLStatementHandler.printTriplesLoadLogMessage()
2018.03.09 14:43:37.121 GMT+08:00 INFO:     Loaded 30000 triples 258 -- ProtegeOWLParser$ProtegeOWLStatementHandler.printTriplesLoadLogMessage()
2018.03.09 14:43:37.181 GMT+08:00 INFO:     Completed triple loading after 440 ms -- ProtegeOWLParser.loadTriples()
2018.03.09 14:43:37.181 GMT+08:00 INFO: Importing http://www.owl-ontologies.com/MyCamera.owl from location: C:\ontologyOWL\AllOwlFile\DxfCamera\camera.owl -- AbstractOWLModel.loadImportedAssertions()
2018.03.09 14:43:37.191 GMT+08:00 INFO: Loading triples for: http://www.owl-ontologies.com/MyCamera.owl -- ProtegeOWLParser.loadTriples()
2018.03.09 14:43:37.241 GMT+08:00 INFO:     Completed triple loading after 50 ms -- ProtegeOWLParser.loadTriples()
2018.03.09 14:43:37.241 GMT+08:00 INFO: Importing http://sqwrl.stanford.edu/ontologies/built-ins/3.4/sqwrl.owl from location: http://sqwrl.stanford.edu/ontologies/built-ins/3.4/sqwrl.owl -- AbstractOWLModel.loadImportedAssertions()
2018.03.09 14:43:38.311 GMT+08:00 INFO: Loading triples for: http://sqwrl.stanford.edu/ontologies/built-ins/3.4/sqwrl.owl -- ProtegeOWLParser.loadTriples()
2018.03.09 14:43:38.311 GMT+08:00 INFO:     Completed triple loading after 0 ms -- ProtegeOWLParser.loadTriples()
2018.03.09 14:43:38.311 GMT+08:00 INFO: Importing http://swrl.stanford.edu/ontologies/3.3/swrla.owl from location: http://swrl.stanford.edu/ontologies/3.3/swrla.owl -- AbstractOWLModel.loadImportedAssertions()
2018.03.09 14:43:39.642 GMT+08:00 INFO: Loading triples for: http://swrl.stanford.edu/ontologies/3.3/swrla.owl -- ProtegeOWLParser.loadTriples()
2018.03.09 14:43:39.652 GMT+08:00 INFO:     Completed triple loading after 0 ms -- ProtegeOWLParser.loadTriples()
2018.03.09 14:43:39.652 GMT+08:00 INFO: Importing http://www.owl-ontologies.com/Ontology1291624979.owl from location: C:\ontologyOWL\AllOwlFile\zhaoOWL\ColorAndLight.owl -- AbstractOWLModel.loadImportedAssertions()
2018.03.09 14:43:39.652 GMT+08:00 INFO: Loading triples for: http://www.owl-ontologies.com/Ontology1291624979.owl -- ProtegeOWLParser.loadTriples()
2018.03.09 14:43:39.723 GMT+08:00 INFO:     Completed triple loading after 71 ms -- ProtegeOWLParser.loadTriples()
2018.03.09 14:43:39.723 GMT+08:00 INFO: Importing http://www.owl-ontologies.com/Ontology1496659417.owl from location: C:\ontologyOWL\AllOwlFile\InterAction\Interaction.owl -- AbstractOWLModel.loadImportedAssertions()
2018.03.09 14:43:39.723 GMT+08:00 INFO: Loading triples for: http://www.owl-ontologies.com/Ontology1496659417.owl -- ProtegeOWLParser.loadTriples()
2018.03.09 14:43:39.733 GMT+08:00 INFO:     Completed triple loading after 10 ms -- ProtegeOWLParser.loadTriples()
2018.03.09 14:43:39.733 GMT+08:00 INFO: Importing http://www.owl-ontologies.com/OntologyActionFogExpression.owl from location: C:\ontologyOWL\AllOwlFile\JialiOWL\ActionPart.owl -- AbstractOWLModel.loadImportedAssertions()
2018.03.09 14:43:39.743 GMT+08:00 INFO: Loading triples for: http://www.owl-ontologies.com/OntologyActionFogExpression.owl -- ProtegeOWLParser.loadTriples()
2018.03.09 14:43:39.773 GMT+08:00 INFO:     Completed triple loading after 30 ms -- ProtegeOWLParser.loadTriples()
2018.03.09 14:43:39.773 GMT+08:00 INFO: Importing http://www.owl-ontologies.com/OntologyEffect.owl from location: C:\ontologyOWL\AllOwlFile\LHH_Wind\Effect.owl -- AbstractOWLModel.loadImportedAssertions()
2018.03.09 14:43:39.773 GMT+08:00 INFO: Loading triples for: http://www.owl-ontologies.com/OntologyEffect.owl -- ProtegeOWLParser.loadTriples()
2018.03.09 14:43:39.813 GMT+08:00 INFO:     Completed triple loading after 40 ms -- ProtegeOWLParser.loadTriples()
2018.03.09 14:43:39.813 GMT+08:00 INFO: Importing http://www.owl-ontologies.com/Ontology1488534407.owl from location: C:\ontologyOWL\AllOwlFile\FireworkOWL\FireworkOWL.owl -- AbstractOWLModel.loadImportedAssertions()
2018.03.09 14:43:39.813 GMT+08:00 INFO: Loading triples for: http://www.owl-ontologies.com/Ontology1488534407.owl -- ProtegeOWLParser.loadTriples()
2018.03.09 14:43:39.823 GMT+08:00 INFO:     Completed triple loading after 10 ms -- ProtegeOWLParser.loadTriples()
2018.03.09 14:43:39.823 GMT+08:00 INFO: Importing http://www.owl-ontologies.com/Ontology1448934359.owl from location: C:\ontologyOWL\AllOwlFile\Event\Event.owl -- AbstractOWLModel.loadImportedAssertions()
2018.03.09 14:43:39.823 GMT+08:00 INFO: Loading triples for: http://www.owl-ontologies.com/Ontology1448934359.owl -- ProtegeOWLParser.loadTriples()
2018.03.09 14:43:39.843 GMT+08:00 INFO:     Completed triple loading after 20 ms -- ProtegeOWLParser.loadTriples()
2018.03.09 14:43:39.843 GMT+08:00 INFO: Importing http://www.ontologyportal.org/translations/SUMO.owl.txt from location: C:\ontologyOWL\AllOwlFile\sumoOWL2\imports\sumo120.owl -- AbstractOWLModel.loadImportedAssertions()
2018.03.09 14:43:39.853 GMT+08:00 INFO: Loading triples for: http://www.ontologyportal.org/translations/SUMO.owl.txt -- ProtegeOWLParser.loadTriples()
2018.03.09 14:43:39.903 GMT+08:00 INFO:     Completed triple loading after 50 ms -- ProtegeOWLParser.loadTriples()
2018.03.09 14:43:39.903 GMT+08:00 INFO: Importing http://www.owl-ontologies.com/Ontology1457533409.owl from location: C:\ontologyOWL\AllOwlFile\HLLight\TheNewLight.owl -- AbstractOWLModel.loadImportedAssertions()
2018.03.09 14:43:39.903 GMT+08:00 INFO: Loading triples for: http://www.owl-ontologies.com/Ontology1457533409.owl -- ProtegeOWLParser.loadTriples()
2018.03.09 14:43:39.913 GMT+08:00 INFO:     Completed triple loading after 10 ms -- ProtegeOWLParser.loadTriples()
2018.03.09 14:43:39.913 GMT+08:00 INFO: Importing http://www.owl-ontologies.com/Ontology1491747683.owl from location: C:\ontologyOWL\AllOwlFile\MakeBoats\MakeBoats.owl -- AbstractOWLModel.loadImportedAssertions()
2018.03.09 14:43:39.913 GMT+08:00 INFO: Loading triples for: http://www.owl-ontologies.com/Ontology1491747683.owl -- ProtegeOWLParser.loadTriples()
2018.03.09 14:43:39.923 GMT+08:00 INFO:     Completed triple loading after 0 ms -- ProtegeOWLParser.loadTriples()
2018.03.09 14:43:39.923 GMT+08:00 INFO: Importing http://www.owl-ontologies.com/Ontology1492410615.owl from location: C:\ontologyOWL\AllOwlFile\createFire\newfire.owl -- AbstractOWLModel.loadImportedAssertions()
2018.03.09 14:43:39.923 GMT+08:00 INFO: Loading triples for: http://www.owl-ontologies.com/Ontology1492410615.owl -- ProtegeOWLParser.loadTriples()
2018.03.09 14:43:39.923 GMT+08:00 INFO:     Completed triple loading after 0 ms -- ProtegeOWLParser.loadTriples()
2018.03.09 14:43:39.923 GMT+08:00 INFO: Importing http://www.owl-ontologies.com/Ontologyzhen.owl from location: C:\ontologyOWL\AllOwlFile\zhenOWL\zhen.owl -- AbstractOWLModel.loadImportedAssertions()
2018.03.09 14:43:39.923 GMT+08:00 INFO: Loading triples for: http://www.owl-ontologies.com/Ontologyzhen.owl -- ProtegeOWLParser.loadTriples()
2018.03.09 14:43:40.399 GMT+08:00 INFO:     Loaded 10000 triples 164 -- ProtegeOWLParser$ProtegeOWLStatementHandler.printTriplesLoadLogMessage()
2018.03.09 14:43:40.433 GMT+08:00 INFO:     Completed triple loading after 510 ms -- ProtegeOWLParser.loadTriples()
2018.03.09 14:43:40.433 GMT+08:00 INFO: Importing http://www.owl-ontologies.com/Ontology1357699817.owl from location: C:\ontologyOWL\AllOwlFile\Layout\sumo_phone3.owl -- AbstractOWLModel.loadImportedAssertions()
2018.03.09 14:43:40.434 GMT+08:00 INFO: Loading triples for: http://www.owl-ontologies.com/Ontology1357699817.owl -- ProtegeOWLParser.loadTriples()
2018.03.09 14:43:40.484 GMT+08:00 INFO:     Completed triple loading after 50 ms -- ProtegeOWLParser.loadTriples()
2018.03.09 14:43:40.488 GMT+08:00 INFO: Postprocess: Process entities with incorrect Java type (56 entities) ...  -- TriplePostProcessor.processFramesWithWrongJavaType()
2018.03.09 14:43:40.493 GMT+08:00 INFO: 5 ms
 -- TriplePostProcessor.processFramesWithWrongJavaType()
2018.03.09 14:43:40.493 GMT+08:00 INFO: Postprocess: Process metaclasses (3 metaclasses) ...  -- TriplePostProcessor.processMetaclasses()
2018.03.09 14:43:40.494 GMT+08:00 INFO: 1 ms
 -- TriplePostProcessor.processMetaclasses()
2018.03.09 14:43:40.494 GMT+08:00 INFO: Postprocess: Process subclasses of rdf:List (1 classes) ...  -- TriplePostProcessor.processSubclassesOfRdfList()
2018.03.09 14:43:40.494 GMT+08:00 INFO: 0 ms
 -- TriplePostProcessor.processSubclassesOfRdfList()
2018.03.09 14:43:40.494 GMT+08:00 INFO: Postprocess: Instances with multiple types (886 instances) ...  -- TriplePostProcessor.processInstancesWithMultipleTypes()
2018.03.09 14:43:40.504 GMT+08:00 INFO: 10 ms
 -- TriplePostProcessor.processInstancesWithMultipleTypes()
2018.03.09 14:43:40.507 GMT+08:00 INFO: Postprocess: Add inferred superclasses ...  -- TriplePostProcessor.processInferredSuperclasses()
2018.03.09 14:43:40.508 GMT+08:00 INFO: 1 ms
 -- TriplePostProcessor.processInferredSuperclasses()
2018.03.09 14:43:40.509 GMT+08:00 INFO: Postprocess: Process orphan classes (2376 classes) ...  -- TriplePostProcessor.processOrphanClses()
2018.03.09 14:43:40.518 GMT+08:00 INFO: 9 ms
 -- TriplePostProcessor.processOrphanClses()
2018.03.09 14:43:40.518 GMT+08:00 INFO: Postprocess: Generalized Concept Inclusion (0 axioms) ...  -- TriplePostProcessor.processGeneralizedConceptInclusions()
2018.03.09 14:43:40.518 GMT+08:00 INFO: 0 ms
 -- TriplePostProcessor.processGeneralizedConceptInclusions()
2018.03.09 14:43:40.519 GMT+08:00 INFO: Postprocess: Abstract classes...  -- TriplePostProcessor.processAbstractClasses()
2018.03.09 14:43:40.519 GMT+08:00 INFO: 0 ms
 -- TriplePostProcessor.processAbstractClasses()
2018.03.09 14:43:40.519 GMT+08:00 INFO: Postprocess: Domain and range of properties...  -- TriplePostProcessor.processDomainAndRange()
2018.03.09 14:43:40.547 GMT+08:00 INFO: 28 ms
 -- TriplePostProcessor.processDomainAndRange()
2018.03.09 14:43:40.548 GMT+08:00 INFO: Postprocess: Possibly typed entities (15 resources) ...  -- TriplePostProcessor.processPossiblyTypedResources()
2018.03.09 14:43:40.548 GMT+08:00 INFO: 0 ms
 -- TriplePostProcessor.processPossiblyTypedResources()
2018.03.09 14:43:40.548 GMT+08:00 INFO: Updating underlying frames model in 0 ms -- ProtegeOWLParser.doFinalPostProcessing()
2018.03.09 14:43:41.427 GMT+08:00 INFO: Saving import http://www.owl-ontologies.com/MyCamera.owl to C:\ontologyOWL\AllOwlFile\DxfCamera\camera.owl -- Protege2Jena.saveAll()
2018.03.09 14:43:41.568 GMT+08:00 INFO: Saving import http://www.owl-ontologies.com/Ontology1291624979.owl to C:\ontologyOWL\AllOwlFile\zhaoOWL\ColorAndLight.owl -- Protege2Jena.saveAll()
2018.03.09 14:43:41.648 GMT+08:00 INFO: Saving import http://www.owl-ontologies.com/Ontology1496659417.owl to C:\ontologyOWL\AllOwlFile\InterAction\Interaction.owl -- Protege2Jena.saveAll()
2018.03.09 14:43:41.658 GMT+08:00 INFO: Saving import http://www.owl-ontologies.com/OntologyActionFogExpression.owl to C:\ontologyOWL\AllOwlFile\JialiOWL\ActionPart.owl -- Protege2Jena.saveAll()
2018.03.09 14:43:41.708 GMT+08:00 INFO: Saving import http://www.owl-ontologies.com/OntologyEffect.owl to C:\ontologyOWL\AllOwlFile\LHH_Wind\Effect.owl -- Protege2Jena.saveAll()
2018.03.09 14:43:41.748 GMT+08:00 INFO: Saving import http://www.owl-ontologies.com/Ontology1488534407.owl to C:\ontologyOWL\AllOwlFile\FireworkOWL\FireworkOWL.owl -- Protege2Jena.saveAll()
2018.03.09 14:43:41.758 GMT+08:00 INFO: Saving import http://www.owl-ontologies.com/Ontology1448934359.owl to C:\ontologyOWL\AllOwlFile\Event\Event.owl -- Protege2Jena.saveAll()
2018.03.09 14:43:41.778 GMT+08:00 INFO: Saving import http://www.owl-ontologies.com/Ontology1457533409.owl to C:\ontologyOWL\AllOwlFile\HLLight\TheNewLight.owl -- Protege2Jena.saveAll()
2018.03.09 14:43:41.788 GMT+08:00 INFO: Saving import http://www.owl-ontologies.com/Ontology1491747683.owl to C:\ontologyOWL\AllOwlFile\MakeBoats\MakeBoats.owl -- Protege2Jena.saveAll()
2018.03.09 14:43:41.798 GMT+08:00 INFO: Saving import http://www.owl-ontologies.com/Ontology1492410615.owl to C:\ontologyOWL\AllOwlFile\createFire\newfire.owl -- Protege2Jena.saveAll()
2018.03.09 14:43:41.798 GMT+08:00 INFO: Saving import http://www.owl-ontologies.com/Ontologyzhen.owl to C:\ontologyOWL\AllOwlFile\zhenOWL\zhen.owl -- Protege2Jena.saveAll()
2018.03.09 14:43:42.008 GMT+08:00 INFO: Saving import http://www.owl-ontologies.com/Ontology1357699817.owl to C:\ontologyOWL\AllOwlFile\Layout\sumo_phone3.owl -- Protege2Jena.saveAll()
2018.03.09 14:43:42.338 GMT+08:00 INFO: ... saving successful to: C:\ontologyOWL\AllOwlFile\sumoOWL2\sumo_phone3.owl -- Protege2Jena.saveAll()
2018.03.09 14:43:44.863 GMT+08:00 WARNING: Invalid frame type: DefaultOWLIndividual(http://www.owl-ontologies.com/Ontology1290308675.owl#M_car05.ma of [DefaultOWLNamedClass(http://www.owl-ontologies.com/Ontology1290308675.owl#Car)]) -- AbstractRedirectingDispatch.getDirectOwnSlotValues()
2018.03.09 14:43:44.863 GMT+08:00 WARNING: Invalid frame type: DefaultOWLIndividual(http://www.owl-ontologies.com/Ontology1290308675.owl#M_car07.ma of [DefaultOWLNamedClass(http://www.owl-ontologies.com/Ontology1290308675.owl#Car)]) -- AbstractRedirectingDispatch.getDirectOwnSlotValues()
