2018.05.07 20:36:54.436 GMT+08:00 INFO: *** SYSTEM START ***
2018.05.07 20:36:54.853 GMT+08:00 WARNING: [Local Folder Repository] The specified file must be a directory. (F:\eclipse_64\workspace\serverProject\plugins\edu.stanford.smi.protegex.owl) -- LocalFolderRepository.update()
2018.05.07 20:36:54.961 GMT+08:00 INFO: Loading triples for: file:/C:/ontologyOWL/sumoOWL2/sumo_phone3.owl -- ProtegeOWLParser.loadTriples()
2018.05.07 20:36:55.395 GMT+08:00 INFO:     Loaded 10000 triples 347 -- ProtegeOWLParser$ProtegeOWLStatementHandler.printTriplesLoadLogMessage()
2018.05.07 20:36:55.614 GMT+08:00 INFO:     Loaded 20000 triples 286 -- ProtegeOWLParser$ProtegeOWLStatementHandler.printTriplesLoadLogMessage()
2018.05.07 20:36:55.775 GMT+08:00 INFO:     Loaded 30000 triples 329 -- ProtegeOWLParser$ProtegeOWLStatementHandler.printTriplesLoadLogMessage()
2018.05.07 20:36:55.875 GMT+08:00 INFO:     Completed triple loading after 912 ms -- ProtegeOWLParser.loadTriples()
2018.05.07 20:36:55.875 GMT+08:00 INFO: Importing http://www.owl-ontologies.com/MyCamera.owl from location: C:\ontologyOWL\AllOwlFile\DxfCamera\camera.owl -- AbstractOWLModel.loadImportedAssertions()
2018.05.07 20:36:55.882 GMT+08:00 INFO: Loading triples for: http://www.owl-ontologies.com/MyCamera.owl -- ProtegeOWLParser.loadTriples()
2018.05.07 20:36:55.961 GMT+08:00 INFO:     Completed triple loading after 79 ms -- ProtegeOWLParser.loadTriples()
2018.05.07 20:36:56.466 GMT+08:00 INFO: Importing http://sqwrl.stanford.edu/ontologies/built-ins/3.4/sqwrl.owl from location: http://sqwrl.stanford.edu/ontologies/built-ins/3.4/sqwrl.owl -- AbstractOWLModel.loadImportedAssertions()
2018.05.07 20:36:57.419 GMT+08:00 INFO: Loading triples for: http://sqwrl.stanford.edu/ontologies/built-ins/3.4/sqwrl.owl -- ProtegeOWLParser.loadTriples()
2018.05.07 20:36:57.423 GMT+08:00 INFO:     Completed triple loading after 3 ms -- ProtegeOWLParser.loadTriples()
2018.05.07 20:36:57.911 GMT+08:00 INFO: Importing http://swrl.stanford.edu/ontologies/3.3/swrla.owl from location: http://swrl.stanford.edu/ontologies/3.3/swrla.owl -- AbstractOWLModel.loadImportedAssertions()
2018.05.07 20:36:59.120 GMT+08:00 INFO: Loading triples for: http://swrl.stanford.edu/ontologies/3.3/swrla.owl -- ProtegeOWLParser.loadTriples()
2018.05.07 20:36:59.150 GMT+08:00 INFO:     Completed triple loading after 29 ms -- ProtegeOWLParser.loadTriples()
2018.05.07 20:36:59.153 GMT+08:00 INFO: Importing http://www.owl-ontologies.com/Ontology1291624979.owl from location: C:\ontologyOWL\AllOwlFile\zhaoOWL\ColorAndLight.owl -- AbstractOWLModel.loadImportedAssertions()
2018.05.07 20:36:59.158 GMT+08:00 INFO: Loading triples for: http://www.owl-ontologies.com/Ontology1291624979.owl -- ProtegeOWLParser.loadTriples()
2018.05.07 20:36:59.269 GMT+08:00 INFO:     Completed triple loading after 108 ms -- ProtegeOWLParser.loadTriples()
2018.05.07 20:36:59.270 GMT+08:00 INFO: Importing http://www.owl-ontologies.com/Ontology1496659417.owl from location: C:\ontologyOWL\AllOwlFile\InterAction\Interaction.owl -- AbstractOWLModel.loadImportedAssertions()
2018.05.07 20:36:59.272 GMT+08:00 INFO: Loading triples for: http://www.owl-ontologies.com/Ontology1496659417.owl -- ProtegeOWLParser.loadTriples()
2018.05.07 20:36:59.286 GMT+08:00 INFO:     Completed triple loading after 14 ms -- ProtegeOWLParser.loadTriples()
2018.05.07 20:36:59.287 GMT+08:00 INFO: Importing http://www.owl-ontologies.com/OntologyActionFogExpression.owl from location: C:\ontologyOWL\AllOwlFile\JialiOWL\ActionPart.owl -- AbstractOWLModel.loadImportedAssertions()
2018.05.07 20:36:59.290 GMT+08:00 INFO: Loading triples for: http://www.owl-ontologies.com/OntologyActionFogExpression.owl -- ProtegeOWLParser.loadTriples()
2018.05.07 20:36:59.332 GMT+08:00 INFO:     Completed triple loading after 41 ms -- ProtegeOWLParser.loadTriples()
2018.05.07 20:36:59.333 GMT+08:00 INFO: Importing http://www.owl-ontologies.com/OntologyEffect.owl from location: C:\ontologyOWL\AllOwlFile\LHH_Wind\Effect.owl -- AbstractOWLModel.loadImportedAssertions()
2018.05.07 20:36:59.336 GMT+08:00 INFO: Loading triples for: http://www.owl-ontologies.com/OntologyEffect.owl -- ProtegeOWLParser.loadTriples()
2018.05.07 20:36:59.419 GMT+08:00 INFO:     Completed triple loading after 82 ms -- ProtegeOWLParser.loadTriples()
2018.05.07 20:36:59.419 GMT+08:00 INFO: Importing http://www.owl-ontologies.com/Ontology1488534407.owl from location: C:\ontologyOWL\AllOwlFile\FireworkOWL\FireworkOWL.owl -- AbstractOWLModel.loadImportedAssertions()
2018.05.07 20:36:59.422 GMT+08:00 INFO: Loading triples for: http://www.owl-ontologies.com/Ontology1488534407.owl -- ProtegeOWLParser.loadTriples()
2018.05.07 20:36:59.429 GMT+08:00 INFO:     Completed triple loading after 7 ms -- ProtegeOWLParser.loadTriples()
2018.05.07 20:36:59.430 GMT+08:00 INFO: Importing http://www.owl-ontologies.com/Ontology1448934359.owl from location: C:\ontologyOWL\AllOwlFile\Event\Event.owl -- AbstractOWLModel.loadImportedAssertions()
2018.05.07 20:36:59.431 GMT+08:00 INFO: Loading triples for: http://www.owl-ontologies.com/Ontology1448934359.owl -- ProtegeOWLParser.loadTriples()
2018.05.07 20:36:59.447 GMT+08:00 INFO:     Completed triple loading after 15 ms -- ProtegeOWLParser.loadTriples()
2018.05.07 20:36:59.448 GMT+08:00 INFO: Importing http://www.ontologyportal.org/translations/SUMO.owl.txt from location: C:\ontologyOWL\AllOwlFile\sumoOWL2\imports\sumo120.owl -- AbstractOWLModel.loadImportedAssertions()
2018.05.07 20:36:59.450 GMT+08:00 INFO: Loading triples for: http://www.ontologyportal.org/translations/SUMO.owl.txt -- ProtegeOWLParser.loadTriples()
2018.05.07 20:36:59.505 GMT+08:00 INFO:     Completed triple loading after 55 ms -- ProtegeOWLParser.loadTriples()
2018.05.07 20:36:59.505 GMT+08:00 INFO: Importing http://www.owl-ontologies.com/Ontology1457533409.owl from location: C:\ontologyOWL\AllOwlFile\HLLight\TheNewLight.owl -- AbstractOWLModel.loadImportedAssertions()
2018.05.07 20:36:59.508 GMT+08:00 INFO: Loading triples for: http://www.owl-ontologies.com/Ontology1457533409.owl -- ProtegeOWLParser.loadTriples()
2018.05.07 20:36:59.523 GMT+08:00 INFO:     Completed triple loading after 14 ms -- ProtegeOWLParser.loadTriples()
2018.05.07 20:36:59.524 GMT+08:00 INFO: Importing http://www.owl-ontologies.com/Ontology1491747683.owl from location: C:\ontologyOWL\AllOwlFile\MakeBoats\MakeBoats.owl -- AbstractOWLModel.loadImportedAssertions()
2018.05.07 20:36:59.528 GMT+08:00 INFO: Loading triples for: http://www.owl-ontologies.com/Ontology1491747683.owl -- ProtegeOWLParser.loadTriples()
2018.05.07 20:36:59.532 GMT+08:00 INFO:     Completed triple loading after 3 ms -- ProtegeOWLParser.loadTriples()
2018.05.07 20:36:59.533 GMT+08:00 INFO: Importing http://www.owl-ontologies.com/Ontology1492410615.owl from location: C:\ontologyOWL\AllOwlFile\createFire\newfire.owl -- AbstractOWLModel.loadImportedAssertions()
2018.05.07 20:36:59.535 GMT+08:00 INFO: Loading triples for: http://www.owl-ontologies.com/Ontology1492410615.owl -- ProtegeOWLParser.loadTriples()
2018.05.07 20:36:59.537 GMT+08:00 INFO:     Completed triple loading after 2 ms -- ProtegeOWLParser.loadTriples()
2018.05.07 20:36:59.537 GMT+08:00 INFO: Importing http://www.owl-ontologies.com/Ontologyzhen.owl from location: C:\ontologyOWL\AllOwlFile\zhenOWL\zhen.owl -- AbstractOWLModel.loadImportedAssertions()
2018.05.07 20:36:59.548 GMT+08:00 INFO: Loading triples for: http://www.owl-ontologies.com/Ontologyzhen.owl -- ProtegeOWLParser.loadTriples()
2018.05.07 20:36:59.684 GMT+08:00 INFO:     Loaded 10000 triples 237 -- ProtegeOWLParser$ProtegeOWLStatementHandler.printTriplesLoadLogMessage()
2018.05.07 20:36:59.728 GMT+08:00 INFO:     Completed triple loading after 179 ms -- ProtegeOWLParser.loadTriples()
2018.05.07 20:36:59.728 GMT+08:00 INFO: Importing http://www.owl-ontologies.com/Ontology1357699817.owl from location: C:\ontologyOWL\AllOwlFile\Layout\sumo_phone3.owl -- AbstractOWLModel.loadImportedAssertions()
2018.05.07 20:36:59.730 GMT+08:00 INFO: Loading triples for: http://www.owl-ontologies.com/Ontology1357699817.owl -- ProtegeOWLParser.loadTriples()
2018.05.07 20:37:00.076 GMT+08:00 INFO:     Completed triple loading after 345 ms -- ProtegeOWLParser.loadTriples()
2018.05.07 20:37:00.080 GMT+08:00 INFO: Postprocess: Process entities with incorrect Java type (56 entities) ...  -- TriplePostProcessor.processFramesWithWrongJavaType()
2018.05.07 20:37:00.089 GMT+08:00 INFO: 8 ms
 -- TriplePostProcessor.processFramesWithWrongJavaType()
2018.05.07 20:37:00.090 GMT+08:00 INFO: Postprocess: Process metaclasses (3 metaclasses) ...  -- TriplePostProcessor.processMetaclasses()
2018.05.07 20:37:00.091 GMT+08:00 INFO: 0 ms
 -- TriplePostProcessor.processMetaclasses()
2018.05.07 20:37:00.091 GMT+08:00 INFO: Postprocess: Process subclasses of rdf:List (1 classes) ...  -- TriplePostProcessor.processSubclassesOfRdfList()
2018.05.07 20:37:00.092 GMT+08:00 INFO: 0 ms
 -- TriplePostProcessor.processSubclassesOfRdfList()
2018.05.07 20:37:00.092 GMT+08:00 INFO: Postprocess: Instances with multiple types (901 instances) ...  -- TriplePostProcessor.processInstancesWithMultipleTypes()
2018.05.07 20:37:00.114 GMT+08:00 INFO: 22 ms
 -- TriplePostProcessor.processInstancesWithMultipleTypes()
2018.05.07 20:37:00.118 GMT+08:00 INFO: Postprocess: Add inferred superclasses ...  -- TriplePostProcessor.processInferredSuperclasses()
2018.05.07 20:37:00.122 GMT+08:00 INFO: 3 ms
 -- TriplePostProcessor.processInferredSuperclasses()
2018.05.07 20:37:00.128 GMT+08:00 INFO: Postprocess: Process orphan classes (2376 classes) ...  -- TriplePostProcessor.processOrphanClses()
2018.05.07 20:37:00.143 GMT+08:00 INFO: 15 ms
 -- TriplePostProcessor.processOrphanClses()
2018.05.07 20:37:00.144 GMT+08:00 INFO: Postprocess: Generalized Concept Inclusion (0 axioms) ...  -- TriplePostProcessor.processGeneralizedConceptInclusions()
2018.05.07 20:37:00.144 GMT+08:00 INFO: 0 ms
 -- TriplePostProcessor.processGeneralizedConceptInclusions()
2018.05.07 20:37:00.145 GMT+08:00 INFO: Postprocess: Abstract classes...  -- TriplePostProcessor.processAbstractClasses()
2018.05.07 20:37:00.145 GMT+08:00 INFO: 0 ms
 -- TriplePostProcessor.processAbstractClasses()
2018.05.07 20:37:00.145 GMT+08:00 INFO: Postprocess: Domain and range of properties...  -- TriplePostProcessor.processDomainAndRange()
2018.05.07 20:37:00.205 GMT+08:00 INFO: 60 ms
 -- TriplePostProcessor.processDomainAndRange()
2018.05.07 20:37:00.206 GMT+08:00 INFO: Postprocess: Possibly typed entities (15 resources) ...  -- TriplePostProcessor.processPossiblyTypedResources()
2018.05.07 20:37:00.206 GMT+08:00 INFO: 0 ms
 -- TriplePostProcessor.processPossiblyTypedResources()
2018.05.07 20:37:00.207 GMT+08:00 INFO: Updating underlying frames model in 0 ms -- ProtegeOWLParser.doFinalPostProcessing()
2018.05.07 20:37:00.303 GMT+08:00 INFO: Rule engine 'SWRLJessBridge' registered with the SWRLTab bridge. -- BridgeFactory.registerBridge()
2018.05.07 20:37:12.982 GMT+08:00 INFO: Saving import http://www.owl-ontologies.com/MyCamera.owl to C:\ontologyOWL\AllOwlFile\DxfCamera\camera.owl -- Protege2Jena.saveAll()
2018.05.07 20:37:13.089 GMT+08:00 INFO: Saving import http://www.owl-ontologies.com/Ontology1291624979.owl to C:\ontologyOWL\AllOwlFile\zhaoOWL\ColorAndLight.owl -- Protege2Jena.saveAll()
2018.05.07 20:37:13.172 GMT+08:00 INFO: Saving import http://www.owl-ontologies.com/Ontology1496659417.owl to C:\ontologyOWL\AllOwlFile\InterAction\Interaction.owl -- Protege2Jena.saveAll()
2018.05.07 20:37:13.187 GMT+08:00 INFO: Saving import http://www.owl-ontologies.com/OntologyActionFogExpression.owl to C:\ontologyOWL\AllOwlFile\JialiOWL\ActionPart.owl -- Protege2Jena.saveAll()
2018.05.07 20:37:13.237 GMT+08:00 INFO: Saving import http://www.owl-ontologies.com/OntologyEffect.owl to C:\ontologyOWL\AllOwlFile\LHH_Wind\Effect.owl -- Protege2Jena.saveAll()
2018.05.07 20:37:13.286 GMT+08:00 INFO: Saving import http://www.owl-ontologies.com/Ontology1488534407.owl to C:\ontologyOWL\AllOwlFile\FireworkOWL\FireworkOWL.owl -- Protege2Jena.saveAll()
2018.05.07 20:37:13.296 GMT+08:00 INFO: Saving import http://www.owl-ontologies.com/Ontology1448934359.owl to C:\ontologyOWL\AllOwlFile\Event\Event.owl -- Protege2Jena.saveAll()
2018.05.07 20:37:13.328 GMT+08:00 INFO: Saving import http://www.owl-ontologies.com/Ontology1457533409.owl to C:\ontologyOWL\AllOwlFile\HLLight\TheNewLight.owl -- Protege2Jena.saveAll()
2018.05.07 20:37:13.347 GMT+08:00 INFO: Saving import http://www.owl-ontologies.com/Ontology1491747683.owl to C:\ontologyOWL\AllOwlFile\MakeBoats\MakeBoats.owl -- Protege2Jena.saveAll()
2018.05.07 20:37:13.356 GMT+08:00 INFO: Saving import http://www.owl-ontologies.com/Ontology1492410615.owl to C:\ontologyOWL\AllOwlFile\createFire\newfire.owl -- Protege2Jena.saveAll()
2018.05.07 20:37:13.359 GMT+08:00 INFO: Saving import http://www.owl-ontologies.com/Ontologyzhen.owl to C:\ontologyOWL\AllOwlFile\zhenOWL\zhen.owl -- Protege2Jena.saveAll()
2018.05.07 20:37:13.612 GMT+08:00 INFO: Saving import http://www.owl-ontologies.com/Ontology1357699817.owl to C:\ontologyOWL\AllOwlFile\Layout\sumo_phone3.owl -- Protege2Jena.saveAll()
2018.05.07 20:37:14.049 GMT+08:00 INFO: ... saving successful to: C:\ontologyOWL\AllOwlFile\sumoOWL2\sumo_phone3.owl -- Protege2Jena.saveAll()
2018.05.07 20:37:14.086 GMT+08:00 WARNING: [Local Folder Repository] The specified file must be a directory. (F:\eclipse_64\workspace\serverProject\plugins\edu.stanford.smi.protegex.owl) -- LocalFolderRepository.update()
2018.05.07 20:37:18.060 GMT+08:00 INFO: Loading triples for: file:/C:/ontologyOWL/AllOwlFile/sumoOWL2/sumo_phone3.owl -- ProtegeOWLParser.loadTriples()
2018.05.07 20:37:18.231 GMT+08:00 INFO:     Loaded 10000 triples 251 -- ProtegeOWLParser$ProtegeOWLStatementHandler.printTriplesLoadLogMessage()
2018.05.07 20:37:18.358 GMT+08:00 INFO:     Loaded 20000 triples 224 -- ProtegeOWLParser$ProtegeOWLStatementHandler.printTriplesLoadLogMessage()
2018.05.07 20:37:18.465 GMT+08:00 INFO:     Loaded 30000 triples 263 -- ProtegeOWLParser$ProtegeOWLStatementHandler.printTriplesLoadLogMessage()
2018.05.07 20:37:18.541 GMT+08:00 INFO:     Completed triple loading after 480 ms -- ProtegeOWLParser.loadTriples()
2018.05.07 20:37:18.541 GMT+08:00 INFO: Importing http://www.owl-ontologies.com/MyCamera.owl from location: C:\ontologyOWL\AllOwlFile\DxfCamera\camera.owl -- AbstractOWLModel.loadImportedAssertions()
2018.05.07 20:37:18.547 GMT+08:00 INFO: Loading triples for: http://www.owl-ontologies.com/MyCamera.owl -- ProtegeOWLParser.loadTriples()
2018.05.07 20:37:18.600 GMT+08:00 INFO:     Completed triple loading after 51 ms -- ProtegeOWLParser.loadTriples()
2018.05.07 20:37:18.600 GMT+08:00 INFO: Importing http://sqwrl.stanford.edu/ontologies/built-ins/3.4/sqwrl.owl from location: http://sqwrl.stanford.edu/ontologies/built-ins/3.4/sqwrl.owl -- AbstractOWLModel.loadImportedAssertions()
2018.05.07 20:37:19.554 GMT+08:00 INFO: Loading triples for: http://sqwrl.stanford.edu/ontologies/built-ins/3.4/sqwrl.owl -- ProtegeOWLParser.loadTriples()
2018.05.07 20:37:19.556 GMT+08:00 INFO:     Completed triple loading after 1 ms -- ProtegeOWLParser.loadTriples()
2018.05.07 20:37:19.557 GMT+08:00 INFO: Importing http://swrl.stanford.edu/ontologies/3.3/swrla.owl from location: http://swrl.stanford.edu/ontologies/3.3/swrla.owl -- AbstractOWLModel.loadImportedAssertions()
2018.05.07 20:37:20.513 GMT+08:00 INFO: Loading triples for: http://swrl.stanford.edu/ontologies/3.3/swrla.owl -- ProtegeOWLParser.loadTriples()
2018.05.07 20:37:20.524 GMT+08:00 INFO:     Completed triple loading after 10 ms -- ProtegeOWLParser.loadTriples()
2018.05.07 20:37:20.525 GMT+08:00 INFO: Importing http://www.owl-ontologies.com/Ontology1291624979.owl from location: C:\ontologyOWL\AllOwlFile\zhaoOWL\ColorAndLight.owl -- AbstractOWLModel.loadImportedAssertions()
2018.05.07 20:37:20.529 GMT+08:00 INFO: Loading triples for: http://www.owl-ontologies.com/Ontology1291624979.owl -- ProtegeOWLParser.loadTriples()
2018.05.07 20:37:20.605 GMT+08:00 INFO:     Completed triple loading after 76 ms -- ProtegeOWLParser.loadTriples()
2018.05.07 20:37:20.605 GMT+08:00 INFO: Importing http://www.owl-ontologies.com/Ontology1496659417.owl from location: C:\ontologyOWL\AllOwlFile\InterAction\Interaction.owl -- AbstractOWLModel.loadImportedAssertions()
2018.05.07 20:37:20.607 GMT+08:00 INFO: Loading triples for: http://www.owl-ontologies.com/Ontology1496659417.owl -- ProtegeOWLParser.loadTriples()
2018.05.07 20:37:20.617 GMT+08:00 INFO:     Completed triple loading after 10 ms -- ProtegeOWLParser.loadTriples()
2018.05.07 20:37:20.617 GMT+08:00 INFO: Importing http://www.owl-ontologies.com/OntologyActionFogExpression.owl from location: C:\ontologyOWL\AllOwlFile\JialiOWL\ActionPart.owl -- AbstractOWLModel.loadImportedAssertions()
2018.05.07 20:37:20.620 GMT+08:00 INFO: Loading triples for: http://www.owl-ontologies.com/OntologyActionFogExpression.owl -- ProtegeOWLParser.loadTriples()
2018.05.07 20:37:20.649 GMT+08:00 INFO:     Completed triple loading after 28 ms -- ProtegeOWLParser.loadTriples()
2018.05.07 20:37:20.649 GMT+08:00 INFO: Importing http://www.owl-ontologies.com/OntologyEffect.owl from location: C:\ontologyOWL\AllOwlFile\LHH_Wind\Effect.owl -- AbstractOWLModel.loadImportedAssertions()
2018.05.07 20:37:20.650 GMT+08:00 INFO: Loading triples for: http://www.owl-ontologies.com/OntologyEffect.owl -- ProtegeOWLParser.loadTriples()
2018.05.07 20:37:20.678 GMT+08:00 INFO:     Completed triple loading after 27 ms -- ProtegeOWLParser.loadTriples()
2018.05.07 20:37:20.678 GMT+08:00 INFO: Importing http://www.owl-ontologies.com/Ontology1488534407.owl from location: C:\ontologyOWL\AllOwlFile\FireworkOWL\FireworkOWL.owl -- AbstractOWLModel.loadImportedAssertions()
2018.05.07 20:37:20.683 GMT+08:00 INFO: Loading triples for: http://www.owl-ontologies.com/Ontology1488534407.owl -- ProtegeOWLParser.loadTriples()
2018.05.07 20:37:20.692 GMT+08:00 INFO:     Completed triple loading after 8 ms -- ProtegeOWLParser.loadTriples()
2018.05.07 20:37:20.692 GMT+08:00 INFO: Importing http://www.owl-ontologies.com/Ontology1448934359.owl from location: C:\ontologyOWL\AllOwlFile\Event\Event.owl -- AbstractOWLModel.loadImportedAssertions()
2018.05.07 20:37:20.694 GMT+08:00 INFO: Loading triples for: http://www.owl-ontologies.com/Ontology1448934359.owl -- ProtegeOWLParser.loadTriples()
2018.05.07 20:37:20.710 GMT+08:00 INFO:     Completed triple loading after 16 ms -- ProtegeOWLParser.loadTriples()
2018.05.07 20:37:20.711 GMT+08:00 INFO: Importing http://www.ontologyportal.org/translations/SUMO.owl.txt from location: C:\ontologyOWL\AllOwlFile\sumoOWL2\imports\sumo120.owl -- AbstractOWLModel.loadImportedAssertions()
2018.05.07 20:37:20.712 GMT+08:00 INFO: Loading triples for: http://www.ontologyportal.org/translations/SUMO.owl.txt -- ProtegeOWLParser.loadTriples()
2018.05.07 20:37:20.757 GMT+08:00 INFO:     Completed triple loading after 45 ms -- ProtegeOWLParser.loadTriples()
2018.05.07 20:37:20.758 GMT+08:00 INFO: Importing http://www.owl-ontologies.com/Ontology1457533409.owl from location: C:\ontologyOWL\AllOwlFile\HLLight\TheNewLight.owl -- AbstractOWLModel.loadImportedAssertions()
2018.05.07 20:37:20.759 GMT+08:00 INFO: Loading triples for: http://www.owl-ontologies.com/Ontology1457533409.owl -- ProtegeOWLParser.loadTriples()
2018.05.07 20:37:20.769 GMT+08:00 INFO:     Completed triple loading after 10 ms -- ProtegeOWLParser.loadTriples()
2018.05.07 20:37:20.770 GMT+08:00 INFO: Importing http://www.owl-ontologies.com/Ontology1491747683.owl from location: C:\ontologyOWL\AllOwlFile\MakeBoats\MakeBoats.owl -- AbstractOWLModel.loadImportedAssertions()
2018.05.07 20:37:20.771 GMT+08:00 INFO: Loading triples for: http://www.owl-ontologies.com/Ontology1491747683.owl -- ProtegeOWLParser.loadTriples()
2018.05.07 20:37:20.774 GMT+08:00 INFO:     Completed triple loading after 3 ms -- ProtegeOWLParser.loadTriples()
2018.05.07 20:37:20.774 GMT+08:00 INFO: Importing http://www.owl-ontologies.com/Ontology1492410615.owl from location: C:\ontologyOWL\AllOwlFile\createFire\newfire.owl -- AbstractOWLModel.loadImportedAssertions()
2018.05.07 20:37:20.784 GMT+08:00 INFO: Loading triples for: http://www.owl-ontologies.com/Ontology1492410615.owl -- ProtegeOWLParser.loadTriples()
2018.05.07 20:37:20.786 GMT+08:00 INFO:     Completed triple loading after 1 ms -- ProtegeOWLParser.loadTriples()
2018.05.07 20:37:20.786 GMT+08:00 INFO: Importing http://www.owl-ontologies.com/Ontologyzhen.owl from location: C:\ontologyOWL\AllOwlFile\zhenOWL\zhen.owl -- AbstractOWLModel.loadImportedAssertions()
2018.05.07 20:37:20.788 GMT+08:00 INFO: Loading triples for: http://www.owl-ontologies.com/Ontologyzhen.owl -- ProtegeOWLParser.loadTriples()
2018.05.07 20:37:21.231 GMT+08:00 INFO:     Loaded 10000 triples 174 -- ProtegeOWLParser$ProtegeOWLStatementHandler.printTriplesLoadLogMessage()
2018.05.07 20:37:21.267 GMT+08:00 INFO:     Completed triple loading after 479 ms -- ProtegeOWLParser.loadTriples()
2018.05.07 20:37:21.267 GMT+08:00 INFO: Importing http://www.owl-ontologies.com/Ontology1357699817.owl from location: C:\ontologyOWL\AllOwlFile\Layout\sumo_phone3.owl -- AbstractOWLModel.loadImportedAssertions()
2018.05.07 20:37:21.269 GMT+08:00 INFO: Loading triples for: http://www.owl-ontologies.com/Ontology1357699817.owl -- ProtegeOWLParser.loadTriples()
2018.05.07 20:37:21.329 GMT+08:00 INFO:     Completed triple loading after 60 ms -- ProtegeOWLParser.loadTriples()
2018.05.07 20:37:21.332 GMT+08:00 INFO: Postprocess: Process entities with incorrect Java type (62 entities) ...  -- TriplePostProcessor.processFramesWithWrongJavaType()
2018.05.07 20:37:21.336 GMT+08:00 INFO: 4 ms
 -- TriplePostProcessor.processFramesWithWrongJavaType()
2018.05.07 20:37:21.336 GMT+08:00 INFO: Postprocess: Process metaclasses (3 metaclasses) ...  -- TriplePostProcessor.processMetaclasses()
2018.05.07 20:37:21.336 GMT+08:00 INFO: 0 ms
 -- TriplePostProcessor.processMetaclasses()
2018.05.07 20:37:21.337 GMT+08:00 INFO: Postprocess: Process subclasses of rdf:List (1 classes) ...  -- TriplePostProcessor.processSubclassesOfRdfList()
2018.05.07 20:37:21.337 GMT+08:00 INFO: 0 ms
 -- TriplePostProcessor.processSubclassesOfRdfList()
2018.05.07 20:37:21.337 GMT+08:00 INFO: Postprocess: Instances with multiple types (881 instances) ...  -- TriplePostProcessor.processInstancesWithMultipleTypes()
2018.05.07 20:37:21.353 GMT+08:00 INFO: 16 ms
 -- TriplePostProcessor.processInstancesWithMultipleTypes()
2018.05.07 20:37:21.355 GMT+08:00 INFO: Postprocess: Add inferred superclasses ...  -- TriplePostProcessor.processInferredSuperclasses()
2018.05.07 20:37:21.356 GMT+08:00 INFO: 1 ms
 -- TriplePostProcessor.processInferredSuperclasses()
2018.05.07 20:37:21.357 GMT+08:00 INFO: Postprocess: Process orphan classes (2376 classes) ...  -- TriplePostProcessor.processOrphanClses()
2018.05.07 20:37:21.365 GMT+08:00 INFO: 8 ms
 -- TriplePostProcessor.processOrphanClses()
2018.05.07 20:37:21.365 GMT+08:00 INFO: Postprocess: Generalized Concept Inclusion (0 axioms) ...  -- TriplePostProcessor.processGeneralizedConceptInclusions()
2018.05.07 20:37:21.366 GMT+08:00 INFO: 0 ms
 -- TriplePostProcessor.processGeneralizedConceptInclusions()
2018.05.07 20:37:21.366 GMT+08:00 INFO: Postprocess: Abstract classes...  -- TriplePostProcessor.processAbstractClasses()
2018.05.07 20:37:21.366 GMT+08:00 INFO: 0 ms
 -- TriplePostProcessor.processAbstractClasses()
2018.05.07 20:37:21.366 GMT+08:00 INFO: Postprocess: Domain and range of properties...  -- TriplePostProcessor.processDomainAndRange()
2018.05.07 20:37:21.390 GMT+08:00 INFO: 24 ms
 -- TriplePostProcessor.processDomainAndRange()
2018.05.07 20:37:21.390 GMT+08:00 INFO: Postprocess: Possibly typed entities (15 resources) ...  -- TriplePostProcessor.processPossiblyTypedResources()
2018.05.07 20:37:21.390 GMT+08:00 INFO: 0 ms
 -- TriplePostProcessor.processPossiblyTypedResources()
2018.05.07 20:37:21.391 GMT+08:00 INFO: Updating underlying frames model in 1 ms -- ProtegeOWLParser.doFinalPostProcessing()
2018.05.07 20:37:22.306 GMT+08:00 INFO: Saving import http://www.owl-ontologies.com/MyCamera.owl to C:\ontologyOWL\AllOwlFile\DxfCamera\camera.owl -- Protege2Jena.saveAll()
2018.05.07 20:37:22.392 GMT+08:00 INFO: Saving import http://www.owl-ontologies.com/Ontology1291624979.owl to C:\ontologyOWL\AllOwlFile\zhaoOWL\ColorAndLight.owl -- Protege2Jena.saveAll()
2018.05.07 20:37:22.478 GMT+08:00 INFO: Saving import http://www.owl-ontologies.com/Ontology1496659417.owl to C:\ontologyOWL\AllOwlFile\InterAction\Interaction.owl -- Protege2Jena.saveAll()
2018.05.07 20:37:22.491 GMT+08:00 INFO: Saving import http://www.owl-ontologies.com/OntologyActionFogExpression.owl to C:\ontologyOWL\AllOwlFile\JialiOWL\ActionPart.owl -- Protege2Jena.saveAll()
2018.05.07 20:37:22.533 GMT+08:00 INFO: Saving import http://www.owl-ontologies.com/OntologyEffect.owl to C:\ontologyOWL\AllOwlFile\LHH_Wind\Effect.owl -- Protege2Jena.saveAll()
2018.05.07 20:37:22.576 GMT+08:00 INFO: Saving import http://www.owl-ontologies.com/Ontology1488534407.owl to C:\ontologyOWL\AllOwlFile\FireworkOWL\FireworkOWL.owl -- Protege2Jena.saveAll()
2018.05.07 20:37:22.585 GMT+08:00 INFO: Saving import http://www.owl-ontologies.com/Ontology1448934359.owl to C:\ontologyOWL\AllOwlFile\Event\Event.owl -- Protege2Jena.saveAll()
2018.05.07 20:37:22.602 GMT+08:00 INFO: Saving import http://www.owl-ontologies.com/Ontology1457533409.owl to C:\ontologyOWL\AllOwlFile\HLLight\TheNewLight.owl -- Protege2Jena.saveAll()
2018.05.07 20:37:22.633 GMT+08:00 INFO: Saving import http://www.owl-ontologies.com/Ontology1491747683.owl to C:\ontologyOWL\AllOwlFile\MakeBoats\MakeBoats.owl -- Protege2Jena.saveAll()
2018.05.07 20:37:22.637 GMT+08:00 INFO: Saving import http://www.owl-ontologies.com/Ontology1492410615.owl to C:\ontologyOWL\AllOwlFile\createFire\newfire.owl -- Protege2Jena.saveAll()
2018.05.07 20:37:22.640 GMT+08:00 INFO: Saving import http://www.owl-ontologies.com/Ontologyzhen.owl to C:\ontologyOWL\AllOwlFile\zhenOWL\zhen.owl -- Protege2Jena.saveAll()
2018.05.07 20:37:22.834 GMT+08:00 INFO: Saving import http://www.owl-ontologies.com/Ontology1357699817.owl to C:\ontologyOWL\AllOwlFile\Layout\sumo_phone3.owl -- Protege2Jena.saveAll()
2018.05.07 20:37:23.136 GMT+08:00 INFO: ... saving successful to: C:\ontologyOWL\AllOwlFile\sumoOWL2\sumo_phone3.owl -- Protege2Jena.saveAll()
2018.05.07 20:37:25.536 GMT+08:00 WARNING: Invalid frame type: DefaultOWLIndividual(http://www.owl-ontologies.com/Ontology1290308675.owl#M_Flower_Clump03.ma of [DefaultOWLNamedClass(http://www.owl-ontologies.com/Ontology1290308675.owl#NoNameFlower)]) -- AbstractRedirectingDispatch.getDirectOwnSlotValues()
