2018.03.11 19:05:15.496 GMT+08:00 INFO: *** SYSTEM START ***
2018.03.11 19:05:15.948 GMT+08:00 WARNING: [Local Folder Repository] The specified file must be a directory. (F:\eclipse_64\workspace\serverProject\plugins\edu.stanford.smi.protegex.owl) -- LocalFolderRepository.update()
2018.03.11 19:05:17.173 GMT+08:00 INFO: Loading triples for: file:/C:/ontologyOWL/AllOwlFile/sumoOWL2/sumo_phone3.owl -- ProtegeOWLParser.loadTriples()
2018.03.11 19:05:17.730 GMT+08:00 INFO:     Loaded 10000 triples 234 -- ProtegeOWLParser$ProtegeOWLStatementHandler.printTriplesLoadLogMessage()
2018.03.11 19:05:17.999 GMT+08:00 INFO:     Loaded 20000 triples 196 -- ProtegeOWLParser$ProtegeOWLStatementHandler.printTriplesLoadLogMessage()
2018.03.11 19:05:18.188 GMT+08:00 INFO:     Loaded 30000 triples 262 -- ProtegeOWLParser$ProtegeOWLStatementHandler.printTriplesLoadLogMessage()
2018.03.11 19:05:18.279 GMT+08:00 INFO:     Completed triple loading after 1104 ms -- ProtegeOWLParser.loadTriples()
2018.03.11 19:05:21.776 GMT+08:00 WARNING: The system cannot find the ontology http://www.owl-ontologies.com/MyCamera.owl in any of the repositories. This import will be ignored. -- UnresolvedImportUIHandler.handleUnresolvableImport()
2018.03.11 19:05:23.401 GMT+08:00 WARNING: The system cannot find the ontology http://www.owl-ontologies.com/Ontology1291624979.owl in any of the repositories. This import will be ignored. -- UnresolvedImportUIHandler.handleUnresolvableImport()
2018.03.11 19:05:23.401 GMT+08:00 INFO: Importing http://sqwrl.stanford.edu/ontologies/built-ins/3.4/sqwrl.owl from location: http://sqwrl.stanford.edu/ontologies/built-ins/3.4/sqwrl.owl -- AbstractOWLModel.loadImportedAssertions()
2018.03.11 19:05:24.508 GMT+08:00 INFO: Loading triples for: http://sqwrl.stanford.edu/ontologies/built-ins/3.4/sqwrl.owl -- ProtegeOWLParser.loadTriples()
2018.03.11 19:05:24.513 GMT+08:00 INFO:     Completed triple loading after 5 ms -- ProtegeOWLParser.loadTriples()
2018.03.11 19:05:27.877 GMT+08:00 WARNING: The system cannot find the ontology http://www.owl-ontologies.com/Ontology1496659417.owl in any of the repositories. This import will be ignored. -- UnresolvedImportUIHandler.handleUnresolvableImport()
2018.03.11 19:05:29.467 GMT+08:00 WARNING: The system cannot find the ontology http://www.owl-ontologies.com/OntologyEffect.owl in any of the repositories. This import will be ignored. -- UnresolvedImportUIHandler.handleUnresolvableImport()
2018.03.11 19:05:29.468 GMT+08:00 INFO: Importing http://swrl.stanford.edu/ontologies/3.3/swrla.owl from location: http://swrl.stanford.edu/ontologies/3.3/swrla.owl -- AbstractOWLModel.loadImportedAssertions()
2018.03.11 19:05:30.534 GMT+08:00 INFO: Loading triples for: http://swrl.stanford.edu/ontologies/3.3/swrla.owl -- ProtegeOWLParser.loadTriples()
2018.03.11 19:05:30.545 GMT+08:00 INFO:     Completed triple loading after 11 ms -- ProtegeOWLParser.loadTriples()
2018.03.11 19:05:32.185 GMT+08:00 WARNING: The system cannot find the ontology http://www.owl-ontologies.com/Ontology1488534407.owl in any of the repositories. This import will be ignored. -- UnresolvedImportUIHandler.handleUnresolvableImport()
2018.03.11 19:05:47.895 GMT+08:00 WARNING: Exception caught trying to parse http://www.owl-ontologies.com/Ontology1448934359.owl for an ontology declaration -- java.io.IOException: java.net.SocketTimeoutException: connect timed out
	at edu.stanford.smi.protegex.owl.repository.util.URLInputSource.getInputStream(Unknown Source)
	at edu.stanford.smi.protegex.owl.repository.util.OntologyNameExtractor.searchForOntologyDeclaration(Unknown Source)
	at edu.stanford.smi.protegex.owl.repository.util.OntologyNameExtractor.init(Unknown Source)
	at edu.stanford.smi.protegex.owl.repository.util.OntologyNameExtractor.<init>(Unknown Source)
	at edu.stanford.smi.protegex.owl.repository.impl.ForcedURLRetrievalRepository.refresh(Unknown Source)
	at edu.stanford.smi.protegex.owl.repository.impl.ForcedURLRetrievalRepository.<init>(Unknown Source)
	at edu.stanford.smi.protegex.owl.repository.RepositoryManager.getRepository(Unknown Source)
	at edu.stanford.smi.protegex.owl.model.impl.AbstractOWLModel.getRepository(Unknown Source)
	at edu.stanford.smi.protegex.owl.model.impl.AbstractOWLModel.loadImportedAssertions(Unknown Source)
	at edu.stanford.smi.protegex.owl.jena.parser.ProtegeOWLParser.processImports(Unknown Source)
	at edu.stanford.smi.protegex.owl.jena.parser.ProtegeOWLParser.loadTriples(Unknown Source)
	at edu.stanford.smi.protegex.owl.jena.parser.ProtegeOWLParser.run(Unknown Source)
	at edu.stanford.smi.protegex.owl.jena.JenaKnowledgeBaseFactory.loadKnowledgeBase(Unknown Source)
	at edu.stanford.smi.protege.model.Project.loadDomainKB(Unknown Source)
	at edu.stanford.smi.protege.model.Project.createDomainKnowledgeBase(Unknown Source)
	at edu.stanford.smi.protegex.owl.jena.creator.OwlProjectFromUriCreator.create(Unknown Source)
	at edu.stanford.smi.protegex.owl.ProtegeOWL.createJenaOWLModelFromURI(Unknown Source)
	at plot.CameraToXMl_test.testCameraStart(CameraToXMl_test.java:25)
	at plot.CameraToXMl_test.main(CameraToXMl_test.java:50)
Caused by: Could not get input stream for http://www.owl-ontologies.com/Ontology1448934359.owl
	at edu.stanford.smi.protegex.owl.jena.parser.ProtegeOWLParser.getInputStream(Unknown Source)
	at edu.stanford.smi.protegex.owl.repository.util.URLInputSource.getInputStream(Unknown Source)
	... 18 more
Caused by: java.net.SocketTimeoutException: connect timed out
	at java.net.DualStackPlainSocketImpl.waitForConnect(Native Method)
	at java.net.DualStackPlainSocketImpl.socketConnect(DualStackPlainSocketImpl.java:85)
	at java.net.AbstractPlainSocketImpl.doConnect(AbstractPlainSocketImpl.java:345)
	at java.net.AbstractPlainSocketImpl.connectToAddress(AbstractPlainSocketImpl.java:206)
	at java.net.AbstractPlainSocketImpl.connect(AbstractPlainSocketImpl.java:188)
	at java.net.PlainSocketImpl.connect(PlainSocketImpl.java:172)
	at java.net.SocksSocketImpl.connect(SocksSocketImpl.java:392)
	at java.net.Socket.connect(Socket.java:589)
	at sun.net.NetworkClient.doConnect(NetworkClient.java:175)
	at sun.net.www.http.HttpClient.openServer(HttpClient.java:432)
	at sun.net.www.http.HttpClient.openServer(HttpClient.java:527)
	at sun.net.www.http.HttpClient.<init>(HttpClient.java:211)
	at sun.net.www.http.HttpClient.New(HttpClient.java:308)
	at sun.net.www.http.HttpClient.New(HttpClient.java:326)
	at sun.net.www.protocol.http.HttpURLConnection.getNewHttpClient(HttpURLConnection.java:1167)
	at sun.net.www.protocol.http.HttpURLConnection.plainConnect0(HttpURLConnection.java:1103)
	at sun.net.www.protocol.http.HttpURLConnection.plainConnect(HttpURLConnection.java:997)
	at sun.net.www.protocol.http.HttpURLConnection.connect(HttpURLConnection.java:931)
	at sun.net.www.protocol.http.HttpURLConnection.getInputStream0(HttpURLConnection.java:1511)
	at sun.net.www.protocol.http.HttpURLConnection.getInputStream(HttpURLConnection.java:1439)
	at edu.stanford.smi.protegex.owl.jena.parser.ProtegeOWLParser.getInputStream(Unknown Source)
	... 19 more

2018.03.11 19:05:47.900 GMT+08:00 WARNING: The system cannot find the ontology http://www.owl-ontologies.com/Ontology1448934359.owl in any of the repositories. This import will be ignored. -- UnresolvedImportUIHandler.handleUnresolvableImport()
2018.03.11 19:05:47.900 GMT+08:00 INFO: Importing http://www.ontologyportal.org/translations/SUMO.owl.txt from location: C:\ontologyOWL\AllOwlFile\sumoOWL2\imports\sumo120.owl -- AbstractOWLModel.loadImportedAssertions()
2018.03.11 19:05:47.903 GMT+08:00 INFO: Loading triples for: http://www.ontologyportal.org/translations/SUMO.owl.txt -- ProtegeOWLParser.loadTriples()
2018.03.11 19:05:47.968 GMT+08:00 INFO:     Completed triple loading after 62 ms -- ProtegeOWLParser.loadTriples()
2018.03.11 19:05:58.521 GMT+08:00 WARNING: The system cannot find the ontology http://www.owl-ontologies.com/OntologyActionFogExpression.owl in any of the repositories. This import will be ignored. -- UnresolvedImportUIHandler.handleUnresolvableImport()
2018.03.11 19:06:23.297 GMT+08:00 WARNING: Exception caught trying to parse http://www.owl-ontologies.com/Ontology1457533409.owl for an ontology declaration -- java.io.IOException: java.net.SocketTimeoutException: connect timed out
	at edu.stanford.smi.protegex.owl.repository.util.URLInputSource.getInputStream(Unknown Source)
	at edu.stanford.smi.protegex.owl.repository.util.OntologyNameExtractor.searchForOntologyDeclaration(Unknown Source)
	at edu.stanford.smi.protegex.owl.repository.util.OntologyNameExtractor.init(Unknown Source)
	at edu.stanford.smi.protegex.owl.repository.util.OntologyNameExtractor.<init>(Unknown Source)
	at edu.stanford.smi.protegex.owl.repository.impl.ForcedURLRetrievalRepository.refresh(Unknown Source)
	at edu.stanford.smi.protegex.owl.repository.impl.ForcedURLRetrievalRepository.<init>(Unknown Source)
	at edu.stanford.smi.protegex.owl.repository.RepositoryManager.getRepository(Unknown Source)
	at edu.stanford.smi.protegex.owl.model.impl.AbstractOWLModel.getRepository(Unknown Source)
	at edu.stanford.smi.protegex.owl.model.impl.AbstractOWLModel.loadImportedAssertions(Unknown Source)
	at edu.stanford.smi.protegex.owl.jena.parser.ProtegeOWLParser.processImports(Unknown Source)
	at edu.stanford.smi.protegex.owl.jena.parser.ProtegeOWLParser.loadTriples(Unknown Source)
	at edu.stanford.smi.protegex.owl.jena.parser.ProtegeOWLParser.run(Unknown Source)
	at edu.stanford.smi.protegex.owl.jena.JenaKnowledgeBaseFactory.loadKnowledgeBase(Unknown Source)
	at edu.stanford.smi.protege.model.Project.loadDomainKB(Unknown Source)
	at edu.stanford.smi.protege.model.Project.createDomainKnowledgeBase(Unknown Source)
	at edu.stanford.smi.protegex.owl.jena.creator.OwlProjectFromUriCreator.create(Unknown Source)
	at edu.stanford.smi.protegex.owl.ProtegeOWL.createJenaOWLModelFromURI(Unknown Source)
	at plot.CameraToXMl_test.testCameraStart(CameraToXMl_test.java:25)
	at plot.CameraToXMl_test.main(CameraToXMl_test.java:50)
Caused by: Could not get input stream for http://www.owl-ontologies.com/Ontology1457533409.owl
	at edu.stanford.smi.protegex.owl.jena.parser.ProtegeOWLParser.getInputStream(Unknown Source)
	at edu.stanford.smi.protegex.owl.repository.util.URLInputSource.getInputStream(Unknown Source)
	... 18 more
Caused by: java.net.SocketTimeoutException: connect timed out
	at java.net.DualStackPlainSocketImpl.waitForConnect(Native Method)
	at java.net.DualStackPlainSocketImpl.socketConnect(DualStackPlainSocketImpl.java:85)
	at java.net.AbstractPlainSocketImpl.doConnect(AbstractPlainSocketImpl.java:345)
	at java.net.AbstractPlainSocketImpl.connectToAddress(AbstractPlainSocketImpl.java:206)
	at java.net.AbstractPlainSocketImpl.connect(AbstractPlainSocketImpl.java:188)
	at java.net.PlainSocketImpl.connect(PlainSocketImpl.java:172)
	at java.net.SocksSocketImpl.connect(SocksSocketImpl.java:392)
	at java.net.Socket.connect(Socket.java:589)
	at sun.net.NetworkClient.doConnect(NetworkClient.java:175)
	at sun.net.www.http.HttpClient.openServer(HttpClient.java:432)
	at sun.net.www.http.HttpClient.openServer(HttpClient.java:527)
	at sun.net.www.http.HttpClient.<init>(HttpClient.java:211)
	at sun.net.www.http.HttpClient.New(HttpClient.java:308)
	at sun.net.www.http.HttpClient.New(HttpClient.java:326)
	at sun.net.www.protocol.http.HttpURLConnection.getNewHttpClient(HttpURLConnection.java:1167)
	at sun.net.www.protocol.http.HttpURLConnection.plainConnect0(HttpURLConnection.java:1103)
	at sun.net.www.protocol.http.HttpURLConnection.plainConnect(HttpURLConnection.java:997)
	at sun.net.www.protocol.http.HttpURLConnection.connect(HttpURLConnection.java:931)
	at sun.net.www.protocol.http.HttpURLConnection.getInputStream0(HttpURLConnection.java:1511)
	at sun.net.www.protocol.http.HttpURLConnection.getInputStream(HttpURLConnection.java:1439)
	at edu.stanford.smi.protegex.owl.jena.parser.ProtegeOWLParser.getInputStream(Unknown Source)
	... 19 more

2018.03.11 19:06:23.303 GMT+08:00 WARNING: The system cannot find the ontology http://www.owl-ontologies.com/Ontology1457533409.owl in any of the repositories. This import will be ignored. -- UnresolvedImportUIHandler.handleUnresolvableImport()
2018.03.11 19:06:33.899 GMT+08:00 WARNING: The system cannot find the ontology http://www.owl-ontologies.com/Ontology1491747683.owl in any of the repositories. This import will be ignored. -- UnresolvedImportUIHandler.handleUnresolvableImport()
2018.03.11 19:06:48.907 GMT+08:00 WARNING: Exception caught trying to parse http://www.owl-ontologies.com/Ontology1492410615.owl for an ontology declaration -- java.io.IOException: java.net.SocketTimeoutException: connect timed out
	at edu.stanford.smi.protegex.owl.repository.util.URLInputSource.getInputStream(Unknown Source)
	at edu.stanford.smi.protegex.owl.repository.util.OntologyNameExtractor.searchForOntologyDeclaration(Unknown Source)
	at edu.stanford.smi.protegex.owl.repository.util.OntologyNameExtractor.init(Unknown Source)
	at edu.stanford.smi.protegex.owl.repository.util.OntologyNameExtractor.<init>(Unknown Source)
	at edu.stanford.smi.protegex.owl.repository.impl.HTTPRepository.update(Unknown Source)
	at edu.stanford.smi.protegex.owl.repository.impl.HTTPRepository.<init>(Unknown Source)
	at edu.stanford.smi.protegex.owl.repository.RepositoryManager.getRepository(Unknown Source)
	at edu.stanford.smi.protegex.owl.model.impl.AbstractOWLModel.getRepository(Unknown Source)
	at edu.stanford.smi.protegex.owl.model.impl.AbstractOWLModel.loadImportedAssertions(Unknown Source)
	at edu.stanford.smi.protegex.owl.jena.parser.ProtegeOWLParser.processImports(Unknown Source)
	at edu.stanford.smi.protegex.owl.jena.parser.ProtegeOWLParser.loadTriples(Unknown Source)
	at edu.stanford.smi.protegex.owl.jena.parser.ProtegeOWLParser.run(Unknown Source)
	at edu.stanford.smi.protegex.owl.jena.JenaKnowledgeBaseFactory.loadKnowledgeBase(Unknown Source)
	at edu.stanford.smi.protege.model.Project.loadDomainKB(Unknown Source)
	at edu.stanford.smi.protege.model.Project.createDomainKnowledgeBase(Unknown Source)
	at edu.stanford.smi.protegex.owl.jena.creator.OwlProjectFromUriCreator.create(Unknown Source)
	at edu.stanford.smi.protegex.owl.ProtegeOWL.createJenaOWLModelFromURI(Unknown Source)
	at plot.CameraToXMl_test.testCameraStart(CameraToXMl_test.java:25)
	at plot.CameraToXMl_test.main(CameraToXMl_test.java:50)
Caused by: Could not get input stream for http://www.owl-ontologies.com/Ontology1492410615.owl
	at edu.stanford.smi.protegex.owl.jena.parser.ProtegeOWLParser.getInputStream(Unknown Source)
	at edu.stanford.smi.protegex.owl.repository.util.URLInputSource.getInputStream(Unknown Source)
	... 18 more
Caused by: java.net.SocketTimeoutException: connect timed out
	at java.net.DualStackPlainSocketImpl.waitForConnect(Native Method)
	at java.net.DualStackPlainSocketImpl.socketConnect(DualStackPlainSocketImpl.java:85)
	at java.net.AbstractPlainSocketImpl.doConnect(AbstractPlainSocketImpl.java:345)
	at java.net.AbstractPlainSocketImpl.connectToAddress(AbstractPlainSocketImpl.java:206)
	at java.net.AbstractPlainSocketImpl.connect(AbstractPlainSocketImpl.java:188)
	at java.net.PlainSocketImpl.connect(PlainSocketImpl.java:172)
	at java.net.SocksSocketImpl.connect(SocksSocketImpl.java:392)
	at java.net.Socket.connect(Socket.java:589)
	at sun.net.NetworkClient.doConnect(NetworkClient.java:175)
	at sun.net.www.http.HttpClient.openServer(HttpClient.java:432)
	at sun.net.www.http.HttpClient.openServer(HttpClient.java:527)
	at sun.net.www.http.HttpClient.<init>(HttpClient.java:211)
	at sun.net.www.http.HttpClient.New(HttpClient.java:308)
	at sun.net.www.http.HttpClient.New(HttpClient.java:326)
	at sun.net.www.protocol.http.HttpURLConnection.getNewHttpClient(HttpURLConnection.java:1167)
	at sun.net.www.protocol.http.HttpURLConnection.plainConnect0(HttpURLConnection.java:1103)
	at sun.net.www.protocol.http.HttpURLConnection.plainConnect(HttpURLConnection.java:997)
	at sun.net.www.protocol.http.HttpURLConnection.connect(HttpURLConnection.java:931)
	at sun.net.www.protocol.http.HttpURLConnection.getInputStream0(HttpURLConnection.java:1511)
	at sun.net.www.protocol.http.HttpURLConnection.getInputStream(HttpURLConnection.java:1439)
	at edu.stanford.smi.protegex.owl.jena.parser.ProtegeOWLParser.getInputStream(Unknown Source)
	... 19 more

2018.03.11 19:06:49.693 GMT+08:00 WARNING: The system cannot find the ontology http://www.owl-ontologies.com/Ontology1492410615.owl in any of the repositories. This import will be ignored. -- UnresolvedImportUIHandler.handleUnresolvableImport()
2018.03.11 19:07:09.309 GMT+08:00 WARNING: The system cannot find the ontology http://www.owl-ontologies.com/Ontologyzhen.owl in any of the repositories. This import will be ignored. -- UnresolvedImportUIHandler.handleUnresolvableImport()
2018.03.11 19:07:24.310 GMT+08:00 WARNING: Exception caught trying to parse http://www.owl-ontologies.com/Ontology1357699817.owl for an ontology declaration -- java.io.IOException: java.net.SocketTimeoutException: connect timed out
	at edu.stanford.smi.protegex.owl.repository.util.URLInputSource.getInputStream(Unknown Source)
	at edu.stanford.smi.protegex.owl.repository.util.OntologyNameExtractor.searchForOntologyDeclaration(Unknown Source)
	at edu.stanford.smi.protegex.owl.repository.util.OntologyNameExtractor.init(Unknown Source)
	at edu.stanford.smi.protegex.owl.repository.util.OntologyNameExtractor.<init>(Unknown Source)
	at edu.stanford.smi.protegex.owl.repository.impl.HTTPRepository.update(Unknown Source)
	at edu.stanford.smi.protegex.owl.repository.impl.HTTPRepository.<init>(Unknown Source)
	at edu.stanford.smi.protegex.owl.repository.RepositoryManager.getRepository(Unknown Source)
	at edu.stanford.smi.protegex.owl.model.impl.AbstractOWLModel.getRepository(Unknown Source)
	at edu.stanford.smi.protegex.owl.model.impl.AbstractOWLModel.loadImportedAssertions(Unknown Source)
	at edu.stanford.smi.protegex.owl.jena.parser.ProtegeOWLParser.processImports(Unknown Source)
	at edu.stanford.smi.protegex.owl.jena.parser.ProtegeOWLParser.loadTriples(Unknown Source)
	at edu.stanford.smi.protegex.owl.jena.parser.ProtegeOWLParser.run(Unknown Source)
	at edu.stanford.smi.protegex.owl.jena.JenaKnowledgeBaseFactory.loadKnowledgeBase(Unknown Source)
	at edu.stanford.smi.protege.model.Project.loadDomainKB(Unknown Source)
	at edu.stanford.smi.protege.model.Project.createDomainKnowledgeBase(Unknown Source)
	at edu.stanford.smi.protegex.owl.jena.creator.OwlProjectFromUriCreator.create(Unknown Source)
	at edu.stanford.smi.protegex.owl.ProtegeOWL.createJenaOWLModelFromURI(Unknown Source)
	at plot.CameraToXMl_test.testCameraStart(CameraToXMl_test.java:25)
	at plot.CameraToXMl_test.main(CameraToXMl_test.java:50)
Caused by: Could not get input stream for http://www.owl-ontologies.com/Ontology1357699817.owl
	at edu.stanford.smi.protegex.owl.jena.parser.ProtegeOWLParser.getInputStream(Unknown Source)
	at edu.stanford.smi.protegex.owl.repository.util.URLInputSource.getInputStream(Unknown Source)
	... 18 more
Caused by: java.net.SocketTimeoutException: connect timed out
	at java.net.DualStackPlainSocketImpl.waitForConnect(Native Method)
	at java.net.DualStackPlainSocketImpl.socketConnect(DualStackPlainSocketImpl.java:85)
	at java.net.AbstractPlainSocketImpl.doConnect(AbstractPlainSocketImpl.java:345)
	at java.net.AbstractPlainSocketImpl.connectToAddress(AbstractPlainSocketImpl.java:206)
	at java.net.AbstractPlainSocketImpl.connect(AbstractPlainSocketImpl.java:188)
	at java.net.PlainSocketImpl.connect(PlainSocketImpl.java:172)
	at java.net.SocksSocketImpl.connect(SocksSocketImpl.java:392)
	at java.net.Socket.connect(Socket.java:589)
	at sun.net.NetworkClient.doConnect(NetworkClient.java:175)
	at sun.net.www.http.HttpClient.openServer(HttpClient.java:432)
	at sun.net.www.http.HttpClient.openServer(HttpClient.java:527)
	at sun.net.www.http.HttpClient.<init>(HttpClient.java:211)
	at sun.net.www.http.HttpClient.New(HttpClient.java:308)
	at sun.net.www.http.HttpClient.New(HttpClient.java:326)
	at sun.net.www.protocol.http.HttpURLConnection.getNewHttpClient(HttpURLConnection.java:1167)
	at sun.net.www.protocol.http.HttpURLConnection.plainConnect0(HttpURLConnection.java:1103)
	at sun.net.www.protocol.http.HttpURLConnection.plainConnect(HttpURLConnection.java:997)
	at sun.net.www.protocol.http.HttpURLConnection.connect(HttpURLConnection.java:931)
	at sun.net.www.protocol.http.HttpURLConnection.getInputStream0(HttpURLConnection.java:1511)
	at sun.net.www.protocol.http.HttpURLConnection.getInputStream(HttpURLConnection.java:1439)
	at edu.stanford.smi.protegex.owl.jena.parser.ProtegeOWLParser.getInputStream(Unknown Source)
	... 19 more

2018.03.11 19:07:25.092 GMT+08:00 WARNING: The system cannot find the ontology http://www.owl-ontologies.com/Ontology1357699817.owl in any of the repositories. This import will be ignored. -- UnresolvedImportUIHandler.handleUnresolvableImport()
2018.03.11 19:07:25.096 GMT+08:00 INFO: Postprocess: Process entities with incorrect Java type (58 entities) ...  -- TriplePostProcessor.processFramesWithWrongJavaType()
2018.03.11 19:07:25.099 GMT+08:00 INFO: 2 ms
 -- TriplePostProcessor.processFramesWithWrongJavaType()
2018.03.11 19:07:25.100 GMT+08:00 INFO: Postprocess: Process metaclasses (3 metaclasses) ...  -- TriplePostProcessor.processMetaclasses()
2018.03.11 19:07:25.101 GMT+08:00 INFO: 1 ms
 -- TriplePostProcessor.processMetaclasses()
2018.03.11 19:07:25.101 GMT+08:00 INFO: Postprocess: Process subclasses of rdf:List (1 classes) ...  -- TriplePostProcessor.processSubclassesOfRdfList()
2018.03.11 19:07:25.101 GMT+08:00 INFO: 0 ms
 -- TriplePostProcessor.processSubclassesOfRdfList()
2018.03.11 19:07:25.102 GMT+08:00 INFO: Postprocess: Instances with multiple types (528 instances) ...  -- TriplePostProcessor.processInstancesWithMultipleTypes()
2018.03.11 19:07:25.109 GMT+08:00 INFO: 7 ms
 -- TriplePostProcessor.processInstancesWithMultipleTypes()
2018.03.11 19:07:25.123 GMT+08:00 INFO: Postprocess: Add inferred superclasses ...  -- TriplePostProcessor.processInferredSuperclasses()
2018.03.11 19:07:25.124 GMT+08:00 INFO: 0 ms
 -- TriplePostProcessor.processInferredSuperclasses()
2018.03.11 19:07:25.128 GMT+08:00 INFO: Postprocess: Process orphan classes (1531 classes) ...  -- TriplePostProcessor.processOrphanClses()
2018.03.11 19:07:25.141 GMT+08:00 INFO: 12 ms
 -- TriplePostProcessor.processOrphanClses()
2018.03.11 19:07:25.141 GMT+08:00 INFO: Postprocess: Generalized Concept Inclusion (0 axioms) ...  -- TriplePostProcessor.processGeneralizedConceptInclusions()
2018.03.11 19:07:25.141 GMT+08:00 INFO: 0 ms
 -- TriplePostProcessor.processGeneralizedConceptInclusions()
2018.03.11 19:07:25.141 GMT+08:00 INFO: Postprocess: Abstract classes...  -- TriplePostProcessor.processAbstractClasses()
2018.03.11 19:07:25.141 GMT+08:00 INFO: 0 ms
 -- TriplePostProcessor.processAbstractClasses()
2018.03.11 19:07:25.142 GMT+08:00 INFO: Postprocess: Domain and range of properties...  -- TriplePostProcessor.processDomainAndRange()
2018.03.11 19:07:25.156 GMT+08:00 INFO: 14 ms
 -- TriplePostProcessor.processDomainAndRange()
2018.03.11 19:07:25.156 GMT+08:00 INFO: Postprocess: Possibly typed entities (193 resources) ...  -- TriplePostProcessor.processPossiblyTypedResources()
2018.03.11 19:07:25.158 GMT+08:00 INFO: 1 ms
 -- TriplePostProcessor.processPossiblyTypedResources()
2018.03.11 19:07:25.158 GMT+08:00 INFO: Updating underlying frames model in 0 ms -- ProtegeOWLParser.doFinalPostProcessing()
2018.03.15 19:53:46.134 GMT+08:00 INFO: *** SYSTEM START ***
2018.03.15 19:53:46.493 GMT+08:00 WARNING: [Local Folder Repository] The specified file must be a directory. (F:\eclipse_64\workspace\serverProject\plugins\edu.stanford.smi.protegex.owl) -- LocalFolderRepository.update()
2018.03.15 19:53:47.812 GMT+08:00 INFO: Loading triples for: file:/C:/ontologyOWL/AllOwlFile/sumoOWL2/sumo_phone3.owl -- ProtegeOWLParser.loadTriples()
2018.03.15 19:53:48.182 GMT+08:00 INFO:     Loaded 10000 triples 231 -- ProtegeOWLParser$ProtegeOWLStatementHandler.printTriplesLoadLogMessage()
2018.03.15 19:53:48.378 GMT+08:00 INFO:     Loaded 20000 triples 185 -- ProtegeOWLParser$ProtegeOWLStatementHandler.printTriplesLoadLogMessage()
2018.03.15 19:53:48.515 GMT+08:00 INFO:     Loaded 30000 triples 242 -- ProtegeOWLParser$ProtegeOWLStatementHandler.printTriplesLoadLogMessage()
2018.03.15 19:53:48.604 GMT+08:00 INFO:     Completed triple loading after 790 ms -- ProtegeOWLParser.loadTriples()
2018.03.15 19:53:48.605 GMT+08:00 INFO: Importing http://www.owl-ontologies.com/MyCamera.owl from location: C:\ontologyOWL\AllOwlFile\DxfCamera\camera.owl -- AbstractOWLModel.loadImportedAssertions()
2018.03.15 19:53:48.610 GMT+08:00 INFO: Loading triples for: http://www.owl-ontologies.com/MyCamera.owl -- ProtegeOWLParser.loadTriples()
2018.03.15 19:53:48.682 GMT+08:00 INFO:     Completed triple loading after 71 ms -- ProtegeOWLParser.loadTriples()
2018.03.15 19:53:48.682 GMT+08:00 INFO: Importing http://sqwrl.stanford.edu/ontologies/built-ins/3.4/sqwrl.owl from location: http://sqwrl.stanford.edu/ontologies/built-ins/3.4/sqwrl.owl -- AbstractOWLModel.loadImportedAssertions()
2018.03.15 19:53:52.857 GMT+08:00 INFO: Loading triples for: http://sqwrl.stanford.edu/ontologies/built-ins/3.4/sqwrl.owl -- ProtegeOWLParser.loadTriples()
2018.03.15 19:53:52.864 GMT+08:00 INFO:     Completed triple loading after 5 ms -- ProtegeOWLParser.loadTriples()
2018.03.15 19:53:52.869 GMT+08:00 INFO: Importing http://swrl.stanford.edu/ontologies/3.3/swrla.owl from location: http://swrl.stanford.edu/ontologies/3.3/swrla.owl -- AbstractOWLModel.loadImportedAssertions()
2018.03.15 19:53:54.026 GMT+08:00 INFO: Loading triples for: http://swrl.stanford.edu/ontologies/3.3/swrla.owl -- ProtegeOWLParser.loadTriples()
2018.03.15 19:53:57.545 GMT+08:00 INFO:     Completed triple loading after 3517 ms -- ProtegeOWLParser.loadTriples()
2018.03.15 19:53:57.546 GMT+08:00 INFO: Importing http://www.owl-ontologies.com/Ontology1291624979.owl from location: C:\ontologyOWL\AllOwlFile\zhaoOWL\ColorAndLight.owl -- AbstractOWLModel.loadImportedAssertions()
2018.03.15 19:53:57.553 GMT+08:00 INFO: Loading triples for: http://www.owl-ontologies.com/Ontology1291624979.owl -- ProtegeOWLParser.loadTriples()
2018.03.15 19:53:57.663 GMT+08:00 INFO:     Completed triple loading after 109 ms -- ProtegeOWLParser.loadTriples()
2018.03.15 19:53:57.665 GMT+08:00 INFO: Importing http://www.owl-ontologies.com/Ontology1496659417.owl from location: C:\ontologyOWL\AllOwlFile\InterAction\Interaction.owl -- AbstractOWLModel.loadImportedAssertions()
2018.03.15 19:53:57.668 GMT+08:00 INFO: Loading triples for: http://www.owl-ontologies.com/Ontology1496659417.owl -- ProtegeOWLParser.loadTriples()
2018.03.15 19:53:57.681 GMT+08:00 INFO:     Completed triple loading after 12 ms -- ProtegeOWLParser.loadTriples()
2018.03.15 19:53:57.681 GMT+08:00 INFO: Importing http://www.owl-ontologies.com/OntologyActionFogExpression.owl from location: C:\ontologyOWL\AllOwlFile\JialiOWL\ActionPart.owl -- AbstractOWLModel.loadImportedAssertions()
2018.03.15 19:53:57.682 GMT+08:00 INFO: Loading triples for: http://www.owl-ontologies.com/OntologyActionFogExpression.owl -- ProtegeOWLParser.loadTriples()
2018.03.15 19:53:57.717 GMT+08:00 INFO:     Completed triple loading after 34 ms -- ProtegeOWLParser.loadTriples()
2018.03.15 19:53:57.718 GMT+08:00 INFO: Importing http://www.owl-ontologies.com/OntologyEffect.owl from location: C:\ontologyOWL\AllOwlFile\LHH_Wind\Effect.owl -- AbstractOWLModel.loadImportedAssertions()
2018.03.15 19:53:57.720 GMT+08:00 INFO: Loading triples for: http://www.owl-ontologies.com/OntologyEffect.owl -- ProtegeOWLParser.loadTriples()
2018.03.15 19:53:57.753 GMT+08:00 INFO:     Completed triple loading after 33 ms -- ProtegeOWLParser.loadTriples()
2018.03.15 19:53:57.754 GMT+08:00 INFO: Importing http://www.owl-ontologies.com/Ontology1488534407.owl from location: C:\ontologyOWL\AllOwlFile\FireworkOWL\FireworkOWL.owl -- AbstractOWLModel.loadImportedAssertions()
2018.03.15 19:53:57.755 GMT+08:00 INFO: Loading triples for: http://www.owl-ontologies.com/Ontology1488534407.owl -- ProtegeOWLParser.loadTriples()
2018.03.15 19:53:57.762 GMT+08:00 INFO:     Completed triple loading after 6 ms -- ProtegeOWLParser.loadTriples()
2018.03.15 19:53:57.763 GMT+08:00 INFO: Importing http://www.owl-ontologies.com/Ontology1448934359.owl from location: C:\ontologyOWL\AllOwlFile\Event\Event.owl -- AbstractOWLModel.loadImportedAssertions()
2018.03.15 19:53:57.764 GMT+08:00 INFO: Loading triples for: http://www.owl-ontologies.com/Ontology1448934359.owl -- ProtegeOWLParser.loadTriples()
2018.03.15 19:53:57.780 GMT+08:00 INFO:     Completed triple loading after 15 ms -- ProtegeOWLParser.loadTriples()
2018.03.15 19:53:57.781 GMT+08:00 INFO: Importing http://www.ontologyportal.org/translations/SUMO.owl.txt from location: C:\ontologyOWL\AllOwlFile\sumoOWL2\imports\sumo120.owl -- AbstractOWLModel.loadImportedAssertions()
2018.03.15 19:53:57.782 GMT+08:00 INFO: Loading triples for: http://www.ontologyportal.org/translations/SUMO.owl.txt -- ProtegeOWLParser.loadTriples()
2018.03.15 19:53:57.878 GMT+08:00 INFO:     Completed triple loading after 95 ms -- ProtegeOWLParser.loadTriples()
2018.03.15 19:53:57.879 GMT+08:00 INFO: Importing http://www.owl-ontologies.com/Ontology1457533409.owl from location: C:\ontologyOWL\AllOwlFile\HLLight\TheNewLight.owl -- AbstractOWLModel.loadImportedAssertions()
2018.03.15 19:53:57.880 GMT+08:00 INFO: Loading triples for: http://www.owl-ontologies.com/Ontology1457533409.owl -- ProtegeOWLParser.loadTriples()
2018.03.15 19:53:57.892 GMT+08:00 INFO:     Completed triple loading after 12 ms -- ProtegeOWLParser.loadTriples()
2018.03.15 19:53:57.892 GMT+08:00 INFO: Importing http://www.owl-ontologies.com/Ontology1491747683.owl from location: C:\ontologyOWL\AllOwlFile\MakeBoats\MakeBoats.owl -- AbstractOWLModel.loadImportedAssertions()
2018.03.15 19:53:57.894 GMT+08:00 INFO: Loading triples for: http://www.owl-ontologies.com/Ontology1491747683.owl -- ProtegeOWLParser.loadTriples()
2018.03.15 19:53:57.897 GMT+08:00 INFO:     Completed triple loading after 3 ms -- ProtegeOWLParser.loadTriples()
2018.03.15 19:53:57.898 GMT+08:00 INFO: Importing http://www.owl-ontologies.com/Ontology1492410615.owl from location: C:\ontologyOWL\AllOwlFile\createFire\newfire.owl -- AbstractOWLModel.loadImportedAssertions()
2018.03.15 19:53:57.900 GMT+08:00 INFO: Loading triples for: http://www.owl-ontologies.com/Ontology1492410615.owl -- ProtegeOWLParser.loadTriples()
2018.03.15 19:53:57.901 GMT+08:00 INFO:     Completed triple loading after 1 ms -- ProtegeOWLParser.loadTriples()
2018.03.15 19:53:57.902 GMT+08:00 INFO: Importing http://www.owl-ontologies.com/Ontologyzhen.owl from location: C:\ontologyOWL\AllOwlFile\zhenOWL\zhen.owl -- AbstractOWLModel.loadImportedAssertions()
2018.03.15 19:53:57.903 GMT+08:00 INFO: Loading triples for: http://www.owl-ontologies.com/Ontologyzhen.owl -- ProtegeOWLParser.loadTriples()
2018.03.15 19:53:58.021 GMT+08:00 INFO:     Loaded 10000 triples 147 -- ProtegeOWLParser$ProtegeOWLStatementHandler.printTriplesLoadLogMessage()
2018.03.15 19:53:58.063 GMT+08:00 INFO:     Completed triple loading after 160 ms -- ProtegeOWLParser.loadTriples()
2018.03.15 19:53:58.063 GMT+08:00 INFO: Importing http://www.owl-ontologies.com/Ontology1357699817.owl from location: C:\ontologyOWL\AllOwlFile\Layout\sumo_phone3.owl -- AbstractOWLModel.loadImportedAssertions()
2018.03.15 19:53:58.065 GMT+08:00 INFO: Loading triples for: http://www.owl-ontologies.com/Ontology1357699817.owl -- ProtegeOWLParser.loadTriples()
2018.03.15 19:53:58.120 GMT+08:00 INFO:     Completed triple loading after 54 ms -- ProtegeOWLParser.loadTriples()
2018.03.15 19:53:58.123 GMT+08:00 INFO: Postprocess: Process entities with incorrect Java type (56 entities) ...  -- TriplePostProcessor.processFramesWithWrongJavaType()
2018.03.15 19:53:58.126 GMT+08:00 INFO: 3 ms
 -- TriplePostProcessor.processFramesWithWrongJavaType()
2018.03.15 19:53:58.126 GMT+08:00 INFO: Postprocess: Process metaclasses (3 metaclasses) ...  -- TriplePostProcessor.processMetaclasses()
2018.03.15 19:53:58.127 GMT+08:00 INFO: 1 ms
 -- TriplePostProcessor.processMetaclasses()
2018.03.15 19:53:58.127 GMT+08:00 INFO: Postprocess: Process subclasses of rdf:List (1 classes) ...  -- TriplePostProcessor.processSubclassesOfRdfList()
2018.03.15 19:53:58.127 GMT+08:00 INFO: 0 ms
 -- TriplePostProcessor.processSubclassesOfRdfList()
2018.03.15 19:53:58.127 GMT+08:00 INFO: Postprocess: Instances with multiple types (884 instances) ...  -- TriplePostProcessor.processInstancesWithMultipleTypes()
2018.03.15 19:53:58.141 GMT+08:00 INFO: 14 ms
 -- TriplePostProcessor.processInstancesWithMultipleTypes()
2018.03.15 19:53:58.426 GMT+08:00 INFO: Postprocess: Add inferred superclasses ...  -- TriplePostProcessor.processInferredSuperclasses()
2018.03.15 19:53:58.430 GMT+08:00 INFO: 4 ms
 -- TriplePostProcessor.processInferredSuperclasses()
2018.03.15 19:53:58.433 GMT+08:00 INFO: Postprocess: Process orphan classes (2376 classes) ...  -- TriplePostProcessor.processOrphanClses()
2018.03.15 19:53:58.446 GMT+08:00 INFO: 12 ms
 -- TriplePostProcessor.processOrphanClses()
2018.03.15 19:53:58.446 GMT+08:00 INFO: Postprocess: Generalized Concept Inclusion (0 axioms) ...  -- TriplePostProcessor.processGeneralizedConceptInclusions()
2018.03.15 19:53:58.446 GMT+08:00 INFO: 0 ms
 -- TriplePostProcessor.processGeneralizedConceptInclusions()
2018.03.15 19:53:58.446 GMT+08:00 INFO: Postprocess: Abstract classes...  -- TriplePostProcessor.processAbstractClasses()
2018.03.15 19:53:58.446 GMT+08:00 INFO: 0 ms
 -- TriplePostProcessor.processAbstractClasses()
2018.03.15 19:53:58.446 GMT+08:00 INFO: Postprocess: Domain and range of properties...  -- TriplePostProcessor.processDomainAndRange()
2018.03.15 19:53:58.474 GMT+08:00 INFO: 28 ms
 -- TriplePostProcessor.processDomainAndRange()
2018.03.15 19:53:58.474 GMT+08:00 INFO: Postprocess: Possibly typed entities (15 resources) ...  -- TriplePostProcessor.processPossiblyTypedResources()
2018.03.15 19:53:58.474 GMT+08:00 INFO: 0 ms
 -- TriplePostProcessor.processPossiblyTypedResources()
2018.03.15 19:53:58.474 GMT+08:00 INFO: Updating underlying frames model in 0 ms -- ProtegeOWLParser.doFinalPostProcessing()
2018.03.15 19:55:36.369 GMT+08:00 INFO: *** SYSTEM START ***
2018.03.15 19:55:36.716 GMT+08:00 WARNING: [Local Folder Repository] The specified file must be a directory. (F:\eclipse_64\workspace\serverProject\plugins\edu.stanford.smi.protegex.owl) -- LocalFolderRepository.update()
2018.03.15 19:55:37.979 GMT+08:00 INFO: Loading triples for: file:/C:/ontologyOWL/AllOwlFile/sumoOWL2/sumo_phone3.owl -- ProtegeOWLParser.loadTriples()
